1621913014318	mozrunner::runner	INFO	Running command: "C:\\Program Files\\Mozilla Firefox\\firefox.exe" "-marionette" "-foreground" "-no-remote" "-profile" "C:\\Users\\ADMINI~1\\AppData\\Local\\Temp\\rust_mozprofile.7HuV1YlNypTd"
1621913014725	addons.webextension.screenshots@mozilla.org	WARN	Loading extension 'screenshots@mozilla.org': Reading manifest: Invalid host permission: resource://pdf.js/
1621913014726	addons.webextension.screenshots@mozilla.org	WARN	Loading extension 'screenshots@mozilla.org': Reading manifest: Invalid host permission: about:reader*
1621913014838	Marionette	TRACE	Received observer notification profile-after-change
1621913014883	Marionette	TRACE	Received observer notification toplevel-window-ready
1621913014914	Marionette	TRACE	Received observer notification command-line-startup
1621913014914	Marionette	TRACE	Received observer notification nsPref:changed
1621913014914	Marionette	DEBUG	Init aborted (running=false, enabled=true, finalUIStartup=false)
1621913014986	Marionette	TRACE	Received observer notification toplevel-window-ready
1621913015877	Marionette	TRACE	Received observer notification sessionstore-windows-restored
1621913015878	Marionette	TRACE	GFX sanity window detected, waiting until it has been closed...
1621913015985	Marionette	TRACE	Received observer notification domwindowclosed
1621913015986	Marionette	TRACE	Waiting until startup recorder finished recording startup scripts...
1621913016441	Marionette	TRACE	All scripts recorded.
1621913016442	Marionette	DEBUG	Setting recommended pref apz.content_response_timeout to 60000
1621913016443	Marionette	DEBUG	Setting recommended pref browser.contentblocking.introCount to 99
1621913016443	Marionette	DEBUG	Setting recommended pref browser.download.panel.shown to true
1621913016443	Marionette	DEBUG	Setting recommended pref browser.newtabpage.enabled to false
1621913016444	Marionette	DEBUG	Setting recommended pref browser.pagethumbnails.capturing_disabled to true
1621913016445	Marionette	DEBUG	Setting recommended pref browser.search.update to false
1621913016445	Marionette	DEBUG	Setting recommended pref browser.tabs.disableBackgroundZombification to false
1621913016446	Marionette	DEBUG	Setting recommended pref browser.tabs.warnOnCloseOtherTabs to false
1621913016446	Marionette	DEBUG	Setting recommended pref browser.tabs.warnOnOpen to false
1621913016446	Marionette	DEBUG	Setting recommended pref browser.usedOnWindows10.introURL to 
1621913016446	Marionette	DEBUG	Setting recommended pref browser.urlbar.suggest.searches to false
1621913016447	Marionette	DEBUG	Setting recommended pref datareporting.policy.dataSubmissionPolicyAccepted to false
1621913016447	Marionette	DEBUG	Setting recommended pref dom.disable_beforeunload to true
1621913016448	Marionette	DEBUG	Setting recommended pref dom.disable_open_during_load to false
1621913016448	Marionette	DEBUG	Setting recommended pref dom.file.createInChild to true
1621913016448	Marionette	DEBUG	Setting recommended pref dom.max_chrome_script_run_time to 0
1621913016448	Marionette	DEBUG	Setting recommended pref dom.max_script_run_time to 0
1621913016449	Marionette	DEBUG	Setting recommended pref extensions.getAddons.cache.enabled to false
1621913016449	Marionette	DEBUG	Setting recommended pref extensions.webservice.discoverURL to http://%(server)s/dummy/discoveryURL
1621913016449	Marionette	DEBUG	Setting recommended pref network.http.prompt-temp-redirect to false
1621913016449	Marionette	DEBUG	Setting recommended pref network.http.speculative-parallel-limit to 0
1621913016449	Marionette	DEBUG	Setting recommended pref security.fileuri.strict_origin_policy to false
1621913016449	Marionette	DEBUG	Setting recommended pref security.notification_enable_delay to 0
1621913016450	Marionette	DEBUG	Setting recommended pref signon.autofillForms to false
1621913016450	Marionette	DEBUG	Setting recommended pref signon.rememberSignons to false
1621913016450	Marionette	DEBUG	Setting recommended pref toolkit.cosmeticAnimations.enabled to false
1621913016513	Marionette	INFO	Listening on port 63479
1621913016514	Marionette	DEBUG	Remote service is active
1621913016969	Marionette	DEBUG	Accepted connection 0 from 127.0.0.1:63493
1621913016970	Marionette	DEBUG	0 -> [0,1,"WebDriver:NewSession",{"acceptInsecureCerts":true,"browserName":"firefox"}]
1621913016970	Marionette	WARN	TLS certificate errors will be ignored for this session
1621913017032	Marionette	TRACE	[6442450945] Frame script loaded
1621913017033	Marionette	TRACE	[6442450945] Frame script registered
1621913017037	Marionette	DEBUG	0 <- [1,1,null,{"sessionId":"dce484f1-8d69-4143-a785-f1d96e90eb67","capabilities":{"browserName":"firefox","browserVersion":"65.0" ... ozprofile.7HuV1YlNypTd","moz:shutdownTimeout":60000,"moz:useNonSpecCompliantPointerOrigin":false,"moz:webdriverClick":true}}]
1621913017041	Marionette	DEBUG	0 -> [0,2,"WebDriver:Navigate",{"url":"https://www.baidu.com"}]
1621913017049	Marionette	TRACE	[6442450945] Received DOM event beforeunload for about:blank
1621913017156	Marionette	TRACE	[6442450945] Received DOM event pagehide for about:blank
1621913017796	Marionette	TRACE	[6442450945] Received DOM event DOMContentLoaded for https://www.baidu.com/
1621913018206	Marionette	TRACE	[6442450945] Received DOM event pageshow for https://www.baidu.com/
1621913018207	Marionette	DEBUG	0 <- [1,2,null,{"value":null}]
1621913018215	Marionette	DEBUG	0 -> [0,3,"WebDriver:CloseWindow",{}]
1621913018215	Marionette	DEBUG	0 <- [1,3,null,[]]
1621913018218	Marionette	DEBUG	0 -> [0,4,"Marionette:Quit",{"flags":["eForceQuit"]}]
1621913018219	Marionette	INFO	Stopped listening on port 63479
1621913018313	Marionette	DEBUG	0 <- [1,4,null,{"cause":"shutdown"}]
[Parent 25700, Gecko_IOThread] WARNING: pipe error: 109: file z:/build/build/src/ipc/chromium/src/chrome/common/ipc_channel_win.cc, line 332
[Child 10192, Chrome_ChildThread] WARNING: pipe error: 109: file z:/build/build/src/ipc/chromium/src/chrome/common/ipc_channel_win.cc, line 332
[Child 10192, Chrome_ChildThread] WARNING: pipe error: 109: file z:/build/build/src/ipc/chromium/src/chrome/common/ipc_channel_win.cc, line 332
[Parent 25700, Gecko_IOThread] WARNING: pipe error: 109: file z:/build/build/src/ipc/chromium/src/chrome/common/ipc_channel_win.cc, line 332
1621913018383	Marionette	DEBUG	Closed connection 0
[Parent 25700, Gecko_IOThread] WARNING: pipe error: 109: file z:/build/build/src/ipc/chromium/src/chrome/common/ipc_channel_win.cc, line 332
1621913018507	Marionette	TRACE	Received observer notification xpcom-will-shutdown
1621913018507	Marionette	DEBUG	Resetting recommended pref apz.content_response_timeout
1621913018507	Marionette	DEBUG	Resetting recommended pref browser.contentblocking.introCount
1621913018508	Marionette	DEBUG	Resetting recommended pref browser.download.panel.shown
1621913018508	Marionette	DEBUG	Resetting recommended pref browser.newtabpage.enabled
1621913018509	Marionette	DEBUG	Resetting recommended pref browser.pagethumbnails.capturing_disabled
1621913018509	Marionette	DEBUG	Resetting recommended pref browser.search.update
1621913018509	Marionette	DEBUG	Resetting recommended pref browser.tabs.disableBackgroundZombification
1621913018509	Marionette	DEBUG	Resetting recommended pref browser.tabs.warnOnCloseOtherTabs
1621913018509	Marionette	DEBUG	Resetting recommended pref browser.tabs.warnOnOpen
1621913018509	Marionette	DEBUG	Resetting recommended pref browser.usedOnWindows10.introURL
1621913018509	Marionette	DEBUG	Resetting recommended pref browser.urlbar.suggest.searches
1621913018510	Marionette	DEBUG	Resetting recommended pref datareporting.policy.dataSubmissionPolicyAccepted
1621913018510	Marionette	DEBUG	Resetting recommended pref dom.disable_beforeunload
1621913018510	Marionette	DEBUG	Resetting recommended pref dom.disable_open_during_load
1621913018510	Marionette	DEBUG	Resetting recommended pref dom.file.createInChild
1621913018510	Marionette	DEBUG	Resetting recommended pref dom.max_chrome_script_run_time
1621913018510	Marionette	DEBUG	Resetting recommended pref dom.max_script_run_time
1621913018511	Marionette	DEBUG	Resetting recommended pref extensions.getAddons.cache.enabled
1621913018511	Marionette	DEBUG	Resetting recommended pref extensions.webservice.discoverURL
1621913018511	Marionette	DEBUG	Resetting recommended pref network.http.prompt-temp-redirect
1621913018511	Marionette	DEBUG	Resetting recommended pref network.http.speculative-parallel-limit
1621913018511	Marionette	DEBUG	Resetting recommended pref security.fileuri.strict_origin_policy
1621913018511	Marionette	DEBUG	Resetting recommended pref security.notification_enable_delay
1621913018511	Marionette	DEBUG	Resetting recommended pref signon.autofillForms
1621913018512	Marionette	DEBUG	Resetting recommended pref signon.rememberSignons
1621913018512	Marionette	DEBUG	Resetting recommended pref toolkit.cosmeticAnimations.enabled
1621913018512	Marionette	DEBUG	Remote service is inactive

###!!! [Child][RunMessage] Error: Channel closing: too late to send/recv, messages will be lost

[GPU 20004, Chrome_ChildThread] WARNING: pipe error: 109: file z:/build/build/src/ipc/chromium/src/chrome/common/ipc_channel_win.cc, line 332

###!!! [Child][MessageChannel::SendAndWait] Error: Channel error: cannot send/recv

1621913030824	mozrunner::runner	INFO	Running command: "C:\\Program Files\\Mozilla Firefox\\firefox.exe" "-marionette" "-foreground" "-no-remote" "-profile" "C:\\Users\\ADMINI~1\\AppData\\Local\\Temp\\rust_mozprofile.NCY3aXcGqyMm"
1621913031175	addons.webextension.screenshots@mozilla.org	WARN	Loading extension 'screenshots@mozilla.org': Reading manifest: Invalid host permission: resource://pdf.js/
1621913031176	addons.webextension.screenshots@mozilla.org	WARN	Loading extension 'screenshots@mozilla.org': Reading manifest: Invalid host permission: about:reader*
1621913031276	Marionette	TRACE	Received observer notification profile-after-change
1621913031322	Marionette	TRACE	Received observer notification toplevel-window-ready
1621913031355	Marionette	TRACE	Received observer notification command-line-startup
1621913031355	Marionette	TRACE	Received observer notification nsPref:changed
1621913031355	Marionette	DEBUG	Init aborted (running=false, enabled=true, finalUIStartup=false)
1621913031425	Marionette	TRACE	Received observer notification toplevel-window-ready
1621913032279	Marionette	TRACE	Received observer notification sessionstore-windows-restored
1621913032279	Marionette	TRACE	GFX sanity window detected, waiting until it has been closed...
1621913032396	Marionette	TRACE	Received observer notification domwindowclosed
1621913032397	Marionette	TRACE	Waiting until startup recorder finished recording startup scripts...
1621913032767	Marionette	TRACE	All scripts recorded.
1621913032767	Marionette	DEBUG	Setting recommended pref apz.content_response_timeout to 60000
1621913032767	Marionette	DEBUG	Setting recommended pref browser.contentblocking.introCount to 99
1621913032768	Marionette	DEBUG	Setting recommended pref browser.download.panel.shown to true
1621913032768	Marionette	DEBUG	Setting recommended pref browser.newtabpage.enabled to false
1621913032769	Marionette	DEBUG	Setting recommended pref browser.pagethumbnails.capturing_disabled to true
1621913032769	Marionette	DEBUG	Setting recommended pref browser.search.update to false
1621913032769	Marionette	DEBUG	Setting recommended pref browser.tabs.disableBackgroundZombification to false
1621913032770	Marionette	DEBUG	Setting recommended pref browser.tabs.warnOnCloseOtherTabs to false
1621913032770	Marionette	DEBUG	Setting recommended pref browser.tabs.warnOnOpen to false
1621913032770	Marionette	DEBUG	Setting recommended pref browser.usedOnWindows10.introURL to 
1621913032770	Marionette	DEBUG	Setting recommended pref browser.urlbar.suggest.searches to false
1621913032771	Marionette	DEBUG	Setting recommended pref datareporting.policy.dataSubmissionPolicyAccepted to false
1621913032771	Marionette	DEBUG	Setting recommended pref dom.disable_beforeunload to true
1621913032771	Marionette	DEBUG	Setting recommended pref dom.disable_open_during_load to false
1621913032771	Marionette	DEBUG	Setting recommended pref dom.file.createInChild to true
1621913032772	Marionette	DEBUG	Setting recommended pref dom.max_chrome_script_run_time to 0
1621913032772	Marionette	DEBUG	Setting recommended pref dom.max_script_run_time to 0
1621913032773	Marionette	DEBUG	Setting recommended pref extensions.getAddons.cache.enabled to false
1621913032773	Marionette	DEBUG	Setting recommended pref extensions.webservice.discoverURL to http://%(server)s/dummy/discoveryURL
1621913032773	Marionette	DEBUG	Setting recommended pref network.http.prompt-temp-redirect to false
1621913032773	Marionette	DEBUG	Setting recommended pref network.http.speculative-parallel-limit to 0
1621913032773	Marionette	DEBUG	Setting recommended pref security.fileuri.strict_origin_policy to false
1621913032773	Marionette	DEBUG	Setting recommended pref security.notification_enable_delay to 0
1621913032773	Marionette	DEBUG	Setting recommended pref signon.autofillForms to false
1621913032774	Marionette	DEBUG	Setting recommended pref signon.rememberSignons to false
1621913032774	Marionette	DEBUG	Setting recommended pref toolkit.cosmeticAnimations.enabled to false
1621913032820	Marionette	INFO	Listening on port 62657
1621913032821	Marionette	DEBUG	Remote service is active
1621913032853	Marionette	DEBUG	Accepted connection 0 from 127.0.0.1:62658
1621913032855	Marionette	DEBUG	0 -> [0,1,"WebDriver:NewSession",{"acceptInsecureCerts":true,"browserName":"firefox"}]
1621913032856	Marionette	WARN	TLS certificate errors will be ignored for this session
1621913032923	Marionette	TRACE	[6442450945] Frame script loaded
1621913032927	Marionette	TRACE	[6442450945] Frame script registered
1621913032933	Marionette	DEBUG	0 <- [1,1,null,{"sessionId":"bb8b54f7-2e37-47d9-8b13-ef33bb6f8ca2","capabilities":{"browserName":"firefox","browserVersion":"65.0" ... ozprofile.NCY3aXcGqyMm","moz:shutdownTimeout":60000,"moz:useNonSpecCompliantPointerOrigin":false,"moz:webdriverClick":true}}]
1621913032938	Marionette	DEBUG	0 -> [0,2,"WebDriver:Navigate",{"url":"https://www.baidu.com"}]
1621913032945	Marionette	TRACE	[6442450945] Received DOM event beforeunload for about:blank
1621913033032	Marionette	TRACE	[6442450945] Received DOM event pagehide for about:blank
1621913033482	Marionette	TRACE	[6442450945] Received DOM event DOMContentLoaded for https://www.baidu.com/
1621913033583	Marionette	TRACE	[6442450945] Received DOM event pageshow for https://www.baidu.com/
1621913033584	Marionette	DEBUG	0 <- [1,2,null,{"value":null}]
1621913033587	Marionette	DEBUG	0 -> [0,3,"WebDriver:CloseWindow",{}]
1621913033587	Marionette	DEBUG	0 <- [1,3,null,[]]
1621913033599	Marionette	DEBUG	0 -> [0,4,"Marionette:Quit",{"flags":["eForceQuit"]}]
1621913033599	Marionette	INFO	Stopped listening on port 62657
1621913033702	Marionette	DEBUG	0 <- [1,4,null,{"cause":"shutdown"}]
[Child 12192, Chrome_ChildThread] WARNING: pipe error: 109: file z:/build/build/src/ipc/chromium/src/chrome/common/ipc_channel_win.cc, line 332
[Child 12192, Chrome_ChildThread] WARNING: pipe error: 109: file z:/build/build/src/ipc/chromium/src/chrome/common/ipc_channel_win.cc, line 332
JavaScript error: resource://gre/modules/WebProgressChild.jsm, line 58: TypeError: this.mm.content is null
[Child 13796, Chrome_ChildThread] WARNING: pipe error: 232: file z:/build/build/src/ipc/chromium/src/chrome/common/ipc_channel_win.cc, line 493
[Child 13796, Chrome_ChildThread] WARNING: pipe error: 109: file z:/build/build/src/ipc/chromium/src/chrome/common/ipc_channel_win.cc, line 332
1621913033765	Marionette	DEBUG	Closed connection 0
[Child 32724, Chrome_ChildThread] WARNING: pipe error: 109: file z:/build/build/src/ipc/chromium/src/chrome/common/ipc_channel_win.cc, line 332
1621913033885	Marionette	TRACE	Received observer notification xpcom-will-shutdown
1621913033885	Marionette	DEBUG	Resetting recommended pref apz.content_response_timeout
1621913033885	Marionette	DEBUG	Resetting recommended pref browser.contentblocking.introCount
1621913033886	Marionette	DEBUG	Resetting recommended pref browser.download.panel.shown
1621913033886	Marionette	DEBUG	Resetting recommended pref browser.newtabpage.enabled
1621913033886	Marionette	DEBUG	Resetting recommended pref browser.pagethumbnails.capturing_disabled
1621913033886	Marionette	DEBUG	Resetting recommended pref browser.search.update
1621913033886	Marionette	DEBUG	Resetting recommended pref browser.tabs.disableBackgroundZombification
1621913033886	Marionette	DEBUG	Resetting recommended pref browser.tabs.warnOnCloseOtherTabs
1621913033886	Marionette	DEBUG	Resetting recommended pref browser.tabs.warnOnOpen
1621913033886	Marionette	DEBUG	Resetting recommended pref browser.usedOnWindows10.introURL
1621913033886	Marionette	DEBUG	Resetting recommended pref browser.urlbar.suggest.searches
1621913033886	Marionette	DEBUG	Resetting recommended pref datareporting.policy.dataSubmissionPolicyAccepted
1621913033886	Marionette	DEBUG	Resetting recommended pref dom.disable_beforeunload
1621913033886	Marionette	DEBUG	Resetting recommended pref dom.disable_open_during_load
1621913033887	Marionette	DEBUG	Resetting recommended pref dom.file.createInChild
1621913033887	Marionette	DEBUG	Resetting recommended pref dom.max_chrome_script_run_time
1621913033887	Marionette	DEBUG	Resetting recommended pref dom.max_script_run_time
1621913033887	Marionette	DEBUG	Resetting recommended pref extensions.getAddons.cache.enabled
1621913033887	Marionette	DEBUG	Resetting recommended pref extensions.webservice.discoverURL
1621913033887	Marionette	DEBUG	Resetting recommended pref network.http.prompt-temp-redirect
1621913033887	Marionette	DEBUG	Resetting recommended pref network.http.speculative-parallel-limit
1621913033887	Marionette	DEBUG	Resetting recommended pref security.fileuri.strict_origin_policy
1621913033887	Marionette	DEBUG	Resetting recommended pref security.notification_enable_delay
1621913033887	Marionette	DEBUG	Resetting recommended pref signon.autofillForms
1621913033887	Marionette	DEBUG	Resetting recommended pref signon.rememberSignons
1621913033887	Marionette	DEBUG	Resetting recommended pref toolkit.cosmeticAnimations.enabled
1621913033887	Marionette	DEBUG	Remote service is inactive

###!!! [Child][RunMessage] Error: Channel closing: too late to send/recv, messages will be lost

[GPU 31020, Chrome_ChildThread] WARNING: pipe error: 109: file z:/build/build/src/ipc/chromium/src/chrome/common/ipc_channel_win.cc, line 332
1621913119607	mozrunner::runner	INFO	Running command: "C:\\Program Files\\Mozilla Firefox\\firefox.exe" "-marionette" "-foreground" "-no-remote" "-profile" "C:\\Users\\ADMINI~1\\AppData\\Local\\Temp\\rust_mozprofile.ziEdw9ivQdnV"
1621913119938	addons.webextension.screenshots@mozilla.org	WARN	Loading extension 'screenshots@mozilla.org': Reading manifest: Invalid host permission: resource://pdf.js/
1621913119938	addons.webextension.screenshots@mozilla.org	WARN	Loading extension 'screenshots@mozilla.org': Reading manifest: Invalid host permission: about:reader*
1621913120037	Marionette	TRACE	Received observer notification profile-after-change
1621913120084	Marionette	TRACE	Received observer notification toplevel-window-ready
1621913120115	Marionette	TRACE	Received observer notification command-line-startup
1621913120116	Marionette	TRACE	Received observer notification nsPref:changed
1621913120116	Marionette	DEBUG	Init aborted (running=false, enabled=true, finalUIStartup=false)
1621913120181	Marionette	TRACE	Received observer notification toplevel-window-ready
1621913121064	Marionette	TRACE	Received observer notification sessionstore-windows-restored
1621913121064	Marionette	TRACE	Waiting until startup recorder finished recording startup scripts...
1621913121463	Marionette	TRACE	All scripts recorded.
1621913121464	Marionette	DEBUG	Setting recommended pref apz.content_response_timeout to 60000
1621913121464	Marionette	DEBUG	Setting recommended pref browser.contentblocking.introCount to 99
1621913121464	Marionette	DEBUG	Setting recommended pref browser.download.panel.shown to true
1621913121464	Marionette	DEBUG	Setting recommended pref browser.newtabpage.enabled to false
1621913121465	Marionette	DEBUG	Setting recommended pref browser.pagethumbnails.capturing_disabled to true
1621913121465	Marionette	DEBUG	Setting recommended pref browser.search.update to false
1621913121465	Marionette	DEBUG	Setting recommended pref browser.tabs.disableBackgroundZombification to false
1621913121466	Marionette	DEBUG	Setting recommended pref browser.tabs.warnOnCloseOtherTabs to false
1621913121466	Marionette	DEBUG	Setting recommended pref browser.tabs.warnOnOpen to false
1621913121466	Marionette	DEBUG	Setting recommended pref browser.usedOnWindows10.introURL to 
1621913121466	Marionette	DEBUG	Setting recommended pref browser.urlbar.suggest.searches to false
1621913121467	Marionette	DEBUG	Setting recommended pref datareporting.policy.dataSubmissionPolicyAccepted to false
1621913121467	Marionette	DEBUG	Setting recommended pref dom.disable_beforeunload to true
1621913121467	Marionette	DEBUG	Setting recommended pref dom.disable_open_during_load to false
1621913121467	Marionette	DEBUG	Setting recommended pref dom.file.createInChild to true
1621913121467	Marionette	DEBUG	Setting recommended pref dom.max_chrome_script_run_time to 0
1621913121467	Marionette	DEBUG	Setting recommended pref dom.max_script_run_time to 0
1621913121468	Marionette	DEBUG	Setting recommended pref extensions.getAddons.cache.enabled to false
1621913121468	Marionette	DEBUG	Setting recommended pref extensions.webservice.discoverURL to http://%(server)s/dummy/discoveryURL
1621913121468	Marionette	DEBUG	Setting recommended pref network.http.prompt-temp-redirect to false
1621913121468	Marionette	DEBUG	Setting recommended pref network.http.speculative-parallel-limit to 0
1621913121468	Marionette	DEBUG	Setting recommended pref security.fileuri.strict_origin_policy to false
1621913121468	Marionette	DEBUG	Setting recommended pref security.notification_enable_delay to 0
1621913121468	Marionette	DEBUG	Setting recommended pref signon.autofillForms to false
1621913121468	Marionette	DEBUG	Setting recommended pref signon.rememberSignons to false
1621913121468	Marionette	DEBUG	Setting recommended pref toolkit.cosmeticAnimations.enabled to false
1621913121513	Marionette	INFO	Listening on port 63717
1621913121513	Marionette	DEBUG	Remote service is active
1621913121647	Marionette	DEBUG	Accepted connection 0 from 127.0.0.1:63718
1621913121649	Marionette	DEBUG	0 -> [0,1,"WebDriver:NewSession",{"acceptInsecureCerts":true,"browserName":"firefox"}]
1621913121649	Marionette	WARN	TLS certificate errors will be ignored for this session
1621913121727	Marionette	TRACE	[6442450945] Frame script loaded
1621913121732	Marionette	TRACE	[6442450945] Frame script registered
1621913121737	Marionette	DEBUG	0 <- [1,1,null,{"sessionId":"0d51a9cc-36aa-4ab8-bb79-5025295aaebe","capabilities":{"browserName":"firefox","browserVersion":"65.0" ... ozprofile.ziEdw9ivQdnV","moz:shutdownTimeout":60000,"moz:useNonSpecCompliantPointerOrigin":false,"moz:webdriverClick":true}}]
1621913123761	Marionette	DEBUG	0 -> [0,2,"WebDriver:Navigate",{"url":"https://www.baidu.com"}]
1621913123781	Marionette	TRACE	[6442450945] Received DOM event beforeunload for about:blank
1621913124028	Marionette	TRACE	[6442450945] Received DOM event pagehide for about:blank
1621913124428	Marionette	TRACE	[6442450945] Received DOM event DOMContentLoaded for https://www.baidu.com/
1621913124710	Marionette	TRACE	[6442450945] Received DOM event pageshow for https://www.baidu.com/
1621913124712	Marionette	DEBUG	0 <- [1,2,null,{"value":null}]
1621913126718	Marionette	DEBUG	0 -> [0,3,"WebDriver:CloseWindow",{}]
1621913126720	Marionette	DEBUG	0 <- [1,3,null,[]]
1621913126725	Marionette	DEBUG	0 -> [0,4,"Marionette:Quit",{"flags":["eForceQuit"]}]
1621913126726	Marionette	INFO	Stopped listening on port 63717
1621913126816	Marionette	DEBUG	0 <- [1,4,null,{"cause":"shutdown"}]
[Parent 29208, Gecko_IOThread] WARNING: pipe error: 109: file z:/build/build/src/ipc/chromium/src/chrome/common/ipc_channel_win.cc, line 332
[Child 15176, Chrome_ChildThread] WARNING: pipe error: 109: file z:/build/build/src/ipc/chromium/src/chrome/common/ipc_channel_win.cc, line 332
[Child 15176, Chrome_ChildThread] WARNING: pipe error: 109: file z:/build/build/src/ipc/chromium/src/chrome/common/ipc_channel_win.cc, line 332
[Parent 29208, Gecko_IOThread] WARNING: pipe error: 109: file z:/build/build/src/ipc/chromium/src/chrome/common/ipc_channel_win.cc, line 332
1621913126880	Marionette	DEBUG	Closed connection 0
[Child 17152, Chrome_ChildThread] WARNING: pipe error: 109: file z:/build/build/src/ipc/chromium/src/chrome/common/ipc_channel_win.cc, line 332
[Child 17152, Chrome_ChildThread] WARNING: pipe error: 109: file z:/build/build/src/ipc/chromium/src/chrome/common/ipc_channel_win.cc, line 332
1621913127001	Marionette	TRACE	Received observer notification xpcom-will-shutdown
1621913127001	Marionette	DEBUG	Resetting recommended pref apz.content_response_timeout
1621913127001	Marionette	DEBUG	Resetting recommended pref browser.contentblocking.introCount
1621913127001	Marionette	DEBUG	Resetting recommended pref browser.download.panel.shown
1621913127001	Marionette	DEBUG	Resetting recommended pref browser.newtabpage.enabled
1621913127001	Marionette	DEBUG	Resetting recommended pref browser.pagethumbnails.capturing_disabled
1621913127001	Marionette	DEBUG	Resetting recommended pref browser.search.update
1621913127001	Marionette	DEBUG	Resetting recommended pref browser.tabs.disableBackgroundZombification
1621913127002	Marionette	DEBUG	Resetting recommended pref browser.tabs.warnOnCloseOtherTabs
1621913127002	Marionette	DEBUG	Resetting recommended pref browser.tabs.warnOnOpen
1621913127002	Marionette	DEBUG	Resetting recommended pref browser.usedOnWindows10.introURL
1621913127002	Marionette	DEBUG	Resetting recommended pref browser.urlbar.suggest.searches
1621913127002	Marionette	DEBUG	Resetting recommended pref datareporting.policy.dataSubmissionPolicyAccepted
1621913127002	Marionette	DEBUG	Resetting recommended pref dom.disable_beforeunload
1621913127002	Marionette	DEBUG	Resetting recommended pref dom.disable_open_during_load
1621913127002	Marionette	DEBUG	Resetting recommended pref dom.file.createInChild
1621913127002	Marionette	DEBUG	Resetting recommended pref dom.max_chrome_script_run_time
1621913127002	Marionette	DEBUG	Resetting recommended pref dom.max_script_run_time
1621913127002	Marionette	DEBUG	Resetting recommended pref extensions.getAddons.cache.enabled
1621913127002	Marionette	DEBUG	Resetting recommended pref extensions.webservice.discoverURL
1621913127002	Marionette	DEBUG	Resetting recommended pref network.http.prompt-temp-redirect
1621913127002	Marionette	DEBUG	Resetting recommended pref network.http.speculative-parallel-limit
1621913127002	Marionette	DEBUG	Resetting recommended pref security.fileuri.strict_origin_policy
1621913127003	Marionette	DEBUG	Resetting recommended pref security.notification_enable_delay
1621913127003	Marionette	DEBUG	Resetting recommended pref signon.autofillForms
1621913127003	Marionette	DEBUG	Resetting recommended pref signon.rememberSignons
1621913127003	Marionette	DEBUG	Resetting recommended pref toolkit.cosmeticAnimations.enabled
1621913127003	Marionette	DEBUG	Remote service is inactive

###!!! [Child][RunMessage] Error: Channel closing: too late to send/recv, messages will be lost

[GPU 31088, Chrome_ChildThread] WARNING: pipe error: 109: file z:/build/build/src/ipc/chromium/src/chrome/common/ipc_channel_win.cc, line 332
1621913468485	mozrunner::runner	INFO	Running command: "C:\\Program Files\\Mozilla Firefox\\firefox.exe" "-marionette" "-foreground" "-no-remote" "-profile" "C:\\Users\\ADMINI~1\\AppData\\Local\\Temp\\rust_mozprofile.FgNtkKIG9LVw"
1621913468833	addons.webextension.screenshots@mozilla.org	WARN	Loading extension 'screenshots@mozilla.org': Reading manifest: Invalid host permission: resource://pdf.js/
1621913468833	addons.webextension.screenshots@mozilla.org	WARN	Loading extension 'screenshots@mozilla.org': Reading manifest: Invalid host permission: about:reader*
1621913468927	Marionette	TRACE	Received observer notification profile-after-change
1621913468975	Marionette	TRACE	Received observer notification toplevel-window-ready
1621913469007	Marionette	TRACE	Received observer notification command-line-startup
1621913469007	Marionette	TRACE	Received observer notification nsPref:changed
1621913469007	Marionette	DEBUG	Init aborted (running=false, enabled=true, finalUIStartup=false)
1621913469069	Marionette	TRACE	Received observer notification toplevel-window-ready
1621913469886	Marionette	TRACE	Received observer notification sessionstore-windows-restored
1621913469886	Marionette	TRACE	Waiting until startup recorder finished recording startup scripts...
1621913470224	Marionette	TRACE	All scripts recorded.
1621913470224	Marionette	DEBUG	Setting recommended pref apz.content_response_timeout to 60000
1621913470224	Marionette	DEBUG	Setting recommended pref browser.contentblocking.introCount to 99
1621913470224	Marionette	DEBUG	Setting recommended pref browser.download.panel.shown to true
1621913470225	Marionette	DEBUG	Setting recommended pref browser.newtabpage.enabled to false
1621913470225	Marionette	DEBUG	Setting recommended pref browser.pagethumbnails.capturing_disabled to true
1621913470226	Marionette	DEBUG	Setting recommended pref browser.search.update to false
1621913470226	Marionette	DEBUG	Setting recommended pref browser.tabs.disableBackgroundZombification to false
1621913470226	Marionette	DEBUG	Setting recommended pref browser.tabs.warnOnCloseOtherTabs to false
1621913470226	Marionette	DEBUG	Setting recommended pref browser.tabs.warnOnOpen to false
1621913470226	Marionette	DEBUG	Setting recommended pref browser.usedOnWindows10.introURL to 
1621913470227	Marionette	DEBUG	Setting recommended pref browser.urlbar.suggest.searches to false
1621913470227	Marionette	DEBUG	Setting recommended pref datareporting.policy.dataSubmissionPolicyAccepted to false
1621913470227	Marionette	DEBUG	Setting recommended pref dom.disable_beforeunload to true
1621913470227	Marionette	DEBUG	Setting recommended pref dom.disable_open_during_load to false
1621913470227	Marionette	DEBUG	Setting recommended pref dom.file.createInChild to true
1621913470227	Marionette	DEBUG	Setting recommended pref dom.max_chrome_script_run_time to 0
1621913470228	Marionette	DEBUG	Setting recommended pref dom.max_script_run_time to 0
1621913470228	Marionette	DEBUG	Setting recommended pref extensions.getAddons.cache.enabled to false
1621913470228	Marionette	DEBUG	Setting recommended pref extensions.webservice.discoverURL to http://%(server)s/dummy/discoveryURL
1621913470228	Marionette	DEBUG	Setting recommended pref network.http.prompt-temp-redirect to false
1621913470228	Marionette	DEBUG	Setting recommended pref network.http.speculative-parallel-limit to 0
1621913470228	Marionette	DEBUG	Setting recommended pref security.fileuri.strict_origin_policy to false
1621913470228	Marionette	DEBUG	Setting recommended pref security.notification_enable_delay to 0
1621913470229	Marionette	DEBUG	Setting recommended pref signon.autofillForms to false
1621913470229	Marionette	DEBUG	Setting recommended pref signon.rememberSignons to false
1621913470229	Marionette	DEBUG	Setting recommended pref toolkit.cosmeticAnimations.enabled to false
1621913470266	Marionette	INFO	Listening on port 63818
1621913470266	Marionette	DEBUG	Remote service is active
1621913470538	Marionette	DEBUG	Accepted connection 0 from 127.0.0.1:63819
1621913470540	Marionette	DEBUG	0 -> [0,1,"WebDriver:NewSession",{"acceptInsecureCerts":true,"browserName":"firefox"}]
1621913470540	Marionette	WARN	TLS certificate errors will be ignored for this session
1621913470582	Marionette	TRACE	[6442450945] Frame script loaded
1621913470583	Marionette	TRACE	[6442450945] Frame script registered
1621913470588	Marionette	DEBUG	0 <- [1,1,null,{"sessionId":"6f1b68df-6b4d-4040-a5ab-89b408c2f67a","capabilities":{"browserName":"firefox","browserVersion":"65.0" ... ozprofile.FgNtkKIG9LVw","moz:shutdownTimeout":60000,"moz:useNonSpecCompliantPointerOrigin":false,"moz:webdriverClick":true}}]
1621913472599	Marionette	DEBUG	0 -> [0,2,"WebDriver:Navigate",{"url":"https://www.baidu.com"}]
1621913472619	Marionette	TRACE	[6442450945] Received DOM event beforeunload for about:blank
1621913472741	Marionette	TRACE	[6442450945] Received DOM event pagehide for about:blank
1621913473059	Marionette	TRACE	[6442450945] Received DOM event DOMContentLoaded for https://www.baidu.com/
1621913473179	Marionette	TRACE	[6442450945] Received DOM event pageshow for https://www.baidu.com/
1621913473181	Marionette	DEBUG	0 <- [1,2,null,{"value":null}]
1621913475194	Marionette	DEBUG	0 -> [0,3,"WebDriver:CloseWindow",{}]
1621913475196	Marionette	DEBUG	0 <- [1,3,null,[]]
1621913475198	Marionette	DEBUG	0 -> [0,4,"Marionette:Quit",{"flags":["eForceQuit"]}]
1621913475199	Marionette	INFO	Stopped listening on port 63818
1621913475292	Marionette	DEBUG	0 <- [1,4,null,{"cause":"shutdown"}]
[Parent 25784, Gecko_IOThread] WARNING: pipe error: 109: file z:/build/build/src/ipc/chromium/src/chrome/common/ipc_channel_win.cc, line 332
[Child 21848, Chrome_ChildThread] WARNING: pipe error: 109: file z:/build/build/src/ipc/chromium/src/chrome/common/ipc_channel_win.cc, line 332
[Child 21848, Chrome_ChildThread] WARNING: pipe error: 109: file z:/build/build/src/ipc/chromium/src/chrome/common/ipc_channel_win.cc, line 332
[Child 17584, Chrome_ChildThread] WARNING: pipe error: 109: file z:/build/build/src/ipc/chromium/src/chrome/common/ipc_channel_win.cc, line 332
1621913475347	Marionette	DEBUG	Closed connection 0
1621913475461	Marionette	TRACE	Received observer notification xpcom-will-shutdown
1621913475461	Marionette	DEBUG	Resetting recommended pref apz.content_response_timeout
1621913475461	Marionette	DEBUG	Resetting recommended pref browser.contentblocking.introCount
1621913475461	Marionette	DEBUG	Resetting recommended pref browser.download.panel.shown
1621913475461	Marionette	DEBUG	Resetting recommended pref browser.newtabpage.enabled
1621913475461	Marionette	DEBUG	Resetting recommended pref browser.pagethumbnails.capturing_disabled
1621913475461	Marionette	DEBUG	Resetting recommended pref browser.search.update
1621913475461	Marionette	DEBUG	Resetting recommended pref browser.tabs.disableBackgroundZombification
1621913475461	Marionette	DEBUG	Resetting recommended pref browser.tabs.warnOnCloseOtherTabs
1621913475461	Marionette	DEBUG	Resetting recommended pref browser.tabs.warnOnOpen
1621913475461	Marionette	DEBUG	Resetting recommended pref browser.usedOnWindows10.introURL
1621913475461	Marionette	DEBUG	Resetting recommended pref browser.urlbar.suggest.searches
1621913475462	Marionette	DEBUG	Resetting recommended pref datareporting.policy.dataSubmissionPolicyAccepted
1621913475462	Marionette	DEBUG	Resetting recommended pref dom.disable_beforeunload
1621913475462	Marionette	DEBUG	Resetting recommended pref dom.disable_open_during_load
1621913475462	Marionette	DEBUG	Resetting recommended pref dom.file.createInChild
1621913475462	Marionette	DEBUG	Resetting recommended pref dom.max_chrome_script_run_time
1621913475462	Marionette	DEBUG	Resetting recommended pref dom.max_script_run_time
1621913475462	Marionette	DEBUG	Resetting recommended pref extensions.getAddons.cache.enabled
1621913475462	Marionette	DEBUG	Resetting recommended pref extensions.webservice.discoverURL
1621913475462	Marionette	DEBUG	Resetting recommended pref network.http.prompt-temp-redirect
1621913475462	Marionette	DEBUG	Resetting recommended pref network.http.speculative-parallel-limit
1621913475462	Marionette	DEBUG	Resetting recommended pref security.fileuri.strict_origin_policy
1621913475462	Marionette	DEBUG	Resetting recommended pref security.notification_enable_delay
1621913475462	Marionette	DEBUG	Resetting recommended pref signon.autofillForms
1621913475462	Marionette	DEBUG	Resetting recommended pref signon.rememberSignons
1621913475462	Marionette	DEBUG	Resetting recommended pref toolkit.cosmeticAnimations.enabled
1621913475463	Marionette	DEBUG	Remote service is inactive
[GPU 19364, Chrome_ChildThread] WARNING: pipe error: 109: file z:/build/build/src/ipc/chromium/src/chrome/common/ipc_channel_win.cc, line 332

###!!! [Child][RunMessage] Error: Channel closing: too late to send/recv, messages will be lost


###!!! [Child][MessageChannel::SendAndWait] Error: Channel error: cannot send/recv

1621913755907	mozrunner::runner	INFO	Running command: "C:\\Program Files\\Mozilla Firefox\\firefox.exe" "-marionette" "-foreground" "-no-remote" "-profile" "C:\\Users\\ADMINI~1\\AppData\\Local\\Temp\\rust_mozprofile.d24kKBQsiwwS"
1621913756251	addons.webextension.screenshots@mozilla.org	WARN	Loading extension 'screenshots@mozilla.org': Reading manifest: Invalid host permission: resource://pdf.js/
1621913756251	addons.webextension.screenshots@mozilla.org	WARN	Loading extension 'screenshots@mozilla.org': Reading manifest: Invalid host permission: about:reader*
1621913756350	Marionette	TRACE	Received observer notification profile-after-change
1621913756399	Marionette	TRACE	Received observer notification toplevel-window-ready
1621913756428	Marionette	TRACE	Received observer notification command-line-startup
1621913756428	Marionette	TRACE	Received observer notification nsPref:changed
1621913756428	Marionette	DEBUG	Init aborted (running=false, enabled=true, finalUIStartup=false)
1621913756494	Marionette	TRACE	Received observer notification toplevel-window-ready
1621913757362	Marionette	TRACE	Received observer notification sessionstore-windows-restored
1621913757362	Marionette	TRACE	Waiting until startup recorder finished recording startup scripts...
1621913757484	Marionette	TRACE	All scripts recorded.
1621913757484	Marionette	DEBUG	Setting recommended pref apz.content_response_timeout to 60000
1621913757484	Marionette	DEBUG	Setting recommended pref browser.contentblocking.introCount to 99
1621913757484	Marionette	DEBUG	Setting recommended pref browser.download.panel.shown to true
1621913757484	Marionette	DEBUG	Setting recommended pref browser.newtabpage.enabled to false
1621913757485	Marionette	DEBUG	Setting recommended pref browser.pagethumbnails.capturing_disabled to true
1621913757485	Marionette	DEBUG	Setting recommended pref browser.search.update to false
1621913757485	Marionette	DEBUG	Setting recommended pref browser.tabs.disableBackgroundZombification to false
1621913757485	Marionette	DEBUG	Setting recommended pref browser.tabs.warnOnCloseOtherTabs to false
1621913757485	Marionette	DEBUG	Setting recommended pref browser.tabs.warnOnOpen to false
1621913757486	Marionette	DEBUG	Setting recommended pref browser.usedOnWindows10.introURL to 
1621913757486	Marionette	DEBUG	Setting recommended pref browser.urlbar.suggest.searches to false
1621913757486	Marionette	DEBUG	Setting recommended pref datareporting.policy.dataSubmissionPolicyAccepted to false
1621913757486	Marionette	DEBUG	Setting recommended pref dom.disable_beforeunload to true
1621913757486	Marionette	DEBUG	Setting recommended pref dom.disable_open_during_load to false
1621913757486	Marionette	DEBUG	Setting recommended pref dom.file.createInChild to true
1621913757486	Marionette	DEBUG	Setting recommended pref dom.max_chrome_script_run_time to 0
1621913757487	Marionette	DEBUG	Setting recommended pref dom.max_script_run_time to 0
1621913757487	Marionette	DEBUG	Setting recommended pref extensions.getAddons.cache.enabled to false
1621913757487	Marionette	DEBUG	Setting recommended pref extensions.webservice.discoverURL to http://%(server)s/dummy/discoveryURL
1621913757487	Marionette	DEBUG	Setting recommended pref network.http.prompt-temp-redirect to false
1621913757487	Marionette	DEBUG	Setting recommended pref network.http.speculative-parallel-limit to 0
1621913757487	Marionette	DEBUG	Setting recommended pref security.fileuri.strict_origin_policy to false
1621913757487	Marionette	DEBUG	Setting recommended pref security.notification_enable_delay to 0
1621913757487	Marionette	DEBUG	Setting recommended pref signon.autofillForms to false
1621913757487	Marionette	DEBUG	Setting recommended pref signon.rememberSignons to false
1621913757487	Marionette	DEBUG	Setting recommended pref toolkit.cosmeticAnimations.enabled to false
1621913757553	Marionette	INFO	Listening on port 63904
1621913757553	Marionette	DEBUG	Remote service is active
1621913757962	Marionette	DEBUG	Accepted connection 0 from 127.0.0.1:63905
1621913757963	Marionette	DEBUG	0 -> [0,1,"WebDriver:NewSession",{"acceptInsecureCerts":true,"browserName":"firefox"}]
1621913757963	Marionette	WARN	TLS certificate errors will be ignored for this session
1621913758006	Marionette	TRACE	[6442450945] Frame script loaded
1621913758008	Marionette	TRACE	[6442450945] Frame script registered
1621913758012	Marionette	DEBUG	0 <- [1,1,null,{"sessionId":"a1d8f612-5801-4576-b10a-0eebfbcdc885","capabilities":{"browserName":"firefox","browserVersion":"65.0" ... ozprofile.d24kKBQsiwwS","moz:shutdownTimeout":60000,"moz:useNonSpecCompliantPointerOrigin":false,"moz:webdriverClick":true}}]
1621913760023	Marionette	DEBUG	0 -> [0,2,"WebDriver:SetWindowRect",{"height":1000,"width":800,"x":null,"y":null}]
1621913760076	Marionette	DEBUG	0 <- [1,2,null,{"x":4,"y":4,"width":800,"height":1000,"state":"normal"}]
1621913760080	Marionette	DEBUG	0 -> [0,3,"WebDriver:Navigate",{"url":"https://www.baidu.com"}]
1621913760085	Marionette	TRACE	[6442450945] Received DOM event beforeunload for about:blank
1621913760186	Marionette	TRACE	[6442450945] Received DOM event pagehide for about:blank
1621913760610	Marionette	TRACE	[6442450945] Received DOM event DOMContentLoaded for https://www.baidu.com/
1621913760804	Marionette	TRACE	[6442450945] Received DOM event pageshow for https://www.baidu.com/
1621913760805	Marionette	DEBUG	0 <- [1,3,null,{"value":null}]
1621913762816	Marionette	DEBUG	0 -> [0,4,"WebDriver:CloseWindow",{}]
1621913762818	Marionette	DEBUG	0 <- [1,4,null,[]]
1621913762820	Marionette	DEBUG	0 -> [0,5,"Marionette:Quit",{"flags":["eForceQuit"]}]
1621913762821	Marionette	INFO	Stopped listening on port 63904
1621913762919	Marionette	DEBUG	0 <- [1,5,null,{"cause":"shutdown"}]
[Child 10084, Chrome_ChildThread] WARNING: pipe error: 109: file z:/build/build/src/ipc/chromium/src/chrome/common/ipc_channel_win.cc, line 332
[Parent 29128, Gecko_IOThread] WARNING: pipe error: 109: file z:/build/build/src/ipc/chromium/src/chrome/common/ipc_channel_win.cc, line 332
[Child 19452, Chrome_ChildThread] WARNING: pipe error: 109: file z:/build/build/src/ipc/chromium/src/chrome/common/ipc_channel_win.cc, line 332
1621913762967	Marionette	DEBUG	Closed connection 0
[Parent 29128, Gecko_IOThread] WARNING: pipe error: 109: file z:/build/build/src/ipc/chromium/src/chrome/common/ipc_channel_win.cc, line 332
1621913763085	Marionette	TRACE	Received observer notification xpcom-will-shutdown
1621913763085	Marionette	DEBUG	Resetting recommended pref apz.content_response_timeout
1621913763085	Marionette	DEBUG	Resetting recommended pref browser.contentblocking.introCount
1621913763085	Marionette	DEBUG	Resetting recommended pref browser.download.panel.shown
1621913763085	Marionette	DEBUG	Resetting recommended pref browser.newtabpage.enabled
1621913763085	Marionette	DEBUG	Resetting recommended pref browser.pagethumbnails.capturing_disabled
1621913763086	Marionette	DEBUG	Resetting recommended pref browser.search.update
1621913763086	Marionette	DEBUG	Resetting recommended pref browser.tabs.disableBackgroundZombification
1621913763086	Marionette	DEBUG	Resetting recommended pref browser.tabs.warnOnCloseOtherTabs
1621913763086	Marionette	DEBUG	Resetting recommended pref browser.tabs.warnOnOpen
1621913763086	Marionette	DEBUG	Resetting recommended pref browser.usedOnWindows10.introURL
1621913763086	Marionette	DEBUG	Resetting recommended pref browser.urlbar.suggest.searches
1621913763086	Marionette	DEBUG	Resetting recommended pref datareporting.policy.dataSubmissionPolicyAccepted
1621913763086	Marionette	DEBUG	Resetting recommended pref dom.disable_beforeunload
1621913763086	Marionette	DEBUG	Resetting recommended pref dom.disable_open_during_load
1621913763086	Marionette	DEBUG	Resetting recommended pref dom.file.createInChild
1621913763086	Marionette	DEBUG	Resetting recommended pref dom.max_chrome_script_run_time
1621913763086	Marionette	DEBUG	Resetting recommended pref dom.max_script_run_time
1621913763086	Marionette	DEBUG	Resetting recommended pref extensions.getAddons.cache.enabled
1621913763087	Marionette	DEBUG	Resetting recommended pref extensions.webservice.discoverURL
1621913763087	Marionette	DEBUG	Resetting recommended pref network.http.prompt-temp-redirect
1621913763087	Marionette	DEBUG	Resetting recommended pref network.http.speculative-parallel-limit
1621913763087	Marionette	DEBUG	Resetting recommended pref security.fileuri.strict_origin_policy
1621913763087	Marionette	DEBUG	Resetting recommended pref security.notification_enable_delay
1621913763087	Marionette	DEBUG	Resetting recommended pref signon.autofillForms
1621913763087	Marionette	DEBUG	Resetting recommended pref signon.rememberSignons
1621913763087	Marionette	DEBUG	Resetting recommended pref toolkit.cosmeticAnimations.enabled
1621913763087	Marionette	DEBUG	Remote service is inactive
[GPU 28540, Chrome_ChildThread] WARNING: pipe error: 109: file z:/build/build/src/ipc/chromium/src/chrome/common/ipc_channel_win.cc, line 332

###!!! [Child][RunMessage] Error: Channel closing: too late to send/recv, messages will be lost

1621913854251	mozrunner::runner	INFO	Running command: "C:\\Program Files\\Mozilla Firefox\\firefox.exe" "-marionette" "-foreground" "-no-remote" "-profile" "C:\\Users\\ADMINI~1\\AppData\\Local\\Temp\\rust_mozprofile.joReGlk9REze"
1621913854591	addons.webextension.screenshots@mozilla.org	WARN	Loading extension 'screenshots@mozilla.org': Reading manifest: Invalid host permission: resource://pdf.js/
1621913854591	addons.webextension.screenshots@mozilla.org	WARN	Loading extension 'screenshots@mozilla.org': Reading manifest: Invalid host permission: about:reader*
1621913854690	Marionette	TRACE	Received observer notification profile-after-change
1621913854738	Marionette	TRACE	Received observer notification toplevel-window-ready
1621913854771	Marionette	TRACE	Received observer notification command-line-startup
1621913854771	Marionette	TRACE	Received observer notification nsPref:changed
1621913854772	Marionette	DEBUG	Init aborted (running=false, enabled=true, finalUIStartup=false)
1621913854835	Marionette	TRACE	Received observer notification toplevel-window-ready
1621913855705	Marionette	TRACE	Received observer notification sessionstore-windows-restored
1621913855706	Marionette	TRACE	Waiting until startup recorder finished recording startup scripts...
1621913855997	Marionette	TRACE	All scripts recorded.
1621913855997	Marionette	DEBUG	Setting recommended pref apz.content_response_timeout to 60000
1621913855997	Marionette	DEBUG	Setting recommended pref browser.contentblocking.introCount to 99
1621913855997	Marionette	DEBUG	Setting recommended pref browser.download.panel.shown to true
1621913855997	Marionette	DEBUG	Setting recommended pref browser.newtabpage.enabled to false
1621913855998	Marionette	DEBUG	Setting recommended pref browser.pagethumbnails.capturing_disabled to true
1621913855998	Marionette	DEBUG	Setting recommended pref browser.search.update to false
1621913855999	Marionette	DEBUG	Setting recommended pref browser.tabs.disableBackgroundZombification to false
1621913855999	Marionette	DEBUG	Setting recommended pref browser.tabs.warnOnCloseOtherTabs to false
1621913855999	Marionette	DEBUG	Setting recommended pref browser.tabs.warnOnOpen to false
1621913855999	Marionette	DEBUG	Setting recommended pref browser.usedOnWindows10.introURL to 
1621913855999	Marionette	DEBUG	Setting recommended pref browser.urlbar.suggest.searches to false
1621913856000	Marionette	DEBUG	Setting recommended pref datareporting.policy.dataSubmissionPolicyAccepted to false
1621913856000	Marionette	DEBUG	Setting recommended pref dom.disable_beforeunload to true
1621913856000	Marionette	DEBUG	Setting recommended pref dom.disable_open_during_load to false
1621913856000	Marionette	DEBUG	Setting recommended pref dom.file.createInChild to true
1621913856000	Marionette	DEBUG	Setting recommended pref dom.max_chrome_script_run_time to 0
1621913856000	Marionette	DEBUG	Setting recommended pref dom.max_script_run_time to 0
1621913856001	Marionette	DEBUG	Setting recommended pref extensions.getAddons.cache.enabled to false
1621913856001	Marionette	DEBUG	Setting recommended pref extensions.webservice.discoverURL to http://%(server)s/dummy/discoveryURL
1621913856001	Marionette	DEBUG	Setting recommended pref network.http.prompt-temp-redirect to false
1621913856001	Marionette	DEBUG	Setting recommended pref network.http.speculative-parallel-limit to 0
1621913856001	Marionette	DEBUG	Setting recommended pref security.fileuri.strict_origin_policy to false
1621913856001	Marionette	DEBUG	Setting recommended pref security.notification_enable_delay to 0
1621913856002	Marionette	DEBUG	Setting recommended pref signon.autofillForms to false
1621913856002	Marionette	DEBUG	Setting recommended pref signon.rememberSignons to false
1621913856002	Marionette	DEBUG	Setting recommended pref toolkit.cosmeticAnimations.enabled to false
1621913856036	Marionette	INFO	Listening on port 63963
1621913856036	Marionette	DEBUG	Remote service is active
1621913856296	Marionette	DEBUG	Accepted connection 0 from 127.0.0.1:63964
1621913856297	Marionette	DEBUG	0 -> [0,1,"WebDriver:NewSession",{"acceptInsecureCerts":true,"browserName":"firefox"}]
1621913856297	Marionette	WARN	TLS certificate errors will be ignored for this session
1621913856335	Marionette	TRACE	[6442450945] Frame script loaded
1621913856337	Marionette	TRACE	[6442450945] Frame script registered
1621913856342	Marionette	DEBUG	0 <- [1,1,null,{"sessionId":"555a3bb5-b727-421c-9cc9-816eefb7dcbd","capabilities":{"browserName":"firefox","browserVersion":"65.0" ... ozprofile.joReGlk9REze","moz:shutdownTimeout":60000,"moz:useNonSpecCompliantPointerOrigin":false,"moz:webdriverClick":true}}]
1621913858359	Marionette	DEBUG	0 -> [0,2,"WebDriver:MaximizeWindow",{}]
1621913858361	Marionette	DEBUG	0 <- [1,2,null,{"x":-8,"y":-8,"width":1382,"height":744,"state":"maximized"}]
1621913858366	Marionette	DEBUG	0 -> [0,3,"WebDriver:Navigate",{"url":"https://www.baidu.com"}]
1621913858383	Marionette	TRACE	[6442450945] Received DOM event beforeunload for about:blank
1621913858488	Marionette	TRACE	[6442450945] Received DOM event pagehide for about:blank
1621913858900	Marionette	TRACE	[6442450945] Received DOM event DOMContentLoaded for https://www.baidu.com/
1621913859040	Marionette	TRACE	[6442450945] Received DOM event pageshow for https://www.baidu.com/
1621913859041	Marionette	DEBUG	0 <- [1,3,null,{"value":null}]
1621913861057	Marionette	DEBUG	0 -> [0,4,"WebDriver:CloseWindow",{}]
1621913861058	Marionette	DEBUG	0 <- [1,4,null,[]]
1621913861060	Marionette	DEBUG	0 -> [0,5,"Marionette:Quit",{"flags":["eForceQuit"]}]
1621913861061	Marionette	INFO	Stopped listening on port 63963
1621913861165	Marionette	DEBUG	0 <- [1,5,null,{"cause":"shutdown"}]
[Child 29652, Chrome_ChildThread] WARNING: pipe error: 109: file z:/build/build/src/ipc/chromium/src/chrome/common/ipc_channel_win.cc, line 332
[Child 29652, Chrome_ChildThread] WARNING: pipe error: 109: file z:/build/build/src/ipc/chromium/src/chrome/common/ipc_channel_win.cc, line 332
[Parent 31760, Gecko_IOThread] WARNING: pipe error: 109: file z:/build/build/src/ipc/chromium/src/chrome/common/ipc_channel_win.cc, line 332
1621913861215	Marionette	DEBUG	Closed connection 0
[Parent 31760, Gecko_IOThread] WARNING: pipe error: 109: file z:/build/build/src/ipc/chromium/src/chrome/common/ipc_channel_win.cc, line 332
[Child 12544, Chrome_ChildThread] WARNING: pipe error: 109: file z:/build/build/src/ipc/chromium/src/chrome/common/ipc_channel_win.cc, line 332
1621913861323	Marionette	TRACE	Received observer notification xpcom-will-shutdown
1621913861323	Marionette	DEBUG	Resetting recommended pref apz.content_response_timeout
1621913861323	Marionette	DEBUG	Resetting recommended pref browser.contentblocking.introCount
1621913861323	Marionette	DEBUG	Resetting recommended pref browser.download.panel.shown
1621913861323	Marionette	DEBUG	Resetting recommended pref browser.newtabpage.enabled
1621913861323	Marionette	DEBUG	Resetting recommended pref browser.pagethumbnails.capturing_disabled
1621913861323	Marionette	DEBUG	Resetting recommended pref browser.search.update
1621913861323	Marionette	DEBUG	Resetting recommended pref browser.tabs.disableBackgroundZombification
1621913861323	Marionette	DEBUG	Resetting recommended pref browser.tabs.warnOnCloseOtherTabs
1621913861323	Marionette	DEBUG	Resetting recommended pref browser.tabs.warnOnOpen
1621913861324	Marionette	DEBUG	Resetting recommended pref browser.usedOnWindows10.introURL
1621913861324	Marionette	DEBUG	Resetting recommended pref browser.urlbar.suggest.searches
1621913861324	Marionette	DEBUG	Resetting recommended pref datareporting.policy.dataSubmissionPolicyAccepted
1621913861324	Marionette	DEBUG	Resetting recommended pref dom.disable_beforeunload
1621913861324	Marionette	DEBUG	Resetting recommended pref dom.disable_open_during_load
1621913861324	Marionette	DEBUG	Resetting recommended pref dom.file.createInChild
1621913861324	Marionette	DEBUG	Resetting recommended pref dom.max_chrome_script_run_time
1621913861324	Marionette	DEBUG	Resetting recommended pref dom.max_script_run_time
1621913861324	Marionette	DEBUG	Resetting recommended pref extensions.getAddons.cache.enabled
1621913861324	Marionette	DEBUG	Resetting recommended pref extensions.webservice.discoverURL
1621913861324	Marionette	DEBUG	Resetting recommended pref network.http.prompt-temp-redirect
1621913861324	Marionette	DEBUG	Resetting recommended pref network.http.speculative-parallel-limit
1621913861324	Marionette	DEBUG	Resetting recommended pref security.fileuri.strict_origin_policy
1621913861324	Marionette	DEBUG	Resetting recommended pref security.notification_enable_delay
1621913861324	Marionette	DEBUG	Resetting recommended pref signon.autofillForms
1621913861324	Marionette	DEBUG	Resetting recommended pref signon.rememberSignons
1621913861325	Marionette	DEBUG	Resetting recommended pref toolkit.cosmeticAnimations.enabled
1621913861325	Marionette	DEBUG	Remote service is inactive

###!!! [Child][RunMessage] Error: Channel closing: too late to send/recv, messages will be lost

[GPU 19156, Chrome_ChildThread] WARNING: pipe error: 109: file z:/build/build/src/ipc/chromium/src/chrome/common/ipc_channel_win.cc, line 332

###!!! [Child][MessageChannel::SendAndWait] Error: Channel error: cannot send/recv

1621914416852	mozrunner::runner	INFO	Running command: "C:\\Program Files\\Mozilla Firefox\\firefox.exe" "-marionette" "-foreground" "-no-remote" "-profile" "C:\\Users\\ADMINI~1\\AppData\\Local\\Temp\\rust_mozprofile.5qIBTrXXbAuH"
1621914417200	addons.webextension.screenshots@mozilla.org	WARN	Loading extension 'screenshots@mozilla.org': Reading manifest: Invalid host permission: resource://pdf.js/
1621914417200	addons.webextension.screenshots@mozilla.org	WARN	Loading extension 'screenshots@mozilla.org': Reading manifest: Invalid host permission: about:reader*
1621914417296	Marionette	TRACE	Received observer notification profile-after-change
1621914417341	Marionette	TRACE	Received observer notification toplevel-window-ready
1621914417372	Marionette	TRACE	Received observer notification command-line-startup
1621914417372	Marionette	TRACE	Received observer notification nsPref:changed
1621914417372	Marionette	DEBUG	Init aborted (running=false, enabled=true, finalUIStartup=false)
1621914417435	Marionette	TRACE	Received observer notification toplevel-window-ready
1621914418279	Marionette	TRACE	Received observer notification sessionstore-windows-restored
1621914418280	Marionette	TRACE	Waiting until startup recorder finished recording startup scripts...
1621914418598	Marionette	TRACE	All scripts recorded.
1621914418599	Marionette	DEBUG	Setting recommended pref apz.content_response_timeout to 60000
1621914418599	Marionette	DEBUG	Setting recommended pref browser.contentblocking.introCount to 99
1621914418599	Marionette	DEBUG	Setting recommended pref browser.download.panel.shown to true
1621914418599	Marionette	DEBUG	Setting recommended pref browser.newtabpage.enabled to false
1621914418600	Marionette	DEBUG	Setting recommended pref browser.pagethumbnails.capturing_disabled to true
1621914418601	Marionette	DEBUG	Setting recommended pref browser.search.update to false
1621914418601	Marionette	DEBUG	Setting recommended pref browser.tabs.disableBackgroundZombification to false
1621914418601	Marionette	DEBUG	Setting recommended pref browser.tabs.warnOnCloseOtherTabs to false
1621914418601	Marionette	DEBUG	Setting recommended pref browser.tabs.warnOnOpen to false
1621914418602	Marionette	DEBUG	Setting recommended pref browser.usedOnWindows10.introURL to 
1621914418602	Marionette	DEBUG	Setting recommended pref browser.urlbar.suggest.searches to false
1621914418602	Marionette	DEBUG	Setting recommended pref datareporting.policy.dataSubmissionPolicyAccepted to false
1621914418603	Marionette	DEBUG	Setting recommended pref dom.disable_beforeunload to true
1621914418603	Marionette	DEBUG	Setting recommended pref dom.disable_open_during_load to false
1621914418603	Marionette	DEBUG	Setting recommended pref dom.file.createInChild to true
1621914418603	Marionette	DEBUG	Setting recommended pref dom.max_chrome_script_run_time to 0
1621914418603	Marionette	DEBUG	Setting recommended pref dom.max_script_run_time to 0
1621914418603	Marionette	DEBUG	Setting recommended pref extensions.getAddons.cache.enabled to false
1621914418603	Marionette	DEBUG	Setting recommended pref extensions.webservice.discoverURL to http://%(server)s/dummy/discoveryURL
1621914418604	Marionette	DEBUG	Setting recommended pref network.http.prompt-temp-redirect to false
1621914418604	Marionette	DEBUG	Setting recommended pref network.http.speculative-parallel-limit to 0
1621914418604	Marionette	DEBUG	Setting recommended pref security.fileuri.strict_origin_policy to false
1621914418604	Marionette	DEBUG	Setting recommended pref security.notification_enable_delay to 0
1621914418604	Marionette	DEBUG	Setting recommended pref signon.autofillForms to false
1621914418604	Marionette	DEBUG	Setting recommended pref signon.rememberSignons to false
1621914418604	Marionette	DEBUG	Setting recommended pref toolkit.cosmeticAnimations.enabled to false
1621914418641	Marionette	INFO	Listening on port 59580
1621914418641	Marionette	DEBUG	Remote service is active
1621914418912	Marionette	DEBUG	Accepted connection 0 from 127.0.0.1:59581
1621914418913	Marionette	DEBUG	0 -> [0,1,"WebDriver:NewSession",{"acceptInsecureCerts":true,"browserName":"firefox"}]
1621914418914	Marionette	WARN	TLS certificate errors will be ignored for this session
1621914418954	Marionette	TRACE	[6442450945] Frame script loaded
1621914418955	Marionette	TRACE	[6442450945] Frame script registered
1621914418959	Marionette	DEBUG	0 <- [1,1,null,{"sessionId":"6ed2ddcb-1e26-4243-9941-5f5d06f96c20","capabilities":{"browserName":"firefox","browserVersion":"65.0" ... ozprofile.5qIBTrXXbAuH","moz:shutdownTimeout":60000,"moz:useNonSpecCompliantPointerOrigin":false,"moz:webdriverClick":true}}]
1621914418965	Marionette	DEBUG	0 -> [0,2,"WebDriver:MaximizeWindow",{}]
1621914418965	Marionette	DEBUG	0 <- [1,2,null,{"x":-8,"y":-8,"width":1382,"height":744,"state":"maximized"}]
1621914418967	Marionette	DEBUG	0 -> [0,3,"WebDriver:Navigate",{"url":"https://wwww.baidu.com"}]
1621914418972	Marionette	TRACE	[6442450945] Received DOM event beforeunload for about:blank
1621914419631	Marionette	TRACE	[6442450945] Received DOM event pagehide for about:blank
1621914420034	Marionette	TRACE	[6442450945] Received DOM event DOMContentLoaded for https://www.baidu.com/
1621914420183	Marionette	TRACE	[6442450945] Received DOM event pageshow for https://www.baidu.com/
1621914420185	Marionette	DEBUG	0 <- [1,3,null,{"value":null}]
1621914422204	Marionette	DEBUG	0 -> [0,4,"WebDriver:Navigate",{"url":"https://www.jd.com"}]
1621914422213	Marionette	TRACE	[6442450945] Received DOM event beforeunload for https://www.baidu.com/
1621914422705	Marionette	TRACE	[6442450945] Received DOM event pagehide for https://www.baidu.com/
1621914422708	Marionette	TRACE	[6442450945] Received DOM event unload for https://www.baidu.com/
1621914423246	Marionette	TRACE	[6442450945] Received DOM event DOMContentLoaded for https://www.jd.com/
1621914424830	Marionette	TRACE	[6442450945] Received DOM event pageshow for https://www.jd.com/
1621914424831	Marionette	DEBUG	0 <- [1,4,null,{"value":null}]
1621914426851	Marionette	DEBUG	0 -> [0,5,"WebDriver:Back",{}]
1621914426857	Marionette	TRACE	[6442450945] Received DOM event beforeunload for https://www.jd.com/
1621914426935	Marionette	TRACE	[6442450945] Received DOM event pagehide for https://www.jd.com/
1621914426936	Marionette	TRACE	[6442450945] Received DOM event unload for https://www.jd.com/
1621914427141	Marionette	TRACE	[6442450945] Received DOM event DOMContentLoaded for https://www.baidu.com/
1621914427209	Marionette	TRACE	[6442450945] Received DOM event pageshow for https://www.baidu.com/
1621914427210	Marionette	DEBUG	0 <- [1,5,null,{"value":null}]
1621914429225	Marionette	DEBUG	0 -> [0,6,"WebDriver:Forward",{}]
1621914429235	Marionette	TRACE	[6442450945] Received DOM event beforeunload for https://www.baidu.com/
1621914429357	Marionette	TRACE	[6442450945] Received DOM event pagehide for https://www.baidu.com/
1621914429359	Marionette	TRACE	[6442450945] Received DOM event unload for https://www.baidu.com/
1621914429673	Marionette	TRACE	[6442450945] Received DOM event DOMContentLoaded for https://www.jd.com/
1621914430159	Marionette	TRACE	[6442450945] Received DOM event pageshow for https://www.jd.com/
1621914430160	Marionette	DEBUG	0 <- [1,6,null,{"value":null}]
1621914432178	Marionette	DEBUG	0 -> [0,7,"WebDriver:Refresh",{}]
1621914432186	Marionette	TRACE	[6442450945] Received DOM event beforeunload for https://www.jd.com/
1621914432331	Marionette	TRACE	[6442450945] Received DOM event pagehide for https://www.jd.com/
1621914432332	Marionette	TRACE	[6442450945] Received DOM event unload for https://www.jd.com/
1621914432941	Marionette	TRACE	[6442450945] Received DOM event DOMContentLoaded for https://www.jd.com/
1621914436161	Marionette	TRACE	[6442450945] Received DOM event pageshow for https://www.jd.com/
1621914436163	Marionette	DEBUG	0 <- [1,7,null,{"value":null}]
1621914438176	Marionette	DEBUG	0 -> [0,8,"WebDriver:CloseWindow",{}]
1621914438179	Marionette	DEBUG	0 <- [1,8,null,[]]
1621914438182	Marionette	DEBUG	0 -> [0,9,"Marionette:Quit",{"flags":["eForceQuit"]}]
1621914438184	Marionette	INFO	Stopped listening on port 59580
1621914438282	Marionette	DEBUG	0 <- [1,9,null,{"cause":"shutdown"}]
[Parent 18736, Gecko_IOThread] WARNING: pipe error: 109: file z:/build/build/src/ipc/chromium/src/chrome/common/ipc_channel_win.cc, line 332
[Child 31604, Chrome_ChildThread] WARNING: pipe error: 109: file z:/build/build/src/ipc/chromium/src/chrome/common/ipc_channel_win.cc, line 332
[Child 31604, Chrome_ChildThread] WARNING: pipe error: 109: file z:/build/build/src/ipc/chromium/src/chrome/common/ipc_channel_win.cc, line 332
1621914438336	Marionette	DEBUG	Closed connection 0
[Parent 18736, Gecko_IOThread] WARNING: pipe error: 109: file z:/build/build/src/ipc/chromium/src/chrome/common/ipc_channel_win.cc, line 332
[Child 21160, Chrome_ChildThread] WARNING: pipe error: 109: file z:/build/build/src/ipc/chromium/src/chrome/common/ipc_channel_win.cc, line 332
[Child 21160, Chrome_ChildThread] WARNING: pipe error: 109: file z:/build/build/src/ipc/chromium/src/chrome/common/ipc_channel_win.cc, line 332
[Parent 18736, Gecko_IOThread] WARNING: pipe error: 109: file z:/build/build/src/ipc/chromium/src/chrome/common/ipc_channel_win.cc, line 332
1621914438457	Marionette	TRACE	Received observer notification xpcom-will-shutdown
1621914438457	Marionette	DEBUG	Resetting recommended pref apz.content_response_timeout
1621914438457	Marionette	DEBUG	Resetting recommended pref browser.contentblocking.introCount
1621914438458	Marionette	DEBUG	Resetting recommended pref browser.download.panel.shown
1621914438458	Marionette	DEBUG	Resetting recommended pref browser.newtabpage.enabled
1621914438458	Marionette	DEBUG	Resetting recommended pref browser.pagethumbnails.capturing_disabled
1621914438458	Marionette	DEBUG	Resetting recommended pref browser.search.update
1621914438458	Marionette	DEBUG	Resetting recommended pref browser.tabs.disableBackgroundZombification
1621914438458	Marionette	DEBUG	Resetting recommended pref browser.tabs.warnOnCloseOtherTabs
1621914438458	Marionette	DEBUG	Resetting recommended pref browser.tabs.warnOnOpen
1621914438459	Marionette	DEBUG	Resetting recommended pref browser.usedOnWindows10.introURL
1621914438459	Marionette	DEBUG	Resetting recommended pref browser.urlbar.suggest.searches
1621914438460	Marionette	DEBUG	Resetting recommended pref datareporting.policy.dataSubmissionPolicyAccepted
1621914438460	Marionette	DEBUG	Resetting recommended pref dom.disable_beforeunload
1621914438460	Marionette	DEBUG	Resetting recommended pref dom.disable_open_during_load
1621914438460	Marionette	DEBUG	Resetting recommended pref dom.file.createInChild
1621914438460	Marionette	DEBUG	Resetting recommended pref dom.max_chrome_script_run_time
1621914438460	Marionette	DEBUG	Resetting recommended pref dom.max_script_run_time
1621914438460	Marionette	DEBUG	Resetting recommended pref extensions.getAddons.cache.enabled
1621914438461	Marionette	DEBUG	Resetting recommended pref extensions.webservice.discoverURL
1621914438461	Marionette	DEBUG	Resetting recommended pref network.http.prompt-temp-redirect
1621914438461	Marionette	DEBUG	Resetting recommended pref network.http.speculative-parallel-limit
1621914438461	Marionette	DEBUG	Resetting recommended pref security.fileuri.strict_origin_policy
1621914438461	Marionette	DEBUG	Resetting recommended pref security.notification_enable_delay
1621914438461	Marionette	DEBUG	Resetting recommended pref signon.autofillForms
1621914438461	Marionette	DEBUG	Resetting recommended pref signon.rememberSignons
1621914438461	Marionette	DEBUG	Resetting recommended pref toolkit.cosmeticAnimations.enabled
1621914438461	Marionette	DEBUG	Remote service is inactive
[GPU 20332, Chrome_ChildThread] WARNING: pipe error: 109: file z:/build/build/src/ipc/chromium/src/chrome/common/ipc_channel_win.cc, line 332

###!!! [Child][RunMessage] Error: Channel closing: too late to send/recv, messages will be lost


###!!! [Child][MessageChannel::SendAndWait] Error: Channel error: cannot send/recv

1621915132176	mozrunner::runner	INFO	Running command: "C:\\Program Files\\Mozilla Firefox\\firefox.exe" "-marionette" "-foreground" "-no-remote" "-profile" "C:\\Users\\ADMINI~1\\AppData\\Local\\Temp\\rust_mozprofile.h2Lxx8tsfPWK"
1621915132519	addons.webextension.screenshots@mozilla.org	WARN	Loading extension 'screenshots@mozilla.org': Reading manifest: Invalid host permission: resource://pdf.js/
1621915132519	addons.webextension.screenshots@mozilla.org	WARN	Loading extension 'screenshots@mozilla.org': Reading manifest: Invalid host permission: about:reader*
1621915132620	Marionette	TRACE	Received observer notification profile-after-change
1621915132669	Marionette	TRACE	Received observer notification toplevel-window-ready
1621915132701	Marionette	TRACE	Received observer notification command-line-startup
1621915132701	Marionette	TRACE	Received observer notification nsPref:changed
1621915132701	Marionette	DEBUG	Init aborted (running=false, enabled=true, finalUIStartup=false)
1621915132766	Marionette	TRACE	Received observer notification toplevel-window-ready
1621915133652	Marionette	TRACE	Received observer notification sessionstore-windows-restored
1621915133652	Marionette	TRACE	Waiting until startup recorder finished recording startup scripts...
1621915134017	Marionette	TRACE	All scripts recorded.
1621915134017	Marionette	DEBUG	Setting recommended pref apz.content_response_timeout to 60000
1621915134017	Marionette	DEBUG	Setting recommended pref browser.contentblocking.introCount to 99
1621915134017	Marionette	DEBUG	Setting recommended pref browser.download.panel.shown to true
1621915134018	Marionette	DEBUG	Setting recommended pref browser.newtabpage.enabled to false
1621915134018	Marionette	DEBUG	Setting recommended pref browser.pagethumbnails.capturing_disabled to true
1621915134019	Marionette	DEBUG	Setting recommended pref browser.search.update to false
1621915134019	Marionette	DEBUG	Setting recommended pref browser.tabs.disableBackgroundZombification to false
1621915134019	Marionette	DEBUG	Setting recommended pref browser.tabs.warnOnCloseOtherTabs to false
1621915134019	Marionette	DEBUG	Setting recommended pref browser.tabs.warnOnOpen to false
1621915134019	Marionette	DEBUG	Setting recommended pref browser.usedOnWindows10.introURL to 
1621915134019	Marionette	DEBUG	Setting recommended pref browser.urlbar.suggest.searches to false
1621915134020	Marionette	DEBUG	Setting recommended pref datareporting.policy.dataSubmissionPolicyAccepted to false
1621915134020	Marionette	DEBUG	Setting recommended pref dom.disable_beforeunload to true
1621915134020	Marionette	DEBUG	Setting recommended pref dom.disable_open_during_load to false
1621915134020	Marionette	DEBUG	Setting recommended pref dom.file.createInChild to true
1621915134020	Marionette	DEBUG	Setting recommended pref dom.max_chrome_script_run_time to 0
1621915134020	Marionette	DEBUG	Setting recommended pref dom.max_script_run_time to 0
1621915134021	Marionette	DEBUG	Setting recommended pref extensions.getAddons.cache.enabled to false
1621915134021	Marionette	DEBUG	Setting recommended pref extensions.webservice.discoverURL to http://%(server)s/dummy/discoveryURL
1621915134021	Marionette	DEBUG	Setting recommended pref network.http.prompt-temp-redirect to false
1621915134021	Marionette	DEBUG	Setting recommended pref network.http.speculative-parallel-limit to 0
1621915134021	Marionette	DEBUG	Setting recommended pref security.fileuri.strict_origin_policy to false
1621915134021	Marionette	DEBUG	Setting recommended pref security.notification_enable_delay to 0
1621915134021	Marionette	DEBUG	Setting recommended pref signon.autofillForms to false
1621915134021	Marionette	DEBUG	Setting recommended pref signon.rememberSignons to false
1621915134021	Marionette	DEBUG	Setting recommended pref toolkit.cosmeticAnimations.enabled to false
1621915134059	Marionette	INFO	Listening on port 64762
1621915134059	Marionette	DEBUG	Remote service is active
1621915134219	Marionette	DEBUG	Accepted connection 0 from 127.0.0.1:64763
1621915134220	Marionette	DEBUG	0 -> [0,1,"WebDriver:NewSession",{"acceptInsecureCerts":true,"browserName":"firefox"}]
1621915134221	Marionette	WARN	TLS certificate errors will be ignored for this session
1621915134281	Marionette	TRACE	[6442450945] Frame script loaded
1621915134283	Marionette	TRACE	[6442450945] Frame script registered
1621915134287	Marionette	DEBUG	0 <- [1,1,null,{"sessionId":"fb3ba53a-3d90-4671-b51a-edb1191a4a9b","capabilities":{"browserName":"firefox","browserVersion":"65.0" ... ozprofile.h2Lxx8tsfPWK","moz:shutdownTimeout":60000,"moz:useNonSpecCompliantPointerOrigin":false,"moz:webdriverClick":true}}]
1621915134297	Marionette	DEBUG	0 -> [0,2,"WebDriver:MaximizeWindow",{}]
1621915134297	Marionette	DEBUG	0 <- [1,2,null,{"x":-8,"y":-8,"width":1382,"height":744,"state":"maximized"}]
1621915134300	Marionette	DEBUG	0 -> [0,3,"WebDriver:Navigate",{"url":"https://www.baidu.com"}]
1621915134306	Marionette	TRACE	[6442450945] Received DOM event beforeunload for about:blank
1621915134427	Marionette	TRACE	[6442450945] Received DOM event pagehide for about:blank
1621915134891	Marionette	TRACE	[6442450945] Received DOM event DOMContentLoaded for https://www.baidu.com/
1621915134988	Marionette	TRACE	[6442450945] Received DOM event pageshow for https://www.baidu.com/
1621915134990	Marionette	DEBUG	0 <- [1,3,null,{"value":null}]
1621915137004	Marionette	DEBUG	0 -> [0,4,"WebDriver:ExecuteScript",{"args":[],"newSandbox":false,"script":"window.open(\"https://www.jd.com\")","scriptTimeout":null,"specialPowers":false}]
1621915137068	Marionette	TRACE	[6442450949] Frame script loaded
1621915137075	Marionette	TRACE	[6442450949] Frame script registered
1621915137089	Marionette	DEBUG	0 <- [1,4,null,{"value":null}]
1621915139099	Marionette	DEBUG	0 -> [0,5,"WebDriver:CloseWindow",{}]
1621915139107	Marionette	TRACE	Received observer notification message-manager-disconnect
1621915139108	Marionette	DEBUG	0 <- [1,5,null,["6442450949"]]
1621915139141	Marionette	DEBUG	Closed connection 0
[Parent 27224, Gecko_IOThread] WARNING: pipe error: 109: file z:/build/build/src/ipc/chromium/src/chrome/common/ipc_channel_win.cc, line 332
console.error: BroadcastService: 
  receivedBroadcastMessage: handler for
  remote-settings/monitor_changes
  threw error:
  Message: Error: Polling for changes failed: NetworkError when attempting to fetch resource..
  Stack:
    remoteSettingsFunction/remoteSettings.pollChanges@resource://services-settings/remote-settings.js:188:13

[Parent 27224, Gecko_IOThread] WARNING: pipe error: 109: file z:/build/build/src/ipc/chromium/src/chrome/common/ipc_channel_win.cc, line 332
[Parent 27224, Gecko_IOThread] WARNING: pipe error: 109: file z:/build/build/src/ipc/chromium/src/chrome/common/ipc_channel_win.cc, line 332
[Child 10132, Chrome_ChildThread] WARNING: pipe error: 109: file z:/build/build/src/ipc/chromium/src/chrome/common/ipc_channel_win.cc, line 332
1621919252223	Marionette	TRACE	Received observer notification xpcom-will-shutdown
1621919252223	Marionette	DEBUG	Resetting recommended pref apz.content_response_timeout
1621919252224	Marionette	DEBUG	Resetting recommended pref browser.contentblocking.introCount
1621919252224	Marionette	DEBUG	Resetting recommended pref browser.download.panel.shown
1621919252224	Marionette	DEBUG	Resetting recommended pref browser.newtabpage.enabled
1621919252224	Marionette	DEBUG	Resetting recommended pref browser.pagethumbnails.capturing_disabled
1621919252225	Marionette	DEBUG	Resetting recommended pref browser.search.update
1621919252225	Marionette	DEBUG	Resetting recommended pref browser.tabs.disableBackgroundZombification
1621919252225	Marionette	DEBUG	Resetting recommended pref browser.tabs.warnOnCloseOtherTabs
1621919252225	Marionette	DEBUG	Resetting recommended pref browser.tabs.warnOnOpen
1621919252226	Marionette	DEBUG	Resetting recommended pref browser.usedOnWindows10.introURL
1621919252226	Marionette	DEBUG	Resetting recommended pref browser.urlbar.suggest.searches
1621919252226	Marionette	DEBUG	Resetting recommended pref datareporting.policy.dataSubmissionPolicyAccepted
1621919252227	Marionette	DEBUG	Resetting recommended pref dom.disable_beforeunload
1621919252227	Marionette	DEBUG	Resetting recommended pref dom.disable_open_during_load
1621919252227	Marionette	DEBUG	Resetting recommended pref dom.file.createInChild
1621919252227	Marionette	DEBUG	Resetting recommended pref dom.max_chrome_script_run_time
1621919252227	Marionette	DEBUG	Resetting recommended pref dom.max_script_run_time
1621919252227	Marionette	DEBUG	Resetting recommended pref extensions.getAddons.cache.enabled
1621919252228	Marionette	DEBUG	Resetting recommended pref extensions.webservice.discoverURL
1621919252228	Marionette	DEBUG	Resetting recommended pref network.http.prompt-temp-redirect
1621919252228	Marionette	DEBUG	Resetting recommended pref network.http.speculative-parallel-limit
1621919252228	Marionette	DEBUG	Resetting recommended pref security.fileuri.strict_origin_policy
1621919252228	Marionette	DEBUG	Resetting recommended pref security.notification_enable_delay
1621919252228	Marionette	DEBUG	Resetting recommended pref signon.autofillForms
1621919252228	Marionette	DEBUG	Resetting recommended pref signon.rememberSignons
1621919252228	Marionette	DEBUG	Resetting recommended pref toolkit.cosmeticAnimations.enabled
1621919252229	Marionette	INFO	Stopped listening on port 64762
1621919252229	Marionette	DEBUG	Remote service is inactive

###!!! [Child][RunMessage] Error: Channel closing: too late to send/recv, messages will be lost


###!!! [Child][MessageChannel::SendAndWait] Error: Channel error: cannot send/recv

overyURL
1621915266631	Marionette	DEBUG	Setting recommended pref network.http.prompt-temp-redirect to false
1621915266631	Marionette	DEBUG	Setting recommended pref network.http.speculative-parallel-limit to 0
1621915266631	Marionette	DEBUG	Setting recommended pref security.fileuri.strict_origin_policy to false
1621915266632	Marionette	DEBUG	Setting recommended pref security.notification_enable_delay to 0
1621915266632	Marionette	DEBUG	Setting recommended pref signon.autofillForms to false
1621915266632	Marionette	DEBUG	Setting recommended pref signon.rememberSignons to false
1621915266632	Marionette	DEBUG	Setting recommended pref toolkit.cosmeticAnimations.enabled to false
1621915266711	Marionette	INFO	Listening on port 64882
1621915266712	Marionette	DEBUG	Remote service is active
1621915266783	Marionette	DEBUG	Accepted connection 0 from 127.0.0.1:64883
1621915266807	Marionette	DEBUG	0 -> [0,1,"WebDriver:NewSession",{"acceptInsecureCerts":true,"browserName":"firefox"}]
1621915266808	Marionette	WARN	TLS certificate errors will be ignored for this session
1621915266897	Marionette	TRACE	[6442450945] Frame script loaded
1621915266908	Marionette	TRACE	[6442450945] Frame script registered
1621915266914	Marionette	DEBUG	0 <- [1,1,null,{"sessionId":"a0605036-ab2d-4979-9537-746d2e3ee63d","capabilities":{"browserName":"firefox","browserVersion":"65.0" ... ozprofile.up8onTNUPOtr","moz:shutdownTimeout":60000,"moz:useNonSpecCompliantPointerOrigin":false,"moz:webdriverClick":true}}]
1621915266926	Marionette	DEBUG	0 -> [0,2,"WebDriver:MaximizeWindow",{}]
1621915266927	Marionette	DEBUG	0 <- [1,2,null,{"x":-8,"y":-8,"width":1382,"height":744,"state":"maximized"}]
1621915266936	Marionette	DEBUG	0 -> [0,3,"WebDriver:Navigate",{"url":"https://www.baidu.com"}]
1621915266965	Marionette	TRACE	[6442450945] Received DOM event beforeunload for about:blank
1621915267426	Marionette	TRACE	[6442450945] Received DOM event pagehide for about:blank
1621915267945	Marionette	TRACE	[6442450945] Received DOM event DOMContentLoaded for https://www.baidu.com/
1621915268142	Marionette	TRACE	[6442450945] Received DOM event pageshow for https://www.baidu.com/
1621915268144	Marionette	DEBUG	0 <- [1,3,null,{"value":null}]
1621915270156	Marionette	DEBUG	0 -> [0,4,"WebDriver:ExecuteScript",{"args":[],"newSandbox":false,"script":"window.open(\"https://www.jd.com\")","scriptTimeout":null,"specialPowers":false}]
1621915270181	Marionette	TRACE	[6442450949] Frame script loaded
1621915270187	Marionette	TRACE	[6442450949] Frame script registered
1621915270209	Marionette	DEBUG	0 <- [1,4,null,{"value":null}]
1621915272224	Marionette	DEBUG	0 -> [0,5,"Marionette:Quit",{"flags":["eForceQuit"]}]
1621915272225	Marionette	INFO	Stopped listening on port 64882
1621915272461	Marionette	DEBUG	0 <- [1,5,null,{"cause":"shutdown"}]
1621915272500	Marionette	DEBUG	0 -> [0,6,"Marionette:Quit",{"flags":["eForceQuit"]}]
1621915272501	Marionette	DEBUG	0 <- [1,6,{"error":"invalid session id","message":"Tried to run command without establishing a connection","stacktrace":"WebDriver ... et@chrome://marionette/content/server.js:236:8\n_onJSONObjectReady/<@chrome://marionette/content/transport.js:490:9\n"},null]
1621915272516	Marionette	DEBUG	Closed connection 0
IPDL protocol error: Handler returned error code!

###!!! [Parent][DispatchAsyncMessage] Error: PLayerTransaction::Msg_ReleaseLayer Processing error: message was deserialized, but the handler returned false (indicating failure)

[Child 18316, Chrome_ChildThread] WARNING: pipe error: 109: file z:/build/build/src/ipc/chromium/src/chrome/common/ipc_channel_win.cc, line 332

###!!! [Child][MessageChannel] Error: (msgtype=0x5F0029,name=PNecko::Msg_RemoveRequestContext) Channel closing: too late to send/recv, messages will be lost


###!!! [Child][MessageChannel] Error: (msgtype=0x3500B9,name=PContent::Msg_ScriptError) Channel closing: too late to send/recv, messages will be lost

[Child 18316, Chrome_ChildThread] WARNING: pipe error: 109: file z:/build/build/src/ipc/chromium/src/chrome/common/ipc_channel_win.cc, line 332

###!!! [Child][RunMessage] Error: Channel closing: too late to send/recv, messages will be lost


###!!! [Child][MessageChannel] Error: (msgtype=0x3500B9,name=PContent::Msg_ScriptError) Channel closing: too late to send/recv, messages will be lost


###!!! [Child][MessageChannel] Error: (msgtype=0x3500B9,name=PContent::Msg_ScriptError) Channel closing: too late to send/recv, messages will be lost


###!!! [Child][RunMessage] Error: Channel closing: too late to send/recv, messages will be lost

[Parent 32676, Gecko_IOThread] WARNING: pipe error: 109: file z:/build/build/src/ipc/chromium/src/chrome/common/ipc_channel_win.cc, line 332
[Child 25000, Chrome_ChildThread] WARNING: pipe error: 109: file z:/build/build/src/ipc/chromium/src/chrome/common/ipc_channel_win.cc, line 332
1621915272690	Marionette	TRACE	Received observer notification xpcom-will-shutdown
1621915272690	Marionette	DEBUG	Resetting recommended pref apz.content_response_timeout
1621915272690	Marionette	DEBUG	Resetting recommended pref browser.contentblocking.introCount
1621915272690	Marionette	DEBUG	Resetting recommended pref browser.download.panel.shown
1621915272690	Marionette	DEBUG	Resetting recommended pref browser.newtabpage.enabled
1621915272691	Marionette	DEBUG	Resetting recommended pref browser.pagethumbnails.capturing_disabled
1621915272691	Marionette	DEBUG	Resetting recommended pref browser.search.update
1621915272691	Marionette	DEBUG	Resetting recommended pref browser.tabs.disableBackgroundZombification
1621915272691	Marionette	DEBUG	Resetting recommended pref browser.tabs.warnOnCloseOtherTabs
1621915272691	Marionette	DEBUG	Resetting recommended pref browser.tabs.warnOnOpen
1621915272691	Marionette	DEBUG	Resetting recommended pref browser.usedOnWindows10.introURL
1621915272691	Marionette	DEBUG	Resetting recommended pref browser.urlbar.suggest.searches
1621915272691	Marionette	DEBUG	Resetting recommended pref datareporting.policy.dataSubmissionPolicyAccepted
1621915272691	Marionette	DEBUG	Resetting recommended pref dom.disable_beforeunload
1621915272692	Marionette	DEBUG	Resetting recommended pref dom.disable_open_during_load
1621915272692	Marionette	DEBUG	Resetting recommended pref dom.file.createInChild
1621915272692	Marionette	DEBUG	Resetting recommended pref dom.max_chrome_script_run_time
1621915272692	Marionette	DEBUG	Resetting recommended pref dom.max_script_run_time
1621915272692	Marionette	DEBUG	Resetting recommended pref extensions.getAddons.cache.enabled
1621915272692	Marionette	DEBUG	Resetting recommended pref extensions.webservice.discoverURL
1621915272692	Marionette	DEBUG	Resetting recommended pref network.http.prompt-temp-redirect
1621915272692	Marionette	DEBUG	Resetting recommended pref network.http.speculative-parallel-limit
1621915272692	Marionette	DEBUG	Resetting recommended pref security.fileuri.strict_origin_policy
1621915272692	Marionette	DEBUG	Resetting recommended pref security.notification_enable_delay
1621915272692	Marionette	DEBUG	Resetting recommended pref signon.autofillForms
1621915272692	Marionette	DEBUG	Resetting recommended pref signon.rememberSignons
1621915272692	Marionette	DEBUG	Resetting recommended pref toolkit.cosmeticAnimations.enabled
1621915272692	Marionette	DEBUG	Remote service is inactive

###!!! [Child][RunMessage] Error: Channel closing: too late to send/recv, messages will be lost

[GPU 30288, Chrome_ChildThread] WARNING: pipe error: 109: file z:/build/build/src/ipc/chromium/src/chrome/common/ipc_channel_win.cc, line 332
1621917382676	mozrunner::runner	INFO	Running command: "C:\\Program Files\\Mozilla Firefox\\firefox.exe" "-marionette" "-foreground" "-no-remote" "-profile" "C:\\Users\\ADMINI~1\\AppData\\Local\\Temp\\rust_mozprofile.wE4cyXuyjgIv"
1621917383178	addons.webextension.screenshots@mozilla.org	WARN	Loading extension 'screenshots@mozilla.org': Reading manifest: Invalid host permission: resource://pdf.js/
1621917383179	addons.webextension.screenshots@mozilla.org	WARN	Loading extension 'screenshots@mozilla.org': Reading manifest: Invalid host permission: about:reader*
1621917383304	Marionette	TRACE	Received observer notification profile-after-change
1621917383363	Marionette	TRACE	Received observer notification toplevel-window-ready
1621917383399	Marionette	TRACE	Received observer notification command-line-startup
1621917383399	Marionette	TRACE	Received observer notification nsPref:changed
1621917383399	Marionette	DEBUG	Init aborted (running=false, enabled=true, finalUIStartup=false)
1621917383481	Marionette	TRACE	Received observer notification toplevel-window-ready
1621917384401	Marionette	TRACE	Received observer notification sessionstore-windows-restored
1621917384401	Marionette	TRACE	Waiting until startup recorder finished recording startup scripts...
1621917384829	Marionette	TRACE	All scripts recorded.
1621917384829	Marionette	DEBUG	Setting recommended pref apz.content_response_timeout to 60000
1621917384830	Marionette	DEBUG	Setting recommended pref browser.contentblocking.introCount to 99
1621917384830	Marionette	DEBUG	Setting recommended pref browser.download.panel.shown to true
1621917384830	Marionette	DEBUG	Setting recommended pref browser.newtabpage.enabled to false
1621917384831	Marionette	DEBUG	Setting recommended pref browser.pagethumbnails.capturing_disabled to true
1621917384832	Marionette	DEBUG	Setting recommended pref browser.search.update to false
1621917384832	Marionette	DEBUG	Setting recommended pref browser.tabs.disableBackgroundZombification to false
1621917384833	Marionette	DEBUG	Setting recommended pref browser.tabs.warnOnCloseOtherTabs to false
1621917384833	Marionette	DEBUG	Setting recommended pref browser.tabs.warnOnOpen to false
1621917384833	Marionette	DEBUG	Setting recommended pref browser.usedOnWindows10.introURL to 
1621917384833	Marionette	DEBUG	Setting recommended pref browser.urlbar.suggest.searches to false
1621917384834	Marionette	DEBUG	Setting recommended pref datareporting.policy.dataSubmissionPolicyAccepted to false
1621917384835	Marionette	DEBUG	Setting recommended pref dom.disable_beforeunload to true
1621917384835	Marionette	DEBUG	Setting recommended pref dom.disable_open_during_load to false
1621917384835	Marionette	DEBUG	Setting recommended pref dom.file.createInChild to true
1621917384835	Marionette	DEBUG	Setting recommended pref dom.max_chrome_script_run_time to 0
1621917384835	Marionette	DEBUG	Setting recommended pref dom.max_script_run_time to 0
1621917384836	Marionette	DEBUG	Setting recommended pref extensions.getAddons.cache.enabled to false
1621917384836	Marionette	DEBUG	Setting recommended pref extensions.webservice.discoverURL to http://%(server)s/dummy/discoveryURL
1621917384836	Marionette	DEBUG	Setting recommended pref network.http.prompt-temp-redirect to false
1621917384836	Marionette	DEBUG	Setting recommended pref network.http.speculative-parallel-limit to 0
1621917384836	Marionette	DEBUG	Setting recommended pref security.fileuri.strict_origin_policy to false
1621917384836	Marionette	DEBUG	Setting recommended pref security.notification_enable_delay to 0
1621917384836	Marionette	DEBUG	Setting recommended pref signon.autofillForms to false
1621917384837	Marionette	DEBUG	Setting recommended pref signon.rememberSignons to false
1621917384837	Marionette	DEBUG	Setting recommended pref toolkit.cosmeticAnimations.enabled to false
1621917384903	Marionette	INFO	Listening on port 51276
1621917384904	Marionette	DEBUG	Remote service is active
1621917385345	Marionette	DEBUG	Accepted connection 0 from 127.0.0.1:51288
1621917385346	Marionette	DEBUG	0 -> [0,1,"WebDriver:NewSession",{"acceptInsecureCerts":true,"browserName":"firefox"}]
1621917385346	Marionette	WARN	TLS certificate errors will be ignored for this session
1621917385385	Marionette	TRACE	[6442450945] Frame script loaded
1621917385387	Marionette	TRACE	[6442450945] Frame script registered
1621917385393	Marionette	DEBUG	0 <- [1,1,null,{"sessionId":"fe9147aa-d477-47fb-91ce-bd7baa0b3a4b","capabilities":{"browserName":"firefox","browserVersion":"65.0" ... ozprofile.wE4cyXuyjgIv","moz:shutdownTimeout":60000,"moz:useNonSpecCompliantPointerOrigin":false,"moz:webdriverClick":true}}]
1621917385396	Marionette	DEBUG	0 -> [0,2,"WebDriver:FullscreenWindow",{}]
1621917385671	Marionette	DEBUG	0 <- [1,2,null,{"x":0,"y":0,"width":1366,"height":768,"state":"fullscreen"}]
1621917385675	Marionette	DEBUG	0 -> [0,3,"WebDriver:Navigate",{"url":"https://www.baidu.com"}]
1621917385682	Marionette	TRACE	[6442450945] Received DOM event beforeunload for about:blank
1621917385997	Marionette	TRACE	[6442450945] Received DOM event pagehide for about:blank
1621917386470	Marionette	TRACE	[6442450945] Received DOM event DOMContentLoaded for https://www.baidu.com/
1621917386663	Marionette	TRACE	[6442450945] Received DOM event pageshow for https://www.baidu.com/
1621917386665	Marionette	DEBUG	0 <- [1,3,null,{"value":null}]
1621917388671	Marionette	DEBUG	0 -> [0,4,"WebDriver:ExecuteScript",{"args":[],"newSandbox":false,"script":"window.open(\"https://www.jd.com\")","scriptTimeout":null,"specialPowers":false}]
1621917388714	Marionette	TRACE	[6442450949] Frame script loaded
1621917388718	Marionette	TRACE	[6442450949] Frame script registered
1621917388735	Marionette	DEBUG	0 <- [1,4,null,{"value":null}]
1621917390747	Marionette	DEBUG	0 -> [0,5,"Marionette:Quit",{"flags":["eForceQuit"]}]
1621917390748	Marionette	INFO	Stopped listening on port 51276
1621917391062	Marionette	DEBUG	0 <- [1,5,null,{"cause":"shutdown"}]
[Parent 16524, Gecko_IOThread] WARNING: pipe error: 109: file z:/build/build/src/ipc/chromium/src/chrome/common/ipc_channel_win.cc, line 332
1621917391102	Marionette	DEBUG	0 -> [0,6,"Marionette:Quit",{"flags":["eForceQuit"]}]
1621917391103	Marionette	DEBUG	0 <- [1,6,{"error":"invalid session id","message":"Tried to run command without establishing a connection","stacktrace":"WebDriver ... et@chrome://marionette/content/server.js:236:8\n_onJSONObjectReady/<@chrome://marionette/content/transport.js:490:9\n"},null]
1621917391125	Marionette	DEBUG	Closed connection 0
JavaScript error: resource://gre/modules/WebProgressChild.jsm, line 58: TypeError: this.mm.content is null

###!!! [Child][MessageChannel] Error: (msgtype=0x52000E,name=PHttpChannel::Msg_DeletingChannel) Channel closing: too late to send/recv, messages will be lost


###!!! [Child][RunMessage] Error: Channel closing: too late to send/recv, messages will be lost

JavaScript error: , line 0: InvalidStateError: An attempt was made to use an object that is not, or is no longer, usable
JavaScript error: , line 0: InvalidStateError: An attempt was made to use an object that is not, or is no longer, usable

###!!! [Child][RunMessage] Error: Channel closing: too late to send/recv, messages will be lost


###!!! [Child][MessageChannel] Error: (msgtype=0x3500B9,name=PContent::Msg_ScriptError) Channel closing: too late to send/recv, messages will be lost


###!!! [Child][RunMessage] Error: Channel closing: too late to send/recv, messages will be lost


###!!! [Child][MessageChannel] Error: (msgtype=0x3500B9,name=PContent::Msg_ScriptError) Channel closing: too late to send/recv, messages will be lost


###!!! [Child][MessageChannel] Error: (msgtype=0x3500B9,name=PContent::Msg_ScriptError) Channel closing: too late to send/recv, messages will be lost

[Parent 16524, Gecko_IOThread] WARNING: pipe error: 109: file z:/build/build/src/ipc/chromium/src/chrome/common/ipc_channel_win.cc, line 332
[Child 26936, Chrome_ChildThread] WARNING: pipe error: 109: file z:/build/build/src/ipc/chromium/src/chrome/common/ipc_channel_win.cc, line 332
1621917391394	Marionette	TRACE	Received observer notification xpcom-will-shutdown
1621917391394	Marionette	DEBUG	Resetting recommended pref apz.content_response_timeout
1621917391394	Marionette	DEBUG	Resetting recommended pref browser.contentblocking.introCount
1621917391394	Marionette	DEBUG	Resetting recommended pref browser.download.panel.shown
1621917391394	Marionette	DEBUG	Resetting recommended pref browser.newtabpage.enabled
1621917391395	Marionette	DEBUG	Resetting recommended pref browser.pagethumbnails.capturing_disabled
1621917391395	Marionette	DEBUG	Resetting recommended pref browser.search.update
1621917391395	Marionette	DEBUG	Resetting recommended pref browser.tabs.disableBackgroundZombification
1621917391395	Marionette	DEBUG	Resetting recommended pref browser.tabs.warnOnCloseOtherTabs
1621917391395	Marionette	DEBUG	Resetting recommended pref browser.tabs.warnOnOpen
1621917391395	Marionette	DEBUG	Resetting recommended pref browser.usedOnWindows10.introURL
1621917391395	Marionette	DEBUG	Resetting recommended pref browser.urlbar.suggest.searches
1621917391395	Marionette	DEBUG	Resetting recommended pref datareporting.policy.dataSubmissionPolicyAccepted
1621917391395	Marionette	DEBUG	Resetting recommended pref dom.disable_beforeunload
1621917391395	Marionette	DEBUG	Resetting recommended pref dom.disable_open_during_load
1621917391395	Marionette	DEBUG	Resetting recommended pref dom.file.createInChild
1621917391395	Marionette	DEBUG	Resetting recommended pref dom.max_chrome_script_run_time
1621917391395	Marionette	DEBUG	Resetting recommended pref dom.max_script_run_time
1621917391396	Marionette	DEBUG	Resetting recommended pref extensions.getAddons.cache.enabled
1621917391396	Marionette	DEBUG	Resetting recommended pref extensions.webservice.discoverURL
1621917391396	Marionette	DEBUG	Resetting recommended pref network.http.prompt-temp-redirect
1621917391396	Marionette	DEBUG	Resetting recommended pref network.http.speculative-parallel-limit
1621917391396	Marionette	DEBUG	Resetting recommended pref security.fileuri.strict_origin_policy
1621917391396	Marionette	DEBUG	Resetting recommended pref security.notification_enable_delay
1621917391396	Marionette	DEBUG	Resetting recommended pref signon.autofillForms
1621917391396	Marionette	DEBUG	Resetting recommended pref signon.rememberSignons
1621917391396	Marionette	DEBUG	Resetting recommended pref toolkit.cosmeticAnimations.enabled
1621917391396	Marionette	DEBUG	Remote service is inactive

###!!! [Child][RunMessage] Error: Channel closing: too late to send/recv, messages will be lost

[GPU 12400, Chrome_ChildThread] WARNING: pipe error: 109: file z:/build/build/src/ipc/chromium/src/chrome/common/ipc_channel_win.cc, line 332

###!!! [Child][MessageChannel::SendAndWait] Error: Channel error: cannot send/recv

