1661786729944	mozrunner::runner	INFO	Running command: "D:\\Firefox\\firefox.exe" "-marionette" "-foreground" "-no-remote" "-profile" "C:\\Users\\11203\\AppData\\Local\\Temp\\rust_mozprofile.tCtB0lisW4ei"
1661786734453	addons.webextension.screenshots@mozilla.org	WARN	Loading extension 'screenshots@mozilla.org': Reading manifest: Invalid host permission: resource://pdf.js/
1661786734455	addons.webextension.screenshots@mozilla.org	WARN	Loading extension 'screenshots@mozilla.org': Reading manifest: Invalid host permission: about:reader*
1661786734958	Marionette	TRACE	Received observer notification profile-after-change
1661786736068	Marionette	TRACE	Received observer notification toplevel-window-ready
1661786736240	Marionette	TRACE	Received observer notification command-line-startup
1661786736241	Marionette	TRACE	Received observer notification nsPref:changed
1661786736241	Marionette	DEBUG	Init aborted (running=false, enabled=true, finalUIStartup=false)
1661786736600	Marionette	TRACE	Received observer notification toplevel-window-ready
1661786743630	Marionette	TRACE	Received observer notification sessionstore-windows-restored
1661786743630	Marionette	TRACE	Waiting until startup recorder finished recording startup scripts...
1661786743895	Marionette	TRACE	All scripts recorded.
1661786743895	Marionette	DEBUG	Setting recommended pref apz.content_response_timeout to 60000
1661786743895	Marionette	DEBUG	Setting recommended pref browser.contentblocking.introCount to 99
1661786743895	Marionette	DEBUG	Setting recommended pref browser.download.panel.shown to true
1661786743895	Marionette	DEBUG	Setting recommended pref browser.newtabpage.enabled to false
1661786743896	Marionette	DEBUG	Setting recommended pref browser.pagethumbnails.capturing_disabled to true
1661786743896	Marionette	DEBUG	Setting recommended pref browser.search.update to false
1661786743896	Marionette	DEBUG	Setting recommended pref browser.tabs.disableBackgroundZombification to false
1661786743896	Marionette	DEBUG	Setting recommended pref browser.tabs.warnOnCloseOtherTabs to false
1661786743896	Marionette	DEBUG	Setting recommended pref browser.tabs.warnOnOpen to false
1661786743896	Marionette	DEBUG	Setting recommended pref browser.usedOnWindows10.introURL to 
1661786743896	Marionette	DEBUG	Setting recommended pref browser.urlbar.suggest.searches to false
1661786743897	Marionette	DEBUG	Setting recommended pref datareporting.policy.dataSubmissionPolicyAccepted to false
1661786743897	Marionette	DEBUG	Setting recommended pref dom.disable_beforeunload to true
1661786743897	Marionette	DEBUG	Setting recommended pref dom.disable_open_during_load to false
1661786743897	Marionette	DEBUG	Setting recommended pref dom.file.createInChild to true
1661786743897	Marionette	DEBUG	Setting recommended pref dom.max_chrome_script_run_time to 0
1661786743897	Marionette	DEBUG	Setting recommended pref dom.max_script_run_time to 0
1661786743897	Marionette	DEBUG	Setting recommended pref extensions.getAddons.cache.enabled to false
1661786743897	Marionette	DEBUG	Setting recommended pref extensions.webservice.discoverURL to http://%(server)s/dummy/discoveryURL
1661786743897	Marionette	DEBUG	Setting recommended pref network.http.prompt-temp-redirect to false
1661786743897	Marionette	DEBUG	Setting recommended pref network.http.speculative-parallel-limit to 0
1661786743897	Marionette	DEBUG	Setting recommended pref security.fileuri.strict_origin_policy to false
1661786743897	Marionette	DEBUG	Setting recommended pref security.notification_enable_delay to 0
1661786743898	Marionette	DEBUG	Setting recommended pref signon.autofillForms to false
1661786743898	Marionette	DEBUG	Setting recommended pref signon.rememberSignons to false
1661786743898	Marionette	DEBUG	Setting recommended pref toolkit.cosmeticAnimations.enabled to false
1661786743977	Marionette	INFO	Listening on port 50366
1661786743978	Marionette	DEBUG	Remote service is active
1661786744109	Marionette	DEBUG	Accepted connection 0 from 127.0.0.1:50394
1661786744260	Marionette	DEBUG	0 -> [0,1,"WebDriver:NewSession",{"acceptInsecureCerts":true,"browserName":"firefox"}]
1661786744261	Marionette	WARN	TLS certificate errors will be ignored for this session
1661786744710	Marionette	TRACE	[6442450945] Frame script loaded
1661786744726	Marionette	TRACE	[6442450945] Frame script registered
1661786744727	Marionette	DEBUG	0 <- [1,1,null,{"sessionId":"91f66fd9-dd0e-46e1-bc19-e8af78ecba00","capabilities":{"browserName":"firefox","browserVersion":"65.0" ... ozprofile.tCtB0lisW4ei","moz:shutdownTimeout":60000,"moz:useNonSpecCompliantPointerOrigin":false,"moz:webdriverClick":true}}]
1661786744826	Marionette	DEBUG	0 -> [0,2,"WebDriver:Navigate",{"url":"https://www.zhipin.com/web/geek/job?query=%E8%BD%AF%E4%BB%B6%E6%B5%8B%E8%AF%95&city=101010100"}]
1661786744846	Marionette	TRACE	[6442450945] Received DOM event beforeunload for about:blank
1661786745729	Marionette	TRACE	[6442450945] Received DOM event pagehide for about:blank
1661786747447	Marionette	TRACE	[6442450945] Received DOM event DOMContentLoaded for https://www.zhipin.com/web/geek/job?query=%E8%BD%AF%E4%BB%B6%E6%B5%8B%E8%AF%95&city=101010100
1661786747819	Marionette	TRACE	[6442450945] Received DOM event beforeunload for https://www.zhipin.com/web/geek/job?query=%E8%BD%AF%E4%BB%B6%E6%B5%8B%E8%AF%95&city=101010100
1661786747821	Marionette	TRACE	[6442450945] Received DOM event pageshow for https://www.zhipin.com/web/geek/job?query=%E8%BD%AF%E4%BB%B6%E6%B5%8B%E8%AF%95&city=101010100
1661786747906	Marionette	TRACE	[6442450945] Received DOM event unload for https://www.zhipin.com/web/geek/job?query=%E8%BD%AF%E4%BB%B6%E6%B5%8B%E8%AF%95&city=101010100
1661786747916	Marionette	TRACE	[6442450945] Received DOM event DOMContentLoaded for https://www.zhipin.com/web/common/security-check.html?seed=PFqutUox4iB9facEUV%2FOfx%2FluKgNbg31gd%2BevjCG9L0%3D&name=393d5208 ... 2Fwww.zhipin.com%2Fweb%2Fgeek%2Fjob%3Fquery%3D%25E8%25BD%25AF%25E4%25BB%25B6%25E6%25B5%258B%25E8%25AF%2595%26city%3D101010100
1661786747935	Marionette	TRACE	[6442450945] Received observer notification outer-window-destroyed
1661786747935	Marionette	TRACE	[6442450945] Received observer notification outer-window-destroyed
1661786748276	Marionette	TRACE	[6442450945] Received DOM event pageshow for https://www.zhipin.com/web/common/security-check.html?seed=PFqutUox4iB9facEUV%2FOfx%2FluKgNbg31gd%2BevjCG9L0%3D&name=393d5208 ... 2Fwww.zhipin.com%2Fweb%2Fgeek%2Fjob%3Fquery%3D%25E8%25BD%25AF%25E4%25BB%25B6%25E6%25B5%258B%25E8%25AF%2595%26city%3D101010100
1661786748277	Marionette	DEBUG	0 <- [1,2,null,{"value":null}]
1661786748294	Marionette	DEBUG	Closed connection 0
JavaScript error: https://www.zhipin.com/web/common/security-js/393d5208.js, line 1: ReferenceError: done is not defined
JavaScript error: https://www.zhipin.com/web/common/security-js/393d5208.js, line 1: ReferenceError: done is not defined
JavaScript error: https://www.zhipin.com/web/common/security-js/393d5208.js, line 1: ReferenceError: done is not defined
JavaScript error: https://www.zhipin.com/web/common/security-js/393d5208.js, line 1: ReferenceError: done is not defined
1661786784511	mozrunner::runner	INFO	Running command: "D:\\Firefox\\firefox.exe" "-marionette" "-foreground" "-no-remote" "-profile" "C:\\Users\\11203\\AppData\\Local\\Temp\\rust_mozprofile.XIJqmzkcCBVk"
1661786785677	addons.webextension.screenshots@mozilla.org	WARN	Loading extension 'screenshots@mozilla.org': Reading manifest: Invalid host permission: resource://pdf.js/
1661786785677	addons.webextension.screenshots@mozilla.org	WARN	Loading extension 'screenshots@mozilla.org': Reading manifest: Invalid host permission: about:reader*
1661786785766	Marionette	TRACE	Received observer notification profile-after-change
1661786785846	Marionette	TRACE	Received observer notification toplevel-window-ready
1661786785872	Marionette	TRACE	Received observer notification command-line-startup
1661786785872	Marionette	TRACE	Received observer notification nsPref:changed
1661786785872	Marionette	DEBUG	Init aborted (running=false, enabled=true, finalUIStartup=false)
1661786785952	Marionette	TRACE	Received observer notification toplevel-window-ready
1661786786630	Marionette	TRACE	Received observer notification sessionstore-windows-restored
1661786786631	Marionette	TRACE	Waiting until startup recorder finished recording startup scripts...
1661786786727	Marionette	TRACE	All scripts recorded.
1661786786727	Marionette	DEBUG	Setting recommended pref apz.content_response_timeout to 60000
1661786786728	Marionette	DEBUG	Setting recommended pref browser.contentblocking.introCount to 99
1661786786728	Marionette	DEBUG	Setting recommended pref browser.download.panel.shown to true
1661786786728	Marionette	DEBUG	Setting recommended pref browser.newtabpage.enabled to false
1661786786728	Marionette	DEBUG	Setting recommended pref browser.pagethumbnails.capturing_disabled to true
1661786786728	Marionette	DEBUG	Setting recommended pref browser.search.update to false
1661786786728	Marionette	DEBUG	Setting recommended pref browser.tabs.disableBackgroundZombification to false
1661786786728	Marionette	DEBUG	Setting recommended pref browser.tabs.warnOnCloseOtherTabs to false
1661786786728	Marionette	DEBUG	Setting recommended pref browser.tabs.warnOnOpen to false
1661786786728	Marionette	DEBUG	Setting recommended pref browser.usedOnWindows10.introURL to 
1661786786729	Marionette	DEBUG	Setting recommended pref browser.urlbar.suggest.searches to false
1661786786729	Marionette	DEBUG	Setting recommended pref datareporting.policy.dataSubmissionPolicyAccepted to false
1661786786729	Marionette	DEBUG	Setting recommended pref dom.disable_beforeunload to true
1661786786729	Marionette	DEBUG	Setting recommended pref dom.disable_open_during_load to false
1661786786729	Marionette	DEBUG	Setting recommended pref dom.file.createInChild to true
1661786786729	Marionette	DEBUG	Setting recommended pref dom.max_chrome_script_run_time to 0
1661786786729	Marionette	DEBUG	Setting recommended pref dom.max_script_run_time to 0
1661786786729	Marionette	DEBUG	Setting recommended pref extensions.getAddons.cache.enabled to false
1661786786729	Marionette	DEBUG	Setting recommended pref extensions.webservice.discoverURL to http://%(server)s/dummy/discoveryURL
1661786786729	Marionette	DEBUG	Setting recommended pref network.http.prompt-temp-redirect to false
1661786786729	Marionette	DEBUG	Setting recommended pref network.http.speculative-parallel-limit to 0
1661786786729	Marionette	DEBUG	Setting recommended pref security.fileuri.strict_origin_policy to false
1661786786730	Marionette	DEBUG	Setting recommended pref security.notification_enable_delay to 0
1661786786730	Marionette	DEBUG	Setting recommended pref signon.autofillForms to false
1661786786730	Marionette	DEBUG	Setting recommended pref signon.rememberSignons to false
1661786786730	Marionette	DEBUG	Setting recommended pref toolkit.cosmeticAnimations.enabled to false
1661786786757	Marionette	INFO	Listening on port 50525
1661786786757	Marionette	DEBUG	Remote service is active
1661786787179	Marionette	DEBUG	Accepted connection 0 from 127.0.0.1:50540
1661786787180	Marionette	DEBUG	0 -> [0,1,"WebDriver:NewSession",{"acceptInsecureCerts":true,"browserName":"firefox"}]
1661786787180	Marionette	WARN	TLS certificate errors will be ignored for this session
1661786787206	Marionette	TRACE	[6442450945] Frame script loaded
1661786787208	Marionette	TRACE	[6442450945] Frame script registered
1661786787209	Marionette	DEBUG	0 <- [1,1,null,{"sessionId":"6842679d-8e89-45d3-8f62-3c8b3da757d9","capabilities":{"browserName":"firefox","browserVersion":"65.0" ... ozprofile.XIJqmzkcCBVk","moz:shutdownTimeout":60000,"moz:useNonSpecCompliantPointerOrigin":false,"moz:webdriverClick":true}}]
1661786787235	Marionette	DEBUG	0 -> [0,2,"WebDriver:Navigate",{"url":"https://www.zhipin.com/web/geek/job?query=%E8%BD%AF%E4%BB%B6%E6%B5%8B%E8%AF%95&city=101010100"}]
1661786787240	Marionette	TRACE	[6442450945] Received DOM event beforeunload for about:blank
1661786787945	Marionette	TRACE	[6442450945] Received DOM event pagehide for about:blank
1661786788535	Marionette	TRACE	[6442450945] Received DOM event DOMContentLoaded for https://www.zhipin.com/web/geek/job?query=%E8%BD%AF%E4%BB%B6%E6%B5%8B%E8%AF%95&city=101010100
1661786788806	Marionette	TRACE	[6442450945] Received DOM event beforeunload for https://www.zhipin.com/web/geek/job?query=%E8%BD%AF%E4%BB%B6%E6%B5%8B%E8%AF%95&city=101010100
1661786788806	Marionette	TRACE	[6442450945] Received DOM event pageshow for https://www.zhipin.com/web/geek/job?query=%E8%BD%AF%E4%BB%B6%E6%B5%8B%E8%AF%95&city=101010100
1661786788848	Marionette	TRACE	[6442450945] Received DOM event unload for https://www.zhipin.com/web/geek/job?query=%E8%BD%AF%E4%BB%B6%E6%B5%8B%E8%AF%95&city=101010100
1661786788856	Marionette	TRACE	[6442450945] Received DOM event DOMContentLoaded for https://www.zhipin.com/web/common/security-check.html?seed=PFqutUox4iB9facEUV%2FOfx9Fxm70P22dsepWCsKGZvE%3D&name=393d5208&ts= ... 2Fwww.zhipin.com%2Fweb%2Fgeek%2Fjob%3Fquery%3D%25E8%25BD%25AF%25E4%25BB%25B6%25E6%25B5%258B%25E8%25AF%2595%26city%3D101010100
1661786788867	Marionette	TRACE	[6442450945] Received observer notification outer-window-destroyed
1661786789284	Marionette	TRACE	[6442450945] Received DOM event pageshow for https://www.zhipin.com/web/common/security-check.html?seed=PFqutUox4iB9facEUV%2FOfx9Fxm70P22dsepWCsKGZvE%3D&name=393d5208&ts= ... 2Fwww.zhipin.com%2Fweb%2Fgeek%2Fjob%3Fquery%3D%25E8%25BD%25AF%25E4%25BB%25B6%25E6%25B5%258B%25E8%25AF%2595%26city%3D101010100
1661786789285	Marionette	DEBUG	0 <- [1,2,null,{"value":null}]
1661786789288	Marionette	DEBUG	0 -> [0,3,"WebDriver:FindElements",{"using":"css selector","value":".job-card-left"}]
1661786789289	Marionette	DEBUG	0 <- [1,3,null,[]]
1661786789291	Marionette	DEBUG	0 -> [0,4,"Marionette:Quit",{"flags":["eForceQuit"]}]
1661786789291	Marionette	INFO	Stopped listening on port 50525
1661786789335	Marionette	DEBUG	0 <- [1,4,null,{"cause":"shutdown"}]
[Parent 20644, Gecko_IOThread] WARNING: pipe error: 109: file z:/build/build/src/ipc/chromium/src/chrome/common/ipc_channel_win.cc, line 332
[Child 15948, Chrome_ChildThread] WARNING: pipe error: 109: file z:/build/build/src/ipc/chromium/src/chrome/common/ipc_channel_win.cc, line 332
[Child 15948, Chrome_ChildThread] WARNING: pipe error: 109: file z:/build/build/src/ipc/chromium/src/chrome/common/ipc_channel_win.cc, line 332
1661786789357	Marionette	DEBUG	0 -> [0,5,"Marionette:Quit",{"flags":["eForceQuit"]}]
1661786789358	Marionette	DEBUG	0 <- [1,5,{"error":"invalid session id","message":"Tried to run command without establishing a connection","stacktrace":"WebDriver ... et@chrome://marionette/content/server.js:236:8\n_onJSONObjectReady/<@chrome://marionette/content/transport.js:490:9\n"},null]
[Parent 20644, Gecko_IOThread] WARNING: pipe error: 109: file z:/build/build/src/ipc/chromium/src/chrome/common/ipc_channel_win.cc, line 332
[Child 20300, Chrome_ChildThread] WARNING: pipe error: 109: file z:/build/build/src/ipc/chromium/src/chrome/common/ipc_channel_win.cc, line 332
[Child 20300, Chrome_ChildThread] WARNING: pipe error: 109: file z:/build/build/src/ipc/chromium/src/chrome/common/ipc_channel_win.cc, line 332
1661786789366	Marionette	DEBUG	Closed connection 0
[Parent 20644, Gecko_IOThread] WARNING: pipe error: 109: file z:/build/build/src/ipc/chromium/src/chrome/common/ipc_channel_win.cc, line 332
[Child 504, Chrome_ChildThread] WARNING: pipe error: 109: file z:/build/build/src/ipc/chromium/src/chrome/common/ipc_channel_win.cc, line 332
[Child 504, Chrome_ChildThread] WARNING: pipe error: 109: file z:/build/build/src/ipc/chromium/src/chrome/common/ipc_channel_win.cc, line 332
1661786789521	Marionette	TRACE	Received observer notification xpcom-will-shutdown
1661786789521	Marionette	DEBUG	Resetting recommended pref apz.content_response_timeout
1661786789521	Marionette	DEBUG	Resetting recommended pref browser.contentblocking.introCount
1661786789521	Marionette	DEBUG	Resetting recommended pref browser.download.panel.shown
1661786789521	Marionette	DEBUG	Resetting recommended pref browser.newtabpage.enabled
1661786789522	Marionette	DEBUG	Resetting recommended pref browser.pagethumbnails.capturing_disabled
1661786789522	Marionette	DEBUG	Resetting recommended pref browser.search.update
1661786789522	Marionette	DEBUG	Resetting recommended pref browser.tabs.disableBackgroundZombification
1661786789522	Marionette	DEBUG	Resetting recommended pref browser.tabs.warnOnCloseOtherTabs
1661786789522	Marionette	DEBUG	Resetting recommended pref browser.tabs.warnOnOpen
1661786789522	Marionette	DEBUG	Resetting recommended pref browser.usedOnWindows10.introURL
1661786789522	Marionette	DEBUG	Resetting recommended pref browser.urlbar.suggest.searches
1661786789522	Marionette	DEBUG	Resetting recommended pref datareporting.policy.dataSubmissionPolicyAccepted
1661786789522	Marionette	DEBUG	Resetting recommended pref dom.disable_beforeunload
1661786789522	Marionette	DEBUG	Resetting recommended pref dom.disable_open_during_load
1661786789522	Marionette	DEBUG	Resetting recommended pref dom.file.createInChild
1661786789522	Marionette	DEBUG	Resetting recommended pref dom.max_chrome_script_run_time
1661786789523	Marionette	DEBUG	Resetting recommended pref dom.max_script_run_time
1661786789523	Marionette	DEBUG	Resetting recommended pref extensions.getAddons.cache.enabled
1661786789523	Marionette	DEBUG	Resetting recommended pref extensions.webservice.discoverURL
1661786789523	Marionette	DEBUG	Resetting recommended pref network.http.prompt-temp-redirect
1661786789523	Marionette	DEBUG	Resetting recommended pref network.http.speculative-parallel-limit
1661786789523	Marionette	DEBUG	Resetting recommended pref security.fileuri.strict_origin_policy
1661786789523	Marionette	DEBUG	Resetting recommended pref security.notification_enable_delay
1661786789523	Marionette	DEBUG	Resetting recommended pref signon.autofillForms
1661786789523	Marionette	DEBUG	Resetting recommended pref signon.rememberSignons
1661786789523	Marionette	DEBUG	Resetting recommended pref toolkit.cosmeticAnimations.enabled
1661786789523	Marionette	DEBUG	Remote service is inactive

###!!! [Child][MessageChannel::SendAndWait] Error: Channel error: cannot send/recv

1661786810272	mozrunner::runner	INFO	Running command: "D:\\Firefox\\firefox.exe" "-marionette" "-foreground" "-no-remote" "-profile" "C:\\Users\\11203\\AppData\\Local\\Temp\\rust_mozprofile.5l2ztUIBaLSf"
1661786810602	addons.webextension.screenshots@mozilla.org	WARN	Loading extension 'screenshots@mozilla.org': Reading manifest: Invalid host permission: resource://pdf.js/
1661786810602	addons.webextension.screenshots@mozilla.org	WARN	Loading extension 'screenshots@mozilla.org': Reading manifest: Invalid host permission: about:reader*
1661786810691	Marionette	TRACE	Received observer notification profile-after-change
1661786810791	Marionette	TRACE	Received observer notification toplevel-window-ready
1661786810821	Marionette	TRACE	Received observer notification command-line-startup
1661786810821	Marionette	TRACE	Received observer notification nsPref:changed
1661786810821	Marionette	DEBUG	Init aborted (running=false, enabled=true, finalUIStartup=false)
1661786810899	Marionette	TRACE	Received observer notification toplevel-window-ready
1661786811571	Marionette	TRACE	Received observer notification sessionstore-windows-restored
1661786811572	Marionette	TRACE	Waiting until startup recorder finished recording startup scripts...
1661786811638	Marionette	TRACE	All scripts recorded.
1661786811639	Marionette	DEBUG	Setting recommended pref apz.content_response_timeout to 60000
1661786811639	Marionette	DEBUG	Setting recommended pref browser.contentblocking.introCount to 99
1661786811639	Marionette	DEBUG	Setting recommended pref browser.download.panel.shown to true
1661786811639	Marionette	DEBUG	Setting recommended pref browser.newtabpage.enabled to false
1661786811639	Marionette	DEBUG	Setting recommended pref browser.pagethumbnails.capturing_disabled to true
1661786811639	Marionette	DEBUG	Setting recommended pref browser.search.update to false
1661786811640	Marionette	DEBUG	Setting recommended pref browser.tabs.disableBackgroundZombification to false
1661786811640	Marionette	DEBUG	Setting recommended pref browser.tabs.warnOnCloseOtherTabs to false
1661786811640	Marionette	DEBUG	Setting recommended pref browser.tabs.warnOnOpen to false
1661786811640	Marionette	DEBUG	Setting recommended pref browser.usedOnWindows10.introURL to 
1661786811640	Marionette	DEBUG	Setting recommended pref browser.urlbar.suggest.searches to false
1661786811640	Marionette	DEBUG	Setting recommended pref datareporting.policy.dataSubmissionPolicyAccepted to false
1661786811640	Marionette	DEBUG	Setting recommended pref dom.disable_beforeunload to true
1661786811640	Marionette	DEBUG	Setting recommended pref dom.disable_open_during_load to false
1661786811640	Marionette	DEBUG	Setting recommended pref dom.file.createInChild to true
1661786811641	Marionette	DEBUG	Setting recommended pref dom.max_chrome_script_run_time to 0
1661786811641	Marionette	DEBUG	Setting recommended pref dom.max_script_run_time to 0
1661786811641	Marionette	DEBUG	Setting recommended pref extensions.getAddons.cache.enabled to false
1661786811641	Marionette	DEBUG	Setting recommended pref extensions.webservice.discoverURL to http://%(server)s/dummy/discoveryURL
1661786811641	Marionette	DEBUG	Setting recommended pref network.http.prompt-temp-redirect to false
1661786811641	Marionette	DEBUG	Setting recommended pref network.http.speculative-parallel-limit to 0
1661786811641	Marionette	DEBUG	Setting recommended pref security.fileuri.strict_origin_policy to false
1661786811641	Marionette	DEBUG	Setting recommended pref security.notification_enable_delay to 0
1661786811641	Marionette	DEBUG	Setting recommended pref signon.autofillForms to false
1661786811641	Marionette	DEBUG	Setting recommended pref signon.rememberSignons to false
1661786811641	Marionette	DEBUG	Setting recommended pref toolkit.cosmeticAnimations.enabled to false
1661786811673	Marionette	INFO	Listening on port 50623
1661786811673	Marionette	DEBUG	Remote service is active
1661786811795	Marionette	DEBUG	Accepted connection 0 from 127.0.0.1:50624
1661786811800	Marionette	DEBUG	0 -> [0,1,"WebDriver:NewSession",{"acceptInsecureCerts":true,"browserName":"firefox"}]
1661786811800	Marionette	WARN	TLS certificate errors will be ignored for this session
1661786811829	Marionette	TRACE	[6442450945] Frame script loaded
1661786811831	Marionette	TRACE	[6442450945] Frame script registered
1661786811832	Marionette	DEBUG	0 <- [1,1,null,{"sessionId":"bd28d938-c38b-4747-8c5c-11feaf729b60","capabilities":{"browserName":"firefox","browserVersion":"65.0" ... ozprofile.5l2ztUIBaLSf","moz:shutdownTimeout":60000,"moz:useNonSpecCompliantPointerOrigin":false,"moz:webdriverClick":true}}]
1661786811866	Marionette	DEBUG	0 -> [0,2,"WebDriver:Navigate",{"url":"https://www.zhipin.com/web/geek/job?query=%E8%BD%AF%E4%BB%B6%E6%B5%8B%E8%AF%95&city=101010100"}]
1661786811872	Marionette	TRACE	[6442450945] Received DOM event beforeunload for about:blank
1661786813207	Marionette	TRACE	[6442450945] Received DOM event pagehide for about:blank
1661786813740	Marionette	TRACE	[6442450945] Received DOM event DOMContentLoaded for https://www.zhipin.com/web/geek/job?query=%E8%BD%AF%E4%BB%B6%E6%B5%8B%E8%AF%95&city=101010100
1661786813983	Marionette	TRACE	[6442450945] Received DOM event beforeunload for https://www.zhipin.com/web/geek/job?query=%E8%BD%AF%E4%BB%B6%E6%B5%8B%E8%AF%95&city=101010100
1661786813984	Marionette	TRACE	[6442450945] Received DOM event pageshow for https://www.zhipin.com/web/geek/job?query=%E8%BD%AF%E4%BB%B6%E6%B5%8B%E8%AF%95&city=101010100
1661786814024	Marionette	TRACE	[6442450945] Received DOM event unload for https://www.zhipin.com/web/geek/job?query=%E8%BD%AF%E4%BB%B6%E6%B5%8B%E8%AF%95&city=101010100
1661786814032	Marionette	TRACE	[6442450945] Received DOM event DOMContentLoaded for https://www.zhipin.com/web/common/security-check.html?seed=PFqutUox4iB9facEUV%2FOf1xJIMdm%2B4BXXwIsryWyu6g%3D&name=393d5208&t ... 2Fwww.zhipin.com%2Fweb%2Fgeek%2Fjob%3Fquery%3D%25E8%25BD%25AF%25E4%25BB%25B6%25E6%25B5%258B%25E8%25AF%2595%26city%3D101010100
1661786814048	Marionette	TRACE	[6442450945] Received observer notification outer-window-destroyed
1661786814495	Marionette	TRACE	[6442450945] Received DOM event pageshow for https://www.zhipin.com/web/common/security-check.html?seed=PFqutUox4iB9facEUV%2FOf1xJIMdm%2B4BXXwIsryWyu6g%3D&name=393d5208&t ... 2Fwww.zhipin.com%2Fweb%2Fgeek%2Fjob%3Fquery%3D%25E8%25BD%25AF%25E4%25BB%25B6%25E6%25B5%258B%25E8%25AF%2595%26city%3D101010100
1661786814496	Marionette	DEBUG	0 <- [1,2,null,{"value":null}]
1661786814498	Marionette	DEBUG	0 -> [0,3,"WebDriver:FindElements",{"using":"css selector","value":".job-card-left"}]
1661786814500	Marionette	DEBUG	0 <- [1,3,null,[]]
1661786814501	Marionette	DEBUG	0 -> [0,4,"Marionette:Quit",{"flags":["eForceQuit"]}]
1661786814501	Marionette	INFO	Stopped listening on port 50623
1661786814546	Marionette	DEBUG	0 <- [1,4,null,{"cause":"shutdown"}]
[Parent 20920, Gecko_IOThread] WARNING: pipe error: 109: file z:/build/build/src/ipc/chromium/src/chrome/common/ipc_channel_win.cc, line 332
[Child 12744, Chrome_ChildThread] WARNING: pipe error: 109: file z:/build/build/src/ipc/chromium/src/chrome/common/ipc_channel_win.cc, line 332
[Child 12744, Chrome_ChildThread] WARNING: pipe error: 109: file z:/build/build/src/ipc/chromium/src/chrome/common/ipc_channel_win.cc, line 332
1661786814570	Marionette	DEBUG	0 -> [0,5,"Marionette:Quit",{"flags":["eForceQuit"]}]
1661786814571	Marionette	DEBUG	0 <- [1,5,{"error":"invalid session id","message":"Tried to run command without establishing a connection","stacktrace":"WebDriver ... et@chrome://marionette/content/server.js:236:8\n_onJSONObjectReady/<@chrome://marionette/content/transport.js:490:9\n"},null]
1661786814579	Marionette	DEBUG	Closed connection 0
[Parent 20920, Gecko_IOThread] WARNING: pipe error: 109: file z:/build/build/src/ipc/chromium/src/chrome/common/ipc_channel_win.cc, line 332
[Child 20776, Chrome_ChildThread] WARNING: pipe error: 109: file z:/build/build/src/ipc/chromium/src/chrome/common/ipc_channel_win.cc, line 332
[Child 20776, Chrome_ChildThread] WARNING: pipe error: 109: file z:/build/build/src/ipc/chromium/src/chrome/common/ipc_channel_win.cc, line 332
[Parent 20920, Gecko_IOThread] WARNING: pipe error: 109: file z:/build/build/src/ipc/chromium/src/chrome/common/ipc_channel_win.cc, line 332
[Child 4008, Chrome_ChildThread] WARNING: pipe error: 109: file z:/build/build/src/ipc/chromium/src/chrome/common/ipc_channel_win.cc, line 332
[Child 4008, Chrome_ChildThread] WARNING: pipe error: 109: file z:/build/build/src/ipc/chromium/src/chrome/common/ipc_channel_win.cc, line 332
1661786814777	Marionette	TRACE	Received observer notification xpcom-will-shutdown
1661786814777	Marionette	DEBUG	Resetting recommended pref apz.content_response_timeout
1661786814777	Marionette	DEBUG	Resetting recommended pref browser.contentblocking.introCount
1661786814777	Marionette	DEBUG	Resetting recommended pref browser.download.panel.shown
1661786814777	Marionette	DEBUG	Resetting recommended pref browser.newtabpage.enabled
1661786814778	Marionette	DEBUG	Resetting recommended pref browser.pagethumbnails.capturing_disabled
1661786814778	Marionette	DEBUG	Resetting recommended pref browser.search.update
1661786814778	Marionette	DEBUG	Resetting recommended pref browser.tabs.disableBackgroundZombification
1661786814778	Marionette	DEBUG	Resetting recommended pref browser.tabs.warnOnCloseOtherTabs
1661786814778	Marionette	DEBUG	Resetting recommended pref browser.tabs.warnOnOpen
1661786814778	Marionette	DEBUG	Resetting recommended pref browser.usedOnWindows10.introURL
1661786814778	Marionette	DEBUG	Resetting recommended pref browser.urlbar.suggest.searches
1661786814778	Marionette	DEBUG	Resetting recommended pref datareporting.policy.dataSubmissionPolicyAccepted
1661786814778	Marionette	DEBUG	Resetting recommended pref dom.disable_beforeunload
1661786814778	Marionette	DEBUG	Resetting recommended pref dom.disable_open_during_load
1661786814778	Marionette	DEBUG	Resetting recommended pref dom.file.createInChild
1661786814778	Marionette	DEBUG	Resetting recommended pref dom.max_chrome_script_run_time
1661786814778	Marionette	DEBUG	Resetting recommended pref dom.max_script_run_time
1661786814779	Marionette	DEBUG	Resetting recommended pref extensions.getAddons.cache.enabled
1661786814779	Marionette	DEBUG	Resetting recommended pref extensions.webservice.discoverURL
1661786814779	Marionette	DEBUG	Resetting recommended pref network.http.prompt-temp-redirect
1661786814779	Marionette	DEBUG	Resetting recommended pref network.http.speculative-parallel-limit
1661786814779	Marionette	DEBUG	Resetting recommended pref security.fileuri.strict_origin_policy
1661786814779	Marionette	DEBUG	Resetting recommended pref security.notification_enable_delay
1661786814779	Marionette	DEBUG	Resetting recommended pref signon.autofillForms
1661786814779	Marionette	DEBUG	Resetting recommended pref signon.rememberSignons
1661786814779	Marionette	DEBUG	Resetting recommended pref toolkit.cosmeticAnimations.enabled
1661786814779	Marionette	DEBUG	Remote service is inactive
[GPU 19808, Chrome_ChildThread] WARNING: pipe error: 109: file z:/build/build/src/ipc/chromium/src/chrome/common/ipc_channel_win.cc, line 332

###!!! [Child][RunMessage] Error: Channel closing: too late to send/recv, messages will be lost


###!!! [Child][MessageChannel::SendAndWait] Error: Channel error: cannot send/recv

1661786904347	mozrunner::runner	INFO	Running command: "D:\\Firefox\\firefox.exe" "-marionette" "-foreground" "-no-remote" "-profile" "C:\\Users\\11203\\AppData\\Local\\Temp\\rust_mozprofile.jPFsB2wbxqcA"
1661786904655	addons.webextension.screenshots@mozilla.org	WARN	Loading extension 'screenshots@mozilla.org': Reading manifest: Invalid host permission: resource://pdf.js/
1661786904655	addons.webextension.screenshots@mozilla.org	WARN	Loading extension 'screenshots@mozilla.org': Reading manifest: Invalid host permission: about:reader*
1661786904745	Marionette	TRACE	Received observer notification profile-after-change
1661786904802	Marionette	TRACE	Received observer notification toplevel-window-ready
1661786904830	Marionette	TRACE	Received observer notification command-line-startup
1661786904830	Marionette	TRACE	Received observer notification nsPref:changed
1661786904830	Marionette	DEBUG	Init aborted (running=false, enabled=true, finalUIStartup=false)
1661786904910	Marionette	TRACE	Received observer notification toplevel-window-ready
1661786905593	Marionette	TRACE	Received observer notification sessionstore-windows-restored
1661786905593	Marionette	TRACE	Waiting until startup recorder finished recording startup scripts...
1661786905693	Marionette	TRACE	All scripts recorded.
1661786905693	Marionette	DEBUG	Setting recommended pref apz.content_response_timeout to 60000
1661786905693	Marionette	DEBUG	Setting recommended pref browser.contentblocking.introCount to 99
1661786905693	Marionette	DEBUG	Setting recommended pref browser.download.panel.shown to true
1661786905693	Marionette	DEBUG	Setting recommended pref browser.newtabpage.enabled to false
1661786905693	Marionette	DEBUG	Setting recommended pref browser.pagethumbnails.capturing_disabled to true
1661786905694	Marionette	DEBUG	Setting recommended pref browser.search.update to false
1661786905694	Marionette	DEBUG	Setting recommended pref browser.tabs.disableBackgroundZombification to false
1661786905694	Marionette	DEBUG	Setting recommended pref browser.tabs.warnOnCloseOtherTabs to false
1661786905694	Marionette	DEBUG	Setting recommended pref browser.tabs.warnOnOpen to false
1661786905694	Marionette	DEBUG	Setting recommended pref browser.usedOnWindows10.introURL to 
1661786905694	Marionette	DEBUG	Setting recommended pref browser.urlbar.suggest.searches to false
1661786905694	Marionette	DEBUG	Setting recommended pref datareporting.policy.dataSubmissionPolicyAccepted to false
1661786905694	Marionette	DEBUG	Setting recommended pref dom.disable_beforeunload to true
1661786905695	Marionette	DEBUG	Setting recommended pref dom.disable_open_during_load to false
1661786905695	Marionette	DEBUG	Setting recommended pref dom.file.createInChild to true
1661786905695	Marionette	DEBUG	Setting recommended pref dom.max_chrome_script_run_time to 0
1661786905695	Marionette	DEBUG	Setting recommended pref dom.max_script_run_time to 0
1661786905695	Marionette	DEBUG	Setting recommended pref extensions.getAddons.cache.enabled to false
1661786905695	Marionette	DEBUG	Setting recommended pref extensions.webservice.discoverURL to http://%(server)s/dummy/discoveryURL
1661786905695	Marionette	DEBUG	Setting recommended pref network.http.prompt-temp-redirect to false
1661786905695	Marionette	DEBUG	Setting recommended pref network.http.speculative-parallel-limit to 0
1661786905695	Marionette	DEBUG	Setting recommended pref security.fileuri.strict_origin_policy to false
1661786905695	Marionette	DEBUG	Setting recommended pref security.notification_enable_delay to 0
1661786905695	Marionette	DEBUG	Setting recommended pref signon.autofillForms to false
1661786905696	Marionette	DEBUG	Setting recommended pref signon.rememberSignons to false
1661786905696	Marionette	DEBUG	Setting recommended pref toolkit.cosmeticAnimations.enabled to false
1661786905723	Marionette	INFO	Listening on port 50831
1661786905723	Marionette	DEBUG	Remote service is active
1661786905896	Marionette	DEBUG	Accepted connection 0 from 127.0.0.1:50832
1661786905897	Marionette	DEBUG	0 -> [0,1,"WebDriver:NewSession",{"acceptInsecureCerts":true,"browserName":"firefox"}]
1661786905898	Marionette	WARN	TLS certificate errors will be ignored for this session
1661786905926	Marionette	TRACE	[6442450945] Frame script loaded
1661786905927	Marionette	TRACE	[6442450945] Frame script registered
1661786905932	Marionette	DEBUG	0 <- [1,1,null,{"sessionId":"bde414f5-fd1a-40f4-8b22-98ba4d7f478a","capabilities":{"browserName":"firefox","browserVersion":"65.0" ... ozprofile.jPFsB2wbxqcA","moz:shutdownTimeout":60000,"moz:useNonSpecCompliantPointerOrigin":false,"moz:webdriverClick":true}}]
1661786905957	Marionette	DEBUG	0 -> [0,2,"WebDriver:Navigate",{"url":"https://www.zhipin.com/web/geek/job?query=%E8%BD%AF%E4%BB%B6%E6%B5%8B%E8%AF%95&city=101010100"}]
1661786905966	Marionette	TRACE	[6442450945] Received DOM event beforeunload for about:blank
1661786906662	Marionette	TRACE	[6442450945] Received DOM event pagehide for about:blank
1661786907539	Marionette	TRACE	[6442450945] Received DOM event DOMContentLoaded for https://www.zhipin.com/web/geek/job?query=%E8%BD%AF%E4%BB%B6%E6%B5%8B%E8%AF%95&city=101010100
1661786907904	Marionette	TRACE	[6442450945] Received DOM event beforeunload for https://www.zhipin.com/web/geek/job?query=%E8%BD%AF%E4%BB%B6%E6%B5%8B%E8%AF%95&city=101010100
1661786907904	Marionette	TRACE	[6442450945] Received DOM event pageshow for https://www.zhipin.com/web/geek/job?query=%E8%BD%AF%E4%BB%B6%E6%B5%8B%E8%AF%95&city=101010100
1661786907946	Marionette	TRACE	[6442450945] Received DOM event unload for https://www.zhipin.com/web/geek/job?query=%E8%BD%AF%E4%BB%B6%E6%B5%8B%E8%AF%95&city=101010100
1661786907955	Marionette	TRACE	[6442450945] Received DOM event DOMContentLoaded for https://www.zhipin.com/web/common/security-check.html?seed=PFqutUox4iB9facEUV%2FOfxlQ92D9%2BlHA6vL0e%2FNH%2FMo%3D&name=393d52 ... 2Fwww.zhipin.com%2Fweb%2Fgeek%2Fjob%3Fquery%3D%25E8%25BD%25AF%25E4%25BB%25B6%25E6%25B5%258B%25E8%25AF%2595%26city%3D101010100
1661786907967	Marionette	TRACE	[6442450945] Received observer notification outer-window-destroyed
1661786909393	Marionette	TRACE	[6442450945] Received DOM event pageshow for https://www.zhipin.com/web/common/security-check.html?seed=PFqutUox4iB9facEUV%2FOfxlQ92D9%2BlHA6vL0e%2FNH%2FMo%3D&name=393d52 ... 2Fwww.zhipin.com%2Fweb%2Fgeek%2Fjob%3Fquery%3D%25E8%25BD%25AF%25E4%25BB%25B6%25E6%25B5%258B%25E8%25AF%2595%26city%3D101010100
1661786909394	Marionette	DEBUG	0 <- [1,2,null,{"value":null}]
1661786909396	Marionette	DEBUG	0 -> [0,3,"WebDriver:GetAlertText",{}]
1661786909397	Marionette	DEBUG	0 <- [1,3,{"error":"no such alert","message":"","stacktrace":"WebDriverError@chrome://marionette/content/error.js:179:5\nNoSuchAle ... et@chrome://marionette/content/server.js:236:8\n_onJSONObjectReady/<@chrome://marionette/content/transport.js:490:9\n"},null]
1661786909412	Marionette	DEBUG	Closed connection 0
JavaScript error: https://www.zhipin.com/web/common/security-js/393d5208.js, line 1: ReferenceError: done is not defined
[Parent 11120, Gecko_IOThread] WARNING: pipe error: 109: file z:/build/build/src/ipc/chromium/src/chrome/common/ipc_channel_win.cc, line 332
[Child 9064, Chrome_ChildThread] WARNING: pipe error: 109: file z:/build/build/src/ipc/chromium/src/chrome/common/ipc_channel_win.cc, line 332
[Child 9064, Chrome_ChildThread] WARNING: pipe error: 109: file z:/build/build/src/ipc/chromium/src/chrome/common/ipc_channel_win.cc, line 332
[Parent 11120, Gecko_IOThread] WARNING: pipe error: 109: file z:/build/build/src/ipc/chromium/src/chrome/common/ipc_channel_win.cc, line 332
[Child 2752, Chrome_ChildThread] WARNING: pipe error: 109: file z:/build/build/src/ipc/chromium/src/chrome/common/ipc_channel_win.cc, line 332
[Parent 11120, Gecko_IOThread] WARNING: pipe error: 109: file z:/build/build/src/ipc/chromium/src/chrome/common/ipc_channel_win.cc, line 332
1661786945273	Marionette	TRACE	Received observer notification xpcom-will-shutdown
1661786945273	Marionette	DEBUG	Resetting recommended pref apz.content_response_timeout
1661786945273	Marionette	DEBUG	Resetting recommended pref browser.contentblocking.introCount
1661786945273	Marionette	DEBUG	Resetting recommended pref browser.download.panel.shown
1661786945273	Marionette	DEBUG	Resetting recommended pref browser.newtabpage.enabled
1661786945274	Marionette	DEBUG	Resetting recommended pref browser.pagethumbnails.capturing_disabled
1661786945274	Marionette	DEBUG	Resetting recommended pref browser.search.update
1661786945274	Marionette	DEBUG	Resetting recommended pref browser.tabs.disableBackgroundZombification
1661786945274	Marionette	DEBUG	Resetting recommended pref browser.tabs.warnOnCloseOtherTabs
1661786945274	Marionette	DEBUG	Resetting recommended pref browser.tabs.warnOnOpen
1661786945274	Marionette	DEBUG	Resetting recommended pref browser.usedOnWindows10.introURL
1661786945274	Marionette	DEBUG	Resetting recommended pref browser.urlbar.suggest.searches
1661786945275	Marionette	DEBUG	Resetting recommended pref datareporting.policy.dataSubmissionPolicyAccepted
1661786945275	Marionette	DEBUG	Resetting recommended pref dom.disable_beforeunload
1661786945275	Marionette	DEBUG	Resetting recommended pref dom.disable_open_during_load
1661786945275	Marionette	DEBUG	Resetting recommended pref dom.file.createInChild
1661786945275	Marionette	DEBUG	Resetting recommended pref dom.max_chrome_script_run_time
1661786945275	Marionette	DEBUG	Resetting recommended pref dom.max_script_run_time
1661786945275	Marionette	DEBUG	Resetting recommended pref extensions.getAddons.cache.enabled
1661786945275	Marionette	DEBUG	Resetting recommended pref extensions.webservice.discoverURL
1661786945275	Marionette	DEBUG	Resetting recommended pref network.http.prompt-temp-redirect
1661786945275	Marionette	DEBUG	Resetting recommended pref network.http.speculative-parallel-limit
1661786945275	Marionette	DEBUG	Resetting recommended pref security.fileuri.strict_origin_policy
1661786945275	Marionette	DEBUG	Resetting recommended pref security.notification_enable_delay
1661786945275	Marionette	DEBUG	Resetting recommended pref signon.autofillForms
1661786945275	Marionette	DEBUG	Resetting recommended pref signon.rememberSignons
1661786945276	Marionette	DEBUG	Resetting recommended pref toolkit.cosmeticAnimations.enabled
1661786945276	Marionette	INFO	Stopped listening on port 50831
1661786945276	Marionette	DEBUG	Remote service is inactive
[GPU 12304, Chrome_ChildThread] WARNING: pipe error: 109: file z:/build/build/src/ipc/chromium/src/chrome/common/ipc_channel_win.cc, line 332

###!!! [Child][RunMessage] Error: Channel closing: too late to send/recv, messages will be lost


###!!! [Child][MessageChannel::SendAndWait] Error: Channel error: cannot send/recv

