1661521052565	mozrunner::runner	INFO	Running command: "D:\\Firefox\\firefox.exe" "-marionette" "-foreground" "-no-remote" "-profile" "C:\\Users\\11203\\AppData\\Local\\Temp\\rust_mozprofile.FsQr58sLNUbV"
1661521054436	addons.webextension.screenshots@mozilla.org	WARN	Loading extension 'screenshots@mozilla.org': Reading manifest: Invalid host permission: resource://pdf.js/
1661521054437	addons.webextension.screenshots@mozilla.org	WARN	Loading extension 'screenshots@mozilla.org': Reading manifest: Invalid host permission: about:reader*
1661521054555	Marionette	TRACE	Received observer notification profile-after-change
1661521054656	Marionette	TRACE	Received observer notification toplevel-window-ready
1661521054719	Marionette	TRACE	Received observer notification command-line-startup
1661521054720	Marionette	TRACE	Received observer notification nsPref:changed
1661521054720	Marionette	DEBUG	Init aborted (running=false, enabled=true, finalUIStartup=false)
1661521054883	Marionette	TRACE	Received observer notification toplevel-window-ready
1661521055854	Marionette	TRACE	Received observer notification sessionstore-windows-restored
1661521055855	Marionette	TRACE	Waiting until startup recorder finished recording startup scripts...
1661521055984	Marionette	TRACE	All scripts recorded.
1661521055984	Marionette	DEBUG	Setting recommended pref apz.content_response_timeout to 60000
1661521055984	Marionette	DEBUG	Setting recommended pref browser.contentblocking.introCount to 99
1661521055984	Marionette	DEBUG	Setting recommended pref browser.download.panel.shown to true
1661521055985	Marionette	DEBUG	Setting recommended pref browser.newtabpage.enabled to false
1661521055985	Marionette	DEBUG	Setting recommended pref browser.pagethumbnails.capturing_disabled to true
1661521055985	Marionette	DEBUG	Setting recommended pref browser.search.update to false
1661521055985	Marionette	DEBUG	Setting recommended pref browser.tabs.disableBackgroundZombification to false
1661521055986	Marionette	DEBUG	Setting recommended pref browser.tabs.warnOnCloseOtherTabs to false
1661521055986	Marionette	DEBUG	Setting recommended pref browser.tabs.warnOnOpen to false
1661521055986	Marionette	DEBUG	Setting recommended pref browser.usedOnWindows10.introURL to 
1661521055986	Marionette	DEBUG	Setting recommended pref browser.urlbar.suggest.searches to false
1661521055986	Marionette	DEBUG	Setting recommended pref datareporting.policy.dataSubmissionPolicyAccepted to false
1661521055986	Marionette	DEBUG	Setting recommended pref dom.disable_beforeunload to true
1661521055986	Marionette	DEBUG	Setting recommended pref dom.disable_open_during_load to false
1661521055986	Marionette	DEBUG	Setting recommended pref dom.file.createInChild to true
1661521055986	Marionette	DEBUG	Setting recommended pref dom.max_chrome_script_run_time to 0
1661521055987	Marionette	DEBUG	Setting recommended pref dom.max_script_run_time to 0
1661521055987	Marionette	DEBUG	Setting recommended pref extensions.getAddons.cache.enabled to false
1661521055987	Marionette	DEBUG	Setting recommended pref extensions.webservice.discoverURL to http://%(server)s/dummy/discoveryURL
1661521055987	Marionette	DEBUG	Setting recommended pref network.http.prompt-temp-redirect to false
1661521055987	Marionette	DEBUG	Setting recommended pref network.http.speculative-parallel-limit to 0
1661521055987	Marionette	DEBUG	Setting recommended pref security.fileuri.strict_origin_policy to false
1661521055987	Marionette	DEBUG	Setting recommended pref security.notification_enable_delay to 0
1661521055987	Marionette	DEBUG	Setting recommended pref signon.autofillForms to false
1661521055987	Marionette	DEBUG	Setting recommended pref signon.rememberSignons to false
1661521055987	Marionette	DEBUG	Setting recommended pref toolkit.cosmeticAnimations.enabled to false
1661521056033	Marionette	INFO	Listening on port 60947
1661521056034	Marionette	DEBUG	Remote service is active
1661521056315	Marionette	DEBUG	Accepted connection 0 from 127.0.0.1:60953
1661521056317	Marionette	DEBUG	0 -> [0,1,"WebDriver:NewSession",{"acceptInsecureCerts":true,"browserName":"firefox"}]
1661521056317	Marionette	WARN	TLS certificate errors will be ignored for this session
1661521056355	Marionette	TRACE	[6442450945] Frame script loaded
1661521056356	Marionette	TRACE	[6442450945] Frame script registered
1661521056357	Marionette	DEBUG	0 <- [1,1,null,{"sessionId":"a7e59ba8-aef3-4331-8a8c-8a4b72f9be88","capabilities":{"browserName":"firefox","browserVersion":"65.0" ... ozprofile.FsQr58sLNUbV","moz:shutdownTimeout":60000,"moz:useNonSpecCompliantPointerOrigin":false,"moz:webdriverClick":true}}]
1661521056383	Marionette	DEBUG	0 -> [0,2,"WebDriver:Navigate",{"url":"https://warwetretyry.com/portal.php"}]
1661521056390	Marionette	TRACE	[6442450945] Received DOM event beforeunload for about:blank
1661521057883	Marionette	TRACE	[6442450945] Received DOM event pagehide for about:blank
1661521058366	Marionette	TRACE	[6442450945] Received DOM event DOMContentLoaded for https://warwetretyry.com/portal.php
1661521058456	Marionette	TRACE	[6442450945] Received observer notification outer-window-destroyed
1661521058493	Marionette	TRACE	[6442450945] Received observer notification outer-window-destroyed
1661521065828	Marionette	TRACE	[6442450945] Received DOM event pageshow for https://warwetretyry.com/portal.php
1661521065829	Marionette	DEBUG	0 <- [1,2,null,{"value":null}]
1661521065833	Marionette	DEBUG	0 -> [0,3,"WebDriver:MinimizeWindow",{}]
1661521065838	Marionette	TRACE	Received DOM event visibilitychange
1661521066150	Marionette	DEBUG	0 <- [1,3,null,{"x":-32000,"y":-32000,"width":160,"height":28,"state":"minimized"}]
1661521066154	Marionette	DEBUG	0 -> [0,4,"WebDriver:FindElement",{"using":"xpath","value":"/html/body/div[6]/div/div/div/div[2]/div[2]/div/ul/li[1]/a/span"}]
1661521066157	Marionette	DEBUG	0 <- [1,4,null,{"value":{"element-6066-11e4-a52e-4f735466cecf":"d6dc6fc1-77de-4b63-aa74-f21f1d8057e8"}}]
1661521066159	Marionette	DEBUG	0 -> [0,5,"WebDriver:ElementClick",{"id":"d6dc6fc1-77de-4b63-aa74-f21f1d8057e8"}]
1661521066194	Marionette	TRACE	[6442450953] Frame script loaded
1661521066200	Marionette	TRACE	[6442450953] Frame script registered
1661521066680	Marionette	WARN	TimedPromise timed out after 500 ms: stacktrace:
bail@chrome://marionette/content/sync.js:196:64
1661521066884	Marionette	DEBUG	[6442450945] Canceled page load listener because no navigation has been detected
1661521066886	Marionette	DEBUG	0 <- [1,5,null,{"value":null}]
1661521066888	Marionette	DEBUG	0 -> [0,6,"WebDriver:FindElement",{"using":"xpath","value":"/html/body/div[6]/div/div/div/div[2]/div[2]/div/ul/li[1]/a/span"}]
1661521066889	Marionette	DEBUG	0 <- [1,6,null,{"value":{"element-6066-11e4-a52e-4f735466cecf":"d6dc6fc1-77de-4b63-aa74-f21f1d8057e8"}}]
1661521066891	Marionette	DEBUG	0 -> [0,7,"WebDriver:GetElementText",{"id":"d6dc6fc1-77de-4b63-aa74-f21f1d8057e8"}]
1661521066902	Marionette	DEBUG	0 <- [1,7,null,{"value":"sheseducedme-madi.collins.and.serene.sir"}]
1661521066906	Marionette	DEBUG	0 -> [0,8,"WebDriver:GetWindowHandles",{}]
1661521066906	Marionette	DEBUG	0 <- [1,8,null,["6442450945","6442450953"]]
1661521066909	Marionette	DEBUG	0 -> [0,9,"WebDriver:SwitchToWindow",{"name":"6442450953"}]
1661521066909	Marionette	DEBUG	0 <- [1,9,null,{"value":null}]
1661521072957	mozrunner::runner	INFO	Running command: "D:\\Firefox\\firefox.exe" "-marionette" "-foreground" "-no-remote" "-profile" "C:\\Users\\11203\\AppData\\Local\\Temp\\rust_mozprofile.nWLJwOkB7Oll"
1661521073271	addons.webextension.screenshots@mozilla.org	WARN	Loading extension 'screenshots@mozilla.org': Reading manifest: Invalid host permission: resource://pdf.js/
1661521073271	addons.webextension.screenshots@mozilla.org	WARN	Loading extension 'screenshots@mozilla.org': Reading manifest: Invalid host permission: about:reader*
1661521073374	Marionette	TRACE	Received observer notification profile-after-change
1661521073470	Marionette	TRACE	Received observer notification toplevel-window-ready
1661521073502	Marionette	TRACE	Received observer notification command-line-startup
1661521073502	Marionette	TRACE	Received observer notification nsPref:changed
1661521073502	Marionette	DEBUG	Init aborted (running=false, enabled=true, finalUIStartup=false)
1661521073593	Marionette	TRACE	Received observer notification toplevel-window-ready
1661521074317	Marionette	TRACE	Received observer notification sessionstore-windows-restored
1661521074317	Marionette	TRACE	Waiting until startup recorder finished recording startup scripts...
1661521074435	Marionette	TRACE	All scripts recorded.
1661521074435	Marionette	DEBUG	Setting recommended pref apz.content_response_timeout to 60000
1661521074435	Marionette	DEBUG	Setting recommended pref browser.contentblocking.introCount to 99
1661521074435	Marionette	DEBUG	Setting recommended pref browser.download.panel.shown to true
1661521074435	Marionette	DEBUG	Setting recommended pref browser.newtabpage.enabled to false
1661521074436	Marionette	DEBUG	Setting recommended pref browser.pagethumbnails.capturing_disabled to true
1661521074436	Marionette	DEBUG	Setting recommended pref browser.search.update to false
1661521074436	Marionette	DEBUG	Setting recommended pref browser.tabs.disableBackgroundZombification to false
1661521074436	Marionette	DEBUG	Setting recommended pref browser.tabs.warnOnCloseOtherTabs to false
1661521074436	Marionette	DEBUG	Setting recommended pref browser.tabs.warnOnOpen to false
1661521074437	Marionette	DEBUG	Setting recommended pref browser.usedOnWindows10.introURL to 
1661521074437	Marionette	DEBUG	Setting recommended pref browser.urlbar.suggest.searches to false
1661521074437	Marionette	DEBUG	Setting recommended pref datareporting.policy.dataSubmissionPolicyAccepted to false
1661521074437	Marionette	DEBUG	Setting recommended pref dom.disable_beforeunload to true
1661521074437	Marionette	DEBUG	Setting recommended pref dom.disable_open_during_load to false
1661521074437	Marionette	DEBUG	Setting recommended pref dom.file.createInChild to true
1661521074438	Marionette	DEBUG	Setting recommended pref dom.max_chrome_script_run_time to 0
1661521074438	Marionette	DEBUG	Setting recommended pref dom.max_script_run_time to 0
1661521074438	Marionette	DEBUG	Setting recommended pref extensions.getAddons.cache.enabled to false
1661521074438	Marionette	DEBUG	Setting recommended pref extensions.webservice.discoverURL to http://%(server)s/dummy/discoveryURL
1661521074438	Marionette	DEBUG	Setting recommended pref network.http.prompt-temp-redirect to false
1661521074438	Marionette	DEBUG	Setting recommended pref network.http.speculative-parallel-limit to 0
1661521074438	Marionette	DEBUG	Setting recommended pref security.fileuri.strict_origin_policy to false
1661521074438	Marionette	DEBUG	Setting recommended pref security.notification_enable_delay to 0
1661521074438	Marionette	DEBUG	Setting recommended pref signon.autofillForms to false
1661521074438	Marionette	DEBUG	Setting recommended pref signon.rememberSignons to false
1661521074438	Marionette	DEBUG	Setting recommended pref toolkit.cosmeticAnimations.enabled to false
1661521074471	Marionette	INFO	Listening on port 60993
1661521074471	Marionette	DEBUG	Remote service is active
1661521074487	Marionette	DEBUG	Accepted connection 0 from 127.0.0.1:60994
1661521074493	Marionette	DEBUG	0 -> [0,1,"WebDriver:NewSession",{"acceptInsecureCerts":true,"browserName":"firefox"}]
1661521074494	Marionette	WARN	TLS certificate errors will be ignored for this session
1661521075045	Marionette	TRACE	[6442450945] Frame script loaded
1661521075046	Marionette	TRACE	[6442450945] Frame script registered
1661521075048	Marionette	DEBUG	0 <- [1,1,null,{"sessionId":"719be34e-a847-4763-a760-3e2d24a4390a","capabilities":{"browserName":"firefox","browserVersion":"65.0" ... ozprofile.nWLJwOkB7Oll","moz:shutdownTimeout":60000,"moz:useNonSpecCompliantPointerOrigin":false,"moz:webdriverClick":true}}]
1661521075071	Marionette	DEBUG	0 -> [0,2,"WebDriver:Navigate",{"url":"https://warwetretyry.com/portal.php"}]
1661521075076	Marionette	TRACE	[6442450945] Received DOM event beforeunload for about:blank
1661521075989	Marionette	TRACE	[6442450945] Received DOM event pagehide for about:blank
1661521076409	Marionette	TRACE	[6442450945] Received DOM event DOMContentLoaded for https://warwetretyry.com/portal.php
1661521076475	Marionette	TRACE	[6442450945] Received observer notification outer-window-destroyed
1661521076494	Marionette	TRACE	[6442450945] Received observer notification outer-window-destroyed
1661521081407	Marionette	TRACE	[6442450945] Received DOM event pageshow for https://warwetretyry.com/portal.php
1661521081408	Marionette	DEBUG	0 <- [1,2,null,{"value":null}]
1661521081411	Marionette	DEBUG	0 -> [0,3,"WebDriver:MinimizeWindow",{}]
1661521081413	Marionette	TRACE	Received DOM event visibilitychange
1661521081683	Marionette	DEBUG	0 <- [1,3,null,{"x":-32000,"y":-32000,"width":160,"height":28,"state":"minimized"}]
1661521081685	Marionette	DEBUG	0 -> [0,4,"WebDriver:FindElement",{"using":"xpath","value":"/html/body/div[6]/div/div/div/div[2]/div[2]/div/ul/li[2]/a/span"}]
1661521081688	Marionette	DEBUG	0 <- [1,4,null,{"value":{"element-6066-11e4-a52e-4f735466cecf":"32991909-b939-4e34-bb46-48f045892415"}}]
1661521081690	Marionette	DEBUG	0 -> [0,5,"WebDriver:ElementClick",{"id":"32991909-b939-4e34-bb46-48f045892415"}]
JavaScript error: , line 0: NotSupportedError: Operation is not supported
1661521081796	Marionette	TRACE	[6442450953] Frame script loaded
1661521081797	Marionette	TRACE	[6442450953] Frame script registered
JavaScript error: , line 0: NotSupportedError: Operation is not supported
1661521082196	Marionette	WARN	TimedPromise timed out after 500 ms: stacktrace:
bail@chrome://marionette/content/sync.js:196:64
1661521082400	Marionette	DEBUG	[6442450945] Canceled page load listener because no navigation has been detected
1661521082403	Marionette	DEBUG	0 <- [1,5,null,{"value":null}]
1661521082406	Marionette	DEBUG	0 -> [0,6,"WebDriver:FindElement",{"using":"xpath","value":"/html/body/div[6]/div/div/div/div[2]/div[2]/div/ul/li[2]/a/span"}]
1661521082422	Marionette	DEBUG	0 <- [1,6,null,{"value":{"element-6066-11e4-a52e-4f735466cecf":"32991909-b939-4e34-bb46-48f045892415"}}]
1661521082425	Marionette	DEBUG	0 -> [0,7,"WebDriver:GetElementText",{"id":"32991909-b939-4e34-bb46-48f045892415"}]
1661521082434	Marionette	DEBUG	0 <- [1,7,null,{"value":"pornworld-billy.star.and.chloe.lamour.4k"}]
1661521082435	Marionette	DEBUG	0 -> [0,8,"WebDriver:GetWindowHandles",{}]
1661521082435	Marionette	DEBUG	0 <- [1,8,null,["6442450945","6442450953"]]
1661521082437	Marionette	DEBUG	0 -> [0,9,"WebDriver:SwitchToWindow",{"name":"6442450953"}]
1661521082437	Marionette	DEBUG	0 <- [1,9,null,{"value":null}]
1661521088504	mozrunner::runner	INFO	Running command: "D:\\Firefox\\firefox.exe" "-marionette" "-foreground" "-no-remote" "-profile" "C:\\Users\\11203\\AppData\\Local\\Temp\\rust_mozprofile.Qh6ECNjilouq"
1661521089619	addons.webextension.screenshots@mozilla.org	WARN	Loading extension 'screenshots@mozilla.org': Reading manifest: Invalid host permission: resource://pdf.js/
1661521089619	addons.webextension.screenshots@mozilla.org	WARN	Loading extension 'screenshots@mozilla.org': Reading manifest: Invalid host permission: about:reader*
1661521089714	Marionette	TRACE	Received observer notification profile-after-change
1661521089793	Marionette	TRACE	Received observer notification toplevel-window-ready
1661521089823	Marionette	TRACE	Received observer notification command-line-startup
1661521089824	Marionette	TRACE	Received observer notification nsPref:changed
1661521089824	Marionette	DEBUG	Init aborted (running=false, enabled=true, finalUIStartup=false)
1661521089901	Marionette	TRACE	Received observer notification toplevel-window-ready
1661521091336	Marionette	TRACE	Received observer notification sessionstore-windows-restored
1661521091337	Marionette	TRACE	GFX sanity window detected, waiting until it has been closed...
1661521092907	Marionette	TRACE	Received observer notification domwindowclosed
1661521092907	Marionette	TRACE	Waiting until startup recorder finished recording startup scripts...
1661521092936	Marionette	TRACE	All scripts recorded.
1661521092936	Marionette	DEBUG	Setting recommended pref apz.content_response_timeout to 60000
1661521092937	Marionette	DEBUG	Setting recommended pref browser.contentblocking.introCount to 99
1661521092937	Marionette	DEBUG	Setting recommended pref browser.download.panel.shown to true
1661521092937	Marionette	DEBUG	Setting recommended pref browser.newtabpage.enabled to false
1661521092937	Marionette	DEBUG	Setting recommended pref browser.pagethumbnails.capturing_disabled to true
1661521092938	Marionette	DEBUG	Setting recommended pref browser.search.update to false
1661521092938	Marionette	DEBUG	Setting recommended pref browser.tabs.disableBackgroundZombification to false
1661521092938	Marionette	DEBUG	Setting recommended pref browser.tabs.warnOnCloseOtherTabs to false
1661521092938	Marionette	DEBUG	Setting recommended pref browser.tabs.warnOnOpen to false
1661521092938	Marionette	DEBUG	Setting recommended pref browser.usedOnWindows10.introURL to 
1661521092938	Marionette	DEBUG	Setting recommended pref browser.urlbar.suggest.searches to false
1661521092939	Marionette	DEBUG	Setting recommended pref datareporting.policy.dataSubmissionPolicyAccepted to false
1661521092939	Marionette	DEBUG	Setting recommended pref dom.disable_beforeunload to true
1661521092939	Marionette	DEBUG	Setting recommended pref dom.disable_open_during_load to false
1661521092939	Marionette	DEBUG	Setting recommended pref dom.file.createInChild to true
1661521092939	Marionette	DEBUG	Setting recommended pref dom.max_chrome_script_run_time to 0
1661521092939	Marionette	DEBUG	Setting recommended pref dom.max_script_run_time to 0
1661521092940	Marionette	DEBUG	Setting recommended pref extensions.getAddons.cache.enabled to false
1661521092940	Marionette	DEBUG	Setting recommended pref extensions.webservice.discoverURL to http://%(server)s/dummy/discoveryURL
1661521092940	Marionette	DEBUG	Setting recommended pref network.http.prompt-temp-redirect to false
1661521092940	Marionette	DEBUG	Setting recommended pref network.http.speculative-parallel-limit to 0
1661521092940	Marionette	DEBUG	Setting recommended pref security.fileuri.strict_origin_policy to false
1661521092940	Marionette	DEBUG	Setting recommended pref security.notification_enable_delay to 0
1661521092940	Marionette	DEBUG	Setting recommended pref signon.autofillForms to false
1661521092940	Marionette	DEBUG	Setting recommended pref signon.rememberSignons to false
1661521092941	Marionette	DEBUG	Setting recommended pref toolkit.cosmeticAnimations.enabled to false
1661521092969	Marionette	INFO	Listening on port 61033
1661521092969	Marionette	DEBUG	Remote service is active
1661521093271	Marionette	DEBUG	Accepted connection 0 from 127.0.0.1:61050
1661521093272	Marionette	DEBUG	0 -> [0,1,"WebDriver:NewSession",{"acceptInsecureCerts":true,"browserName":"firefox"}]
1661521093273	Marionette	WARN	TLS certificate errors will be ignored for this session
1661521093301	Marionette	TRACE	[6442450945] Frame script loaded
1661521093302	Marionette	TRACE	[6442450945] Frame script registered
1661521093303	Marionette	DEBUG	0 <- [1,1,null,{"sessionId":"d86c7415-c5b0-4a9c-8dca-02efcbd381bc","capabilities":{"browserName":"firefox","browserVersion":"65.0" ... ozprofile.Qh6ECNjilouq","moz:shutdownTimeout":60000,"moz:useNonSpecCompliantPointerOrigin":false,"moz:webdriverClick":true}}]
1661521093318	Marionette	DEBUG	0 -> [0,2,"WebDriver:Navigate",{"url":"https://warwetretyry.com/portal.php"}]
1661521093323	Marionette	TRACE	[6442450945] Received DOM event beforeunload for about:blank
1661521094220	Marionette	TRACE	[6442450945] Received DOM event pagehide for about:blank
1661521094640	Marionette	TRACE	[6442450945] Received DOM event DOMContentLoaded for https://warwetretyry.com/portal.php
1661521094694	Marionette	TRACE	[6442450945] Received observer notification outer-window-destroyed
1661521094726	Marionette	TRACE	[6442450945] Received observer notification outer-window-destroyed
1661521099737	Marionette	TRACE	[6442450945] Received DOM event pageshow for https://warwetretyry.com/portal.php
1661521099738	Marionette	DEBUG	0 <- [1,2,null,{"value":null}]
1661521099742	Marionette	DEBUG	0 -> [0,3,"WebDriver:MinimizeWindow",{}]
1661521099745	Marionette	TRACE	Received DOM event visibilitychange
1661521100016	Marionette	DEBUG	0 <- [1,3,null,{"x":-32000,"y":-32000,"width":160,"height":28,"state":"minimized"}]
1661521100018	Marionette	DEBUG	0 -> [0,4,"WebDriver:FindElement",{"using":"xpath","value":"/html/body/div[6]/div/div/div/div[2]/div[2]/div/ul/li[3]/a/span"}]
1661521100020	Marionette	DEBUG	0 <- [1,4,null,{"value":{"element-6066-11e4-a52e-4f735466cecf":"1f14da5a-ae57-4f90-bd37-21a082f55eed"}}]
1661521100022	Marionette	DEBUG	0 -> [0,5,"WebDriver:ElementClick",{"id":"1f14da5a-ae57-4f90-bd37-21a082f55eed"}]
JavaScript error: , line 0: NotSupportedError: Operation is not supported
1661521100044	Marionette	TRACE	[6442450953] Frame script loaded
1661521100059	Marionette	TRACE	[6442450953] Frame script registered
JavaScript error: , line 0: NotSupportedError: Operation is not supported
1661521100533	Marionette	WARN	TimedPromise timed out after 500 ms: stacktrace:
bail@chrome://marionette/content/sync.js:196:64
1661521100738	Marionette	DEBUG	[6442450945] Canceled page load listener because no navigation has been detected
1661521100739	Marionette	DEBUG	0 <- [1,5,null,{"value":null}]
1661521100741	Marionette	DEBUG	0 -> [0,6,"WebDriver:FindElement",{"using":"xpath","value":"/html/body/div[6]/div/div/div/div[2]/div[2]/div/ul/li[3]/a/span"}]
1661521100744	Marionette	DEBUG	0 <- [1,6,null,{"value":{"element-6066-11e4-a52e-4f735466cecf":"1f14da5a-ae57-4f90-bd37-21a082f55eed"}}]
1661521100746	Marionette	DEBUG	0 -> [0,7,"WebDriver:GetElementText",{"id":"1f14da5a-ae57-4f90-bd37-21a082f55eed"}]
1661521100753	Marionette	DEBUG	0 <- [1,7,null,{"value":"momdrips-charley.hart.mending.a.broken.h"}]
1661521100756	Marionette	DEBUG	0 -> [0,8,"WebDriver:GetWindowHandles",{}]
1661521100756	Marionette	DEBUG	0 <- [1,8,null,["6442450945","6442450953"]]
1661521100758	Marionette	DEBUG	0 -> [0,9,"WebDriver:SwitchToWindow",{"name":"6442450953"}]
1661521100758	Marionette	DEBUG	0 <- [1,9,null,{"value":null}]
1661521106823	mozrunner::runner	INFO	Running command: "D:\\Firefox\\firefox.exe" "-marionette" "-foreground" "-no-remote" "-profile" "C:\\Users\\11203\\AppData\\Local\\Temp\\rust_mozprofile.Bj1thXvdkV0a"
1661521107996	addons.webextension.screenshots@mozilla.org	WARN	Loading extension 'screenshots@mozilla.org': Reading manifest: Invalid host permission: resource://pdf.js/
1661521107996	addons.webextension.screenshots@mozilla.org	WARN	Loading extension 'screenshots@mozilla.org': Reading manifest: Invalid host permission: about:reader*
1661521108087	Marionette	TRACE	Received observer notification profile-after-change
1661521108183	Marionette	TRACE	Received observer notification toplevel-window-ready
1661521108213	Marionette	TRACE	Received observer notification command-line-startup
1661521108213	Marionette	TRACE	Received observer notification nsPref:changed
1661521108213	Marionette	DEBUG	Init aborted (running=false, enabled=true, finalUIStartup=false)
1661521108292	Marionette	TRACE	Received observer notification toplevel-window-ready
1661521109717	Marionette	TRACE	Received observer notification sessionstore-windows-restored
1661521109717	Marionette	TRACE	GFX sanity window detected, waiting until it has been closed...
1661521181325	mozrunner::runner	INFO	Running command: "D:\\Firefox\\firefox.exe" "-marionette" "-foreground" "-no-remote" "-profile" "C:\\Users\\11203\\AppData\\Local\\Temp\\rust_mozprofile.Da1DWJnAdHDS"
1661521182550	addons.webextension.screenshots@mozilla.org	WARN	Loading extension 'screenshots@mozilla.org': Reading manifest: Invalid host permission: resource://pdf.js/
1661521182550	addons.webextension.screenshots@mozilla.org	WARN	Loading extension 'screenshots@mozilla.org': Reading manifest: Invalid host permission: about:reader*
1661521182640	Marionette	TRACE	Received observer notification profile-after-change
1661521182704	Marionette	TRACE	Received observer notification toplevel-window-ready
1661521182732	Marionette	TRACE	Received observer notification command-line-startup
1661521182732	Marionette	TRACE	Received observer notification nsPref:changed
1661521182732	Marionette	DEBUG	Init aborted (running=false, enabled=true, finalUIStartup=false)
1661521182810	Marionette	TRACE	Received observer notification toplevel-window-ready
1661521183468	Marionette	TRACE	Received observer notification sessionstore-windows-restored
1661521183469	Marionette	TRACE	Waiting until startup recorder finished recording startup scripts...
1661521183564	Marionette	TRACE	All scripts recorded.
1661521183564	Marionette	DEBUG	Setting recommended pref apz.content_response_timeout to 60000
1661521183564	Marionette	DEBUG	Setting recommended pref browser.contentblocking.introCount to 99
1661521183564	Marionette	DEBUG	Setting recommended pref browser.download.panel.shown to true
1661521183564	Marionette	DEBUG	Setting recommended pref browser.newtabpage.enabled to false
1661521183564	Marionette	DEBUG	Setting recommended pref browser.pagethumbnails.capturing_disabled to true
1661521183565	Marionette	DEBUG	Setting recommended pref browser.search.update to false
1661521183565	Marionette	DEBUG	Setting recommended pref browser.tabs.disableBackgroundZombification to false
1661521183565	Marionette	DEBUG	Setting recommended pref browser.tabs.warnOnCloseOtherTabs to false
1661521183565	Marionette	DEBUG	Setting recommended pref browser.tabs.warnOnOpen to false
1661521183565	Marionette	DEBUG	Setting recommended pref browser.usedOnWindows10.introURL to 
1661521183565	Marionette	DEBUG	Setting recommended pref browser.urlbar.suggest.searches to false
1661521183565	Marionette	DEBUG	Setting recommended pref datareporting.policy.dataSubmissionPolicyAccepted to false
1661521183565	Marionette	DEBUG	Setting recommended pref dom.disable_beforeunload to true
1661521183565	Marionette	DEBUG	Setting recommended pref dom.disable_open_during_load to false
1661521183566	Marionette	DEBUG	Setting recommended pref dom.file.createInChild to true
1661521183566	Marionette	DEBUG	Setting recommended pref dom.max_chrome_script_run_time to 0
1661521183566	Marionette	DEBUG	Setting recommended pref dom.max_script_run_time to 0
1661521183566	Marionette	DEBUG	Setting recommended pref extensions.getAddons.cache.enabled to false
1661521183566	Marionette	DEBUG	Setting recommended pref extensions.webservice.discoverURL to http://%(server)s/dummy/discoveryURL
1661521183566	Marionette	DEBUG	Setting recommended pref network.http.prompt-temp-redirect to false
1661521183566	Marionette	DEBUG	Setting recommended pref network.http.speculative-parallel-limit to 0
1661521183566	Marionette	DEBUG	Setting recommended pref security.fileuri.strict_origin_policy to false
1661521183566	Marionette	DEBUG	Setting recommended pref security.notification_enable_delay to 0
1661521183566	Marionette	DEBUG	Setting recommended pref signon.autofillForms to false
1661521183566	Marionette	DEBUG	Setting recommended pref signon.rememberSignons to false
1661521183566	Marionette	DEBUG	Setting recommended pref toolkit.cosmeticAnimations.enabled to false
1661521183594	Marionette	INFO	Listening on port 61105
1661521183594	Marionette	DEBUG	Remote service is active
1661521183973	Marionette	DEBUG	Accepted connection 0 from 127.0.0.1:61118
1661521183974	Marionette	DEBUG	0 -> [0,1,"WebDriver:NewSession",{"acceptInsecureCerts":true,"browserName":"firefox"}]
1661521183974	Marionette	WARN	TLS certificate errors will be ignored for this session
1661521184001	Marionette	TRACE	[6442450945] Frame script loaded
1661521184002	Marionette	TRACE	[6442450945] Frame script registered
1661521184003	Marionette	DEBUG	0 <- [1,1,null,{"sessionId":"9a8abaf9-e827-4fbc-ad7b-6223f29bb7c1","capabilities":{"browserName":"firefox","browserVersion":"65.0" ... ozprofile.Da1DWJnAdHDS","moz:shutdownTimeout":60000,"moz:useNonSpecCompliantPointerOrigin":false,"moz:webdriverClick":true}}]
1661521184030	Marionette	DEBUG	0 -> [0,2,"WebDriver:Navigate",{"url":"https://warwetretyry.com/portal.php"}]
1661521184039	Marionette	TRACE	[6442450945] Received DOM event beforeunload for about:blank
1661521184979	Marionette	TRACE	[6442450945] Received DOM event pagehide for about:blank
1661521185399	Marionette	TRACE	[6442450945] Received DOM event DOMContentLoaded for https://warwetretyry.com/portal.php
1661521185452	Marionette	TRACE	[6442450945] Received observer notification outer-window-destroyed
1661521185483	Marionette	TRACE	[6442450945] Received observer notification outer-window-destroyed
1661521188659	Marionette	TRACE	[6442450945] Received DOM event pageshow for https://warwetretyry.com/portal.php
1661521188660	Marionette	DEBUG	0 <- [1,2,null,{"value":null}]
1661521188663	Marionette	DEBUG	0 -> [0,3,"WebDriver:MinimizeWindow",{}]
1661521188669	Marionette	TRACE	Received DOM event visibilitychange
1661521188930	Marionette	DEBUG	0 <- [1,3,null,{"x":-32000,"y":-32000,"width":160,"height":28,"state":"minimized"}]
1661521188932	Marionette	DEBUG	0 -> [0,4,"WebDriver:FindElement",{"using":"xpath","value":"/html/body/div[6]/div/div/div/div[2]/div[2]/div/ul/li[1]/a/span"}]
1661521188936	Marionette	DEBUG	0 <- [1,4,null,{"value":{"element-6066-11e4-a52e-4f735466cecf":"9c6c3070-7eee-4030-bef5-a4d08d048d92"}}]
1661521188938	Marionette	DEBUG	0 -> [0,5,"WebDriver:ElementClick",{"id":"9c6c3070-7eee-4030-bef5-a4d08d048d92"}]
JavaScript error: , line 0: NotSupportedError: Operation is not supported
1661521188965	Marionette	TRACE	[6442450953] Frame script loaded
1661521188973	Marionette	TRACE	[6442450953] Frame script registered
JavaScript error: , line 0: NotSupportedError: Operation is not supported
1661521189445	Marionette	WARN	TimedPromise timed out after 500 ms: stacktrace:
bail@chrome://marionette/content/sync.js:196:64
1661521189649	Marionette	DEBUG	[6442450945] Canceled page load listener because no navigation has been detected
1661521189649	Marionette	DEBUG	0 <- [1,5,null,{"value":null}]
1661521189651	Marionette	DEBUG	0 -> [0,6,"WebDriver:FindElement",{"using":"xpath","value":"/html/body/div[6]/div/div/div/div[2]/div[2]/div/ul/li[1]/a/span"}]
1661521189653	Marionette	DEBUG	0 <- [1,6,null,{"value":{"element-6066-11e4-a52e-4f735466cecf":"9c6c3070-7eee-4030-bef5-a4d08d048d92"}}]
1661521189655	Marionette	DEBUG	0 -> [0,7,"WebDriver:GetElementText",{"id":"9c6c3070-7eee-4030-bef5-a4d08d048d92"}]
1661521189663	Marionette	DEBUG	0 <- [1,7,null,{"value":"sheseducedme-madi.collins.and.serene.sir"}]
1661521189666	Marionette	DEBUG	0 -> [0,8,"WebDriver:GetWindowHandles",{}]
1661521189666	Marionette	DEBUG	0 <- [1,8,null,["6442450945","6442450953"]]
1661521189667	Marionette	DEBUG	0 -> [0,9,"WebDriver:SwitchToWindow",{"name":"6442450953"}]
1661521189668	Marionette	DEBUG	0 <- [1,9,null,{"value":null}]
1661521192670	Marionette	DEBUG	0 -> [0,10,"WebDriver:GetCurrentURL",{}]
1661521192670	Marionette	DEBUG	0 <- [1,10,null,{"value":"https://warwetretyry.com/thread-954254-1-1.html"}]
1661521193400	Marionette	DEBUG	0 -> [0,11,"WebDriver:FindElement",{"using":"css selector","value":".t_f"}]
1661521193402	Marionette	DEBUG	0 <- [1,11,null,{"value":{"element-6066-11e4-a52e-4f735466cecf":"507d02b3-9a36-4eb3-acf8-1e9922214083"}}]
1661521193404	Marionette	DEBUG	0 -> [0,12,"WebDriver:GetElementText",{"id":"507d02b3-9a36-4eb3-acf8-1e9922214083"}]
1661521193428	Marionette	DEBUG	0 <- [1,12,null,{"value":"【影片名称】：sheseducedme.22.08.01.madi.collins.and.serene.siren\n【出演女优】：madi.collins\n【影片容量】：2.28G\n【是否有码】：无码 ... 要用迅雷官方版下载，官方版本已经被屏蔽】\n【影片预览】：看不到图请挂代理或点右键显示图片\n\n磁力链接：\nmagnet:?xt=urn:btih:BC3E9C30C877C998868C7BAF822E93D3CBAA7624\n复制代码"}]
1661521205998	Marionette	DEBUG	0 -> [0,13,"Marionette:Quit",{"flags":["eForceQuit"]}]
1661521205999	Marionette	INFO	Stopped listening on port 61105
1661521206119	Marionette	DEBUG	0 <- [1,13,null,{"cause":"shutdown"}]
1661521206141	Marionette	DEBUG	0 -> [0,14,"Marionette:Quit",{"flags":["eForceQuit"]}]
1661521206142	Marionette	DEBUG	0 <- [1,14,{"error":"invalid session id","message":"Tried to run command without establishing a connection","stacktrace":"WebDrive ... et@chrome://marionette/content/server.js:236:8\n_onJSONObjectReady/<@chrome://marionette/content/transport.js:490:9\n"},null]
[Parent 17124, Gecko_IOThread] WARNING: pipe error: 109: file z:/build/build/src/ipc/chromium/src/chrome/common/ipc_channel_win.cc, line 332
[Parent 17124, Gecko_IOThread] WARNING: pipe error: 109: file z:/build/build/src/ipc/chromium/src/chrome/common/ipc_channel_win.cc, line 332
[Child 14976, Chrome_ChildThread] WARNING: pipe error: 109: file z:/build/build/src/ipc/chromium/src/chrome/common/ipc_channel_win.cc, line 332
[Child 14976, Chrome_ChildThread] WARNING: pipe error: 109: file z:/build/build/src/ipc/chromium/src/chrome/common/ipc_channel_win.cc, line 332
[Child 19252, Chrome_ChildThread] WARNING: pipe error: 109: file z:/build/build/src/ipc/chromium/src/chrome/common/ipc_channel_win.cc, line 332
[Child 19252, Chrome_ChildThread] WARNING: pipe error: 109: file z:/build/build/src/ipc/chromium/src/chrome/common/ipc_channel_win.cc, line 332
[Parent 17124, Gecko_IOThread] WARNING: file z:/build/build/src/ipc/chromium/src/base/process_util_win.cc, line 166
1661521206174	Marionette	DEBUG	Closed connection 0
[Parent 17124, Gecko_IOThread] WARNING: pipe error: 109: file z:/build/build/src/ipc/chromium/src/chrome/common/ipc_channel_win.cc, line 332
[Child 15912, Chrome_ChildThread] WARNING: pipe error: 109: file z:/build/build/src/ipc/chromium/src/chrome/common/ipc_channel_win.cc, line 332
[Child 15912, Chrome_ChildThread] WARNING: pipe error: 109: file z:/build/build/src/ipc/chromium/src/chrome/common/ipc_channel_win.cc, line 332
1661521206318	Marionette	TRACE	Received observer notification xpcom-will-shutdown
1661521206318	Marionette	DEBUG	Resetting recommended pref apz.content_response_timeout
1661521206318	Marionette	DEBUG	Resetting recommended pref browser.contentblocking.introCount
1661521206319	Marionette	DEBUG	Resetting recommended pref browser.download.panel.shown
1661521206319	Marionette	DEBUG	Resetting recommended pref browser.newtabpage.enabled
1661521206319	Marionette	DEBUG	Resetting recommended pref browser.pagethumbnails.capturing_disabled
1661521206319	Marionette	DEBUG	Resetting recommended pref browser.search.update
1661521206319	Marionette	DEBUG	Resetting recommended pref browser.tabs.disableBackgroundZombification
1661521206319	Marionette	DEBUG	Resetting recommended pref browser.tabs.warnOnCloseOtherTabs
1661521206319	Marionette	DEBUG	Resetting recommended pref browser.tabs.warnOnOpen
1661521206320	Marionette	DEBUG	Resetting recommended pref browser.usedOnWindows10.introURL
1661521206320	Marionette	DEBUG	Resetting recommended pref browser.urlbar.suggest.searches
1661521206320	Marionette	DEBUG	Resetting recommended pref datareporting.policy.dataSubmissionPolicyAccepted
1661521206320	Marionette	DEBUG	Resetting recommended pref dom.disable_beforeunload
1661521206320	Marionette	DEBUG	Resetting recommended pref dom.disable_open_during_load
1661521206320	Marionette	DEBUG	Resetting recommended pref dom.file.createInChild
1661521206320	Marionette	DEBUG	Resetting recommended pref dom.max_chrome_script_run_time
1661521206320	Marionette	DEBUG	Resetting recommended pref dom.max_script_run_time
1661521206320	Marionette	DEBUG	Resetting recommended pref extensions.getAddons.cache.enabled
1661521206320	Marionette	DEBUG	Resetting recommended pref extensions.webservice.discoverURL
1661521206321	Marionette	DEBUG	Resetting recommended pref network.http.prompt-temp-redirect
1661521206321	Marionette	DEBUG	Resetting recommended pref network.http.speculative-parallel-limit
1661521206321	Marionette	DEBUG	Resetting recommended pref security.fileuri.strict_origin_policy
1661521206321	Marionette	DEBUG	Resetting recommended pref security.notification_enable_delay
1661521206321	Marionette	DEBUG	Resetting recommended pref signon.autofillForms
1661521206321	Marionette	DEBUG	Resetting recommended pref signon.rememberSignons
1661521206321	Marionette	DEBUG	Resetting recommended pref toolkit.cosmeticAnimations.enabled
1661521206321	Marionette	DEBUG	Remote service is inactive

###!!! [Child][RunMessage] Error: Channel closing: too late to send/recv, messages will be lost

[GPU 16628, Chrome_ChildThread] WARNING: pipe error: 109: file z:/build/build/src/ipc/chromium/src/chrome/common/ipc_channel_win.cc, line 332

###!!! [Child][MessageChannel::SendAndWait] Error: Channel error: cannot send/recv

1661521209928	mozrunner::runner	INFO	Running command: "D:\\Firefox\\firefox.exe" "-marionette" "-foreground" "-no-remote" "-profile" "C:\\Users\\11203\\AppData\\Local\\Temp\\rust_mozprofile.mdsFi3sGtzcl"
1661521210236	addons.webextension.screenshots@mozilla.org	WARN	Loading extension 'screenshots@mozilla.org': Reading manifest: Invalid host permission: resource://pdf.js/
1661521210236	addons.webextension.screenshots@mozilla.org	WARN	Loading extension 'screenshots@mozilla.org': Reading manifest: Invalid host permission: about:reader*
1661521210326	Marionette	TRACE	Received observer notification profile-after-change
1661521210383	Marionette	TRACE	Received observer notification toplevel-window-ready
1661521210411	Marionette	TRACE	Received observer notification command-line-startup
1661521210411	Marionette	TRACE	Received observer notification nsPref:changed
1661521210411	Marionette	DEBUG	Init aborted (running=false, enabled=true, finalUIStartup=false)
1661521210490	Marionette	TRACE	Received observer notification toplevel-window-ready
1661521211154	Marionette	TRACE	Received observer notification sessionstore-windows-restored
1661521211154	Marionette	TRACE	Waiting until startup recorder finished recording startup scripts...
1661521211252	Marionette	TRACE	All scripts recorded.
1661521211252	Marionette	DEBUG	Setting recommended pref apz.content_response_timeout to 60000
1661521211252	Marionette	DEBUG	Setting recommended pref browser.contentblocking.introCount to 99
1661521211253	Marionette	DEBUG	Setting recommended pref browser.download.panel.shown to true
1661521211253	Marionette	DEBUG	Setting recommended pref browser.newtabpage.enabled to false
1661521211253	Marionette	DEBUG	Setting recommended pref browser.pagethumbnails.capturing_disabled to true
1661521211253	Marionette	DEBUG	Setting recommended pref browser.search.update to false
1661521211253	Marionette	DEBUG	Setting recommended pref browser.tabs.disableBackgroundZombification to false
1661521211254	Marionette	DEBUG	Setting recommended pref browser.tabs.warnOnCloseOtherTabs to false
1661521211254	Marionette	DEBUG	Setting recommended pref browser.tabs.warnOnOpen to false
1661521211254	Marionette	DEBUG	Setting recommended pref browser.usedOnWindows10.introURL to 
1661521211254	Marionette	DEBUG	Setting recommended pref browser.urlbar.suggest.searches to false
1661521211255	Marionette	DEBUG	Setting recommended pref datareporting.policy.dataSubmissionPolicyAccepted to false
1661521211255	Marionette	DEBUG	Setting recommended pref dom.disable_beforeunload to true
1661521211255	Marionette	DEBUG	Setting recommended pref dom.disable_open_during_load to false
1661521211255	Marionette	DEBUG	Setting recommended pref dom.file.createInChild to true
1661521211255	Marionette	DEBUG	Setting recommended pref dom.max_chrome_script_run_time to 0
1661521211255	Marionette	DEBUG	Setting recommended pref dom.max_script_run_time to 0
1661521211255	Marionette	DEBUG	Setting recommended pref extensions.getAddons.cache.enabled to false
1661521211255	Marionette	DEBUG	Setting recommended pref extensions.webservice.discoverURL to http://%(server)s/dummy/discoveryURL
1661521211255	Marionette	DEBUG	Setting recommended pref network.http.prompt-temp-redirect to false
1661521211255	Marionette	DEBUG	Setting recommended pref network.http.speculative-parallel-limit to 0
1661521211255	Marionette	DEBUG	Setting recommended pref security.fileuri.strict_origin_policy to false
1661521211255	Marionette	DEBUG	Setting recommended pref security.notification_enable_delay to 0
1661521211256	Marionette	DEBUG	Setting recommended pref signon.autofillForms to false
1661521211256	Marionette	DEBUG	Setting recommended pref signon.rememberSignons to false
1661521211256	Marionette	DEBUG	Setting recommended pref toolkit.cosmeticAnimations.enabled to false
1661521211283	Marionette	INFO	Listening on port 61154
1661521211284	Marionette	DEBUG	Remote service is active
1661521211450	Marionette	DEBUG	Accepted connection 0 from 127.0.0.1:61155
1661521211452	Marionette	DEBUG	0 -> [0,1,"WebDriver:NewSession",{"acceptInsecureCerts":true,"browserName":"firefox"}]
1661521211452	Marionette	WARN	TLS certificate errors will be ignored for this session
1661521211480	Marionette	TRACE	[6442450945] Frame script loaded
1661521211481	Marionette	TRACE	[6442450945] Frame script registered
1661521211482	Marionette	DEBUG	0 <- [1,1,null,{"sessionId":"5614438b-a703-4027-899f-6341e90309cd","capabilities":{"browserName":"firefox","browserVersion":"65.0" ... ozprofile.mdsFi3sGtzcl","moz:shutdownTimeout":60000,"moz:useNonSpecCompliantPointerOrigin":false,"moz:webdriverClick":true}}]
1661521211526	Marionette	DEBUG	0 -> [0,2,"WebDriver:Navigate",{"url":"https://warwetretyry.com/portal.php"}]
1661521211531	Marionette	TRACE	[6442450945] Received DOM event beforeunload for about:blank
1661521212481	Marionette	TRACE	[6442450945] Received DOM event pagehide for about:blank
1661521212974	Marionette	TRACE	[6442450945] Received observer notification outer-window-destroyed
1661521213002	Marionette	TRACE	[6442450945] Received DOM event DOMContentLoaded for https://warwetretyry.com/portal.php
1661521213004	Marionette	TRACE	[6442450945] Received observer notification outer-window-destroyed
