1622189842797	mozrunner::runner	INFO	Running command: "C:\\Program Files\\Mozilla Firefox\\firefox.exe" "-marionette" "-foreground" "-no-remote" "-profile" "C:\\Users\\ADMINI~1\\AppData\\Local\\Temp\\rust_mozprofile.dlfVbyRU15jt"
1622189843143	addons.webextension.screenshots@mozilla.org	WARN	Loading extension 'screenshots@mozilla.org': Reading manifest: Invalid host permission: resource://pdf.js/
1622189843143	addons.webextension.screenshots@mozilla.org	WARN	Loading extension 'screenshots@mozilla.org': Reading manifest: Invalid host permission: about:reader*
1622189843236	Marionette	TRACE	Received observer notification profile-after-change
1622189843277	Marionette	TRACE	Received observer notification toplevel-window-ready
1622189843304	Marionette	TRACE	Received observer notification command-line-startup
1622189843304	Marionette	TRACE	Received observer notification nsPref:changed
1622189843304	Marionette	DEBUG	Init aborted (running=false, enabled=true, finalUIStartup=false)
1622189843361	Marionette	TRACE	Received observer notification toplevel-window-ready
1622189844239	Marionette	TRACE	Received observer notification sessionstore-windows-restored
1622189844240	Marionette	TRACE	Waiting until startup recorder finished recording startup scripts...
1622189844347	Marionette	TRACE	All scripts recorded.
1622189844347	Marionette	DEBUG	Setting recommended pref apz.content_response_timeout to 60000
1622189844348	Marionette	DEBUG	Setting recommended pref browser.contentblocking.introCount to 99
1622189844348	Marionette	DEBUG	Setting recommended pref browser.download.panel.shown to true
1622189844348	Marionette	DEBUG	Setting recommended pref browser.newtabpage.enabled to false
1622189844348	Marionette	DEBUG	Setting recommended pref browser.pagethumbnails.capturing_disabled to true
1622189844348	Marionette	DEBUG	Setting recommended pref browser.search.update to false
1622189844349	Marionette	DEBUG	Setting recommended pref browser.tabs.disableBackgroundZombification to false
1622189844349	Marionette	DEBUG	Setting recommended pref browser.tabs.warnOnCloseOtherTabs to false
1622189844349	Marionette	DEBUG	Setting recommended pref browser.tabs.warnOnOpen to false
1622189844349	Marionette	DEBUG	Setting recommended pref browser.usedOnWindows10.introURL to 
1622189844349	Marionette	DEBUG	Setting recommended pref browser.urlbar.suggest.searches to false
1622189844349	Marionette	DEBUG	Setting recommended pref datareporting.policy.dataSubmissionPolicyAccepted to false
1622189844349	Marionette	DEBUG	Setting recommended pref dom.disable_beforeunload to true
1622189844349	Marionette	DEBUG	Setting recommended pref dom.disable_open_during_load to false
1622189844349	Marionette	DEBUG	Setting recommended pref dom.file.createInChild to true
1622189844350	Marionette	DEBUG	Setting recommended pref dom.max_chrome_script_run_time to 0
1622189844350	Marionette	DEBUG	Setting recommended pref dom.max_script_run_time to 0
1622189844350	Marionette	DEBUG	Setting recommended pref extensions.getAddons.cache.enabled to false
1622189844350	Marionette	DEBUG	Setting recommended pref extensions.webservice.discoverURL to http://%(server)s/dummy/discoveryURL
1622189844350	Marionette	DEBUG	Setting recommended pref network.http.prompt-temp-redirect to false
1622189844350	Marionette	DEBUG	Setting recommended pref network.http.speculative-parallel-limit to 0
1622189844350	Marionette	DEBUG	Setting recommended pref security.fileuri.strict_origin_policy to false
1622189844350	Marionette	DEBUG	Setting recommended pref security.notification_enable_delay to 0
1622189844350	Marionette	DEBUG	Setting recommended pref signon.autofillForms to false
1622189844350	Marionette	DEBUG	Setting recommended pref signon.rememberSignons to false
1622189844351	Marionette	DEBUG	Setting recommended pref toolkit.cosmeticAnimations.enabled to false
1622189844407	Marionette	INFO	Listening on port 61823
1622189844407	Marionette	DEBUG	Remote service is active
1622189844848	Marionette	DEBUG	Accepted connection 0 from 127.0.0.1:61824
1622189844848	Marionette	DEBUG	0 -> [0,1,"WebDriver:NewSession",{"acceptInsecureCerts":true,"browserName":"firefox"}]
1622189844849	Marionette	WARN	TLS certificate errors will be ignored for this session
1622189844885	Marionette	TRACE	[6442450945] Frame script loaded
1622189844886	Marionette	TRACE	[6442450945] Frame script registered
1622189844890	Marionette	DEBUG	0 <- [1,1,null,{"sessionId":"cc0f049c-1b13-4136-bbfd-e0ea09a984eb","capabilities":{"browserName":"firefox","browserVersion":"65.0" ... ozprofile.dlfVbyRU15jt","moz:shutdownTimeout":60000,"moz:useNonSpecCompliantPointerOrigin":false,"moz:webdriverClick":true}}]
1622189844893	Marionette	DEBUG	0 -> [0,2,"WebDriver:MaximizeWindow",{}]
1622189844894	Marionette	DEBUG	0 <- [1,2,null,{"x":-8,"y":-8,"width":1382,"height":744,"state":"maximized"}]
1622189844896	Marionette	DEBUG	0 -> [0,3,"WebDriver:Navigate",{"url":"http://localhost:8080/ecshop/eashop/upload/user.php"}]
1622189844901	Marionette	TRACE	[6442450945] Received DOM event beforeunload for about:blank
1622189844989	Marionette	TRACE	[6442450945] Received DOM event pagehide for about:blank
1622189845146	Marionette	TRACE	[6442450945] Received DOM event DOMContentLoaded for http://localhost:8080/ecshop/eashop/upload/user.php
1622189845168	Marionette	TRACE	[6442450945] Received DOM event pageshow for http://localhost:8080/ecshop/eashop/upload/user.php
1622189845171	Marionette	DEBUG	0 <- [1,3,null,{"value":null}]
1622189847179	Marionette	DEBUG	0 -> [0,4,"WebDriver:FindElement",{"using":"css selector","value":"[name=\"username\"]"}]
1622189847187	Marionette	DEBUG	0 <- [1,4,null,{"value":{"element-6066-11e4-a52e-4f735466cecf":"966f7fcc-e271-4b80-a593-af6bd8c9470e"}}]
1622189847195	Marionette	DEBUG	0 -> [0,5,"WebDriver:ElementSendKeys",{"id":"966f7fcc-e271-4b80-a593-af6bd8c9470e","text":"muchun","value":["m","u","c","h","u","n"]}]
1622189847238	Marionette	DEBUG	0 <- [1,5,null,{"value":null}]
1622189849251	Marionette	DEBUG	0 -> [0,6,"WebDriver:FindElement",{"using":"css selector","value":"[name=\"password\"]"}]
1622189849254	Marionette	DEBUG	0 <- [1,6,null,{"value":{"element-6066-11e4-a52e-4f735466cecf":"d1d694f8-7131-4521-830f-c0fe629b6834"}}]
1622189849256	Marionette	DEBUG	0 -> [0,7,"WebDriver:ElementSendKeys",{"id":"d1d694f8-7131-4521-830f-c0fe629b6834","text":"yue_426983","value":["y","u","e","_","4","2","6","9","8","3"]}]
1622189849268	Marionette	DEBUG	0 <- [1,7,null,{"value":null}]
1622189851284	Marionette	DEBUG	0 -> [0,8,"WebDriver:FindElement",{"using":"css selector","value":".us_Submit"}]
1622189851290	Marionette	DEBUG	0 <- [1,8,null,{"value":{"element-6066-11e4-a52e-4f735466cecf":"bc2ab38a-9967-4567-8101-d4a578aee1d3"}}]
1622189851295	Marionette	DEBUG	0 -> [0,9,"WebDriver:ElementClick",{"id":"bc2ab38a-9967-4567-8101-d4a578aee1d3"}]
1622189851322	Marionette	TRACE	[6442450945] Received DOM event beforeunload for http://localhost:8080/ecshop/eashop/upload/user.php
1622189851384	Marionette	TRACE	[6442450945] Received DOM event pagehide for http://localhost:8080/ecshop/eashop/upload/user.php
1622189851386	Marionette	TRACE	[6442450945] Received DOM event unload for http://localhost:8080/ecshop/eashop/upload/user.php
1622189851432	Marionette	TRACE	[6442450945] Received DOM event DOMContentLoaded for http://localhost:8080/ecshop/eashop/upload/user.php
1622189851443	Marionette	TRACE	[6442450945] Received DOM event pageshow for http://localhost:8080/ecshop/eashop/upload/user.php
1622189851444	Marionette	DEBUG	0 <- [1,9,null,{"value":null}]
1622189854447	Marionette	DEBUG	0 -> [0,10,"Marionette:Quit",{"flags":["eForceQuit"]}]
1622189854448	Marionette	INFO	Stopped listening on port 61823
1622189854546	Marionette	DEBUG	0 <- [1,10,null,{"cause":"shutdown"}]
[Parent 14568, Gecko_IOThread] WARNING: pipe error: 109: file z:/build/build/src/ipc/chromium/src/chrome/common/ipc_channel_win.cc, line 332
1622189854590	Marionette	DEBUG	0 -> [0,11,"Marionette:Quit",{"flags":["eForceQuit"]}]
1622189854591	Marionette	DEBUG	0 <- [1,11,{"error":"invalid session id","message":"Tried to run command without establishing a connection","stacktrace":"WebDrive ... et@chrome://marionette/content/server.js:236:8\n_onJSONObjectReady/<@chrome://marionette/content/transport.js:490:9\n"},null]
[Child 19120, Chrome_ChildThread] WARNING: pipe error: 109: file z:/build/build/src/ipc/chromium/src/chrome/common/ipc_channel_win.cc, line 332
[Parent 14568, Gecko_IOThread] WARNING: pipe error: 109: file z:/build/build/src/ipc/chromium/src/chrome/common/ipc_channel_win.cc, line 332
1622189854602	Marionette	DEBUG	Closed connection 0
[Parent 14568, Gecko_IOThread] WARNING: pipe error: 109: file z:/build/build/src/ipc/chromium/src/chrome/common/ipc_channel_win.cc, line 332
1622189854718	Marionette	TRACE	Received observer notification xpcom-will-shutdown
1622189854718	Marionette	DEBUG	Resetting recommended pref apz.content_response_timeout
1622189854719	Marionette	DEBUG	Resetting recommended pref browser.contentblocking.introCount
1622189854719	Marionette	DEBUG	Resetting recommended pref browser.download.panel.shown
1622189854719	Marionette	DEBUG	Resetting recommended pref browser.newtabpage.enabled
1622189854719	Marionette	DEBUG	Resetting recommended pref browser.pagethumbnails.capturing_disabled
1622189854719	Marionette	DEBUG	Resetting recommended pref browser.search.update
1622189854719	Marionette	DEBUG	Resetting recommended pref browser.tabs.disableBackgroundZombification
1622189854720	Marionette	DEBUG	Resetting recommended pref browser.tabs.warnOnCloseOtherTabs
1622189854720	Marionette	DEBUG	Resetting recommended pref browser.tabs.warnOnOpen
1622189854720	Marionette	DEBUG	Resetting recommended pref browser.usedOnWindows10.introURL
1622189854720	Marionette	DEBUG	Resetting recommended pref browser.urlbar.suggest.searches
1622189854720	Marionette	DEBUG	Resetting recommended pref datareporting.policy.dataSubmissionPolicyAccepted
1622189854720	Marionette	DEBUG	Resetting recommended pref dom.disable_beforeunload
1622189854720	Marionette	DEBUG	Resetting recommended pref dom.disable_open_during_load
1622189854720	Marionette	DEBUG	Resetting recommended pref dom.file.createInChild
1622189854720	Marionette	DEBUG	Resetting recommended pref dom.max_chrome_script_run_time
1622189854720	Marionette	DEBUG	Resetting recommended pref dom.max_script_run_time
1622189854720	Marionette	DEBUG	Resetting recommended pref extensions.getAddons.cache.enabled
1622189854720	Marionette	DEBUG	Resetting recommended pref extensions.webservice.discoverURL
1622189854720	Marionette	DEBUG	Resetting recommended pref network.http.prompt-temp-redirect
1622189854720	Marionette	DEBUG	Resetting recommended pref network.http.speculative-parallel-limit
1622189854720	Marionette	DEBUG	Resetting recommended pref security.fileuri.strict_origin_policy
1622189854720	Marionette	DEBUG	Resetting recommended pref security.notification_enable_delay
1622189854721	Marionette	DEBUG	Resetting recommended pref signon.autofillForms
1622189854721	Marionette	DEBUG	Resetting recommended pref signon.rememberSignons
1622189854721	Marionette	DEBUG	Resetting recommended pref toolkit.cosmeticAnimations.enabled
1622189854721	Marionette	DEBUG	Remote service is inactive

###!!! [Child][RunMessage] Error: Channel closing: too late to send/recv, messages will be lost

[GPU 1792, Chrome_ChildThread] WARNING: pipe error: 109: file z:/build/build/src/ipc/chromium/src/chrome/common/ipc_channel_win.cc, line 332

###!!! [Child][MessageChannel::SendAndWait] Error: Channel error: cannot send/recv

